"../../../Engine/Content/EngineMaterials/T_Default_Material_Grid_N.uasset" 0
"../../../Engine/Content/EngineMaterials/T_Default_Material_Grid_M.uasset" 1
"../../../Engine/Content/Functions/Engine_MaterialFunctions01/Opacity/CameraDepthFade.uasset" 2
"../../../Engine/Content/EngineMaterials/WorldGridMaterial.uasset" 3
"../../../Engine/Content/ArtTools/RenderToTexture/Meshes/S_1_Unit_Plane.uasset" 4
"../../../Engine/Content/EngineMaterials/DefaultMaterial.uasset" 5
"../../../Engine/Content/BasicShapes/Cone.uasset" 6
"../../../Engine/Content/BasicShapes/Cube.uasset" 7
"../../../Engine/Content/BasicShapes/Plane.uasset" 8
"../../../Engine/Content/BasicShapes/Sphere.uasset" 9
"../../../Engine/Content/EngineMaterials/DefaultPhysicalMaterial.uasset" 10
"../../../Engine/Content/BufferVisualization/AmbientOcclusion.uasset" 11
"../../../Engine/Content/Functions/Engine_MaterialFunctions02/Utility/AppendMany.uasset" 12
"../../../Engine/Content/BufferVisualization/Anisotropy.uasset" 13
"../../../Engine/Content/BufferVisualization/BaseColor.uasset" 14
"../../../Engine/Content/BufferVisualization/CustomDepth.uasset" 15
"../../../Engine/Content/Functions/Engine_MaterialFunctions02/Utility/VectorLength.uasset" 16
"../../../Engine/Content/BufferVisualization/CustomDepthWorldUnits.uasset" 17
"../../../Engine/Content/Functions/Engine_MaterialFunctions02/Utility/BreakOutFloat2Components.uasset" 18
"../../../Engine/Content/Functions/Engine_MaterialFunctions01/Texturing/ScaleUVsByCenter.uasset" 19
"../../../Engine/Content/EngineMaterials/MiniFont.uasset" 20
"../../../Engine/Content/Functions/Engine_MaterialFunctions02/Utility/MakeFloat3.uasset" 21
"../../../Engine/Content/Functions/Engine_MaterialFunctions02/Utility/MakeFloat2.uasset" 22
"../../../Engine/Content/Functions/Engine_MaterialFunctions02/ScreenResolution.uasset" 23
"../../../Engine/Content/Functions/Engine_MaterialFunctions02/Texturing/ScreenAlignedUVs.uasset" 24
"../../../Engine/Content/BufferVisualization/CustomStencil.uasset" 25
"../../../Engine/Content/BufferVisualization/FinalImage.uasset" 26
"../../../Engine/Content/BufferVisualization/LightingModel.uasset" 27
"../../../Engine/Content/BufferVisualization/MaterialAO.uasset" 28
"../../../Engine/Content/BufferVisualization/Metallic.uasset" 29
"../../../Engine/Content/BufferVisualization/Opacity.uasset" 30
"../../../Engine/Content/BufferVisualization/PostTonemapHDRColor.uasset" 31
"../../../Engine/Content/BufferVisualization/PreTonemapHDRColor.uasset" 32
"../../../Engine/Content/BufferVisualization/Roughness.uasset" 33
"../../../Engine/Content/BufferVisualization/SceneColor.uasset" 34
"../../../Engine/Content/BufferVisualization/SceneDepth.uasset" 35
"../../../Engine/Content/BufferVisualization/SceneDepthWorldUnits.uasset" 36
"../../../Engine/Content/BufferVisualization/SeparateTranslucencyA.uasset" 37
"../../../Engine/Content/BufferVisualization/SeparateTranslucencyRGB.uasset" 38
"../../../Engine/Content/BufferVisualization/Specular.uasset" 39
"../../../Engine/Content/BufferVisualization/SubsurfaceColor.uasset" 40
"../../../Engine/Content/BufferVisualization/Velocity.uasset" 41
"../../../Engine/Content/BufferVisualization/WorldNormal.uasset" 42
"../../../Engine/Content/BufferVisualization/WorldTangent.uasset" 43
"../../../Engine/Content/EditorLandscapeResources/DataLayer.uasset" 44
"../../../Engine/Content/EditorLandscapeResources/DefaultAlphaTexture.uasset" 45
"../../../Engine/Content/EditorLandscapeResources/LandscapeGizmoHeight_Mat.uasset" 46
"../../../Engine/Content/EditorLandscapeResources/LandscapeGizmo_Mat.uasset" 47
"../../../Engine/Content/EditorLandscapeResources/LandscapeGizmo_Mat_Copied.uasset" 48
"../../../Engine/Content/EditorLandscapeResources/SplineEditorMeshMat.uasset" 49
"../../../Engine/Content/EditorLandscapeResources/SplineEditorMesh.uasset" 50
"../../../Engine/Content/EditorMaterials/Cross.uasset" 51
"../../../Engine/Content/EditorMaterials/Cross_Mat.uasset" 52
"../../../Engine/Content/EditorResources/T_EditorHelp.uasset" 53
"../../../Engine/Content/Functions/Engine_MaterialFunctions02/ExampleContent/Textures/DebugNumberPeriod.uasset" 54
"../../../Engine/Content/Functions/Engine_MaterialFunctions02/ExampleContent/DebugNumberStrip.uasset" 55
"../../../Engine/Content/EngineMaterials/DefaultDiffuse.uasset" 56
"../../../Engine/Content/Functions/Engine_MaterialFunctions01/Texturing/TextureCropping.uasset" 57
"../../../Engine/Content/Functions/Engine_MaterialFunctions01/Texturing/ComputeMipLevel.uasset" 58
"../../../Engine/Content/Functions/Engine_MaterialFunctions02/Utility/DebugScalarValues.uasset" 59
"../../../Engine/Content/Functions/Engine_MaterialFunctions02/Utility/DebugFloat2Values.uasset" 60
"../../../Engine/Content/Functions/Engine_MaterialFunctions02/ExampleContent/Textures/flipbook.uasset" 61
"../../../Engine/Content/Functions/Engine_MaterialFunctions02/Texturing/FlipBook.uasset" 62
"../../../Engine/Content/Functions/Engine_MaterialFunctions02/Utility/Sign.uasset" 63
"../../../Engine/Content/Functions/Engine_MaterialFunctions02/Utility/Round.uasset" 64
"../../../Engine/Content/EditorMaterials/HelpActorMaterial.uasset" 65
"../../../Engine/Content/Functions/Engine_MaterialFunctions03/Procedurals/ComputeFilterWidth.uasset" 66
"../../../Engine/Content/EngineMaterials/BlendFunc_DefBlend.uasset" 67
"../../../Engine/Content/EngineMaterials/BlendFunc_DefBase.uasset" 68
"../../../Engine/Content/Functions/Engine_MaterialFunctions03/Blends/Blend_Screen.uasset" 69
"../../../Engine/Content/EditorMaterials/TilingAALineIntegral.uasset" 70
"../../../Engine/Content/EditorMaterials/TilingAALineBoxFiltered.uasset" 71
"../../../Engine/Content/EditorMaterials/TilingAAGrid.uasset" 72
"../../../Engine/Content/EditorMaterials/TilingAADots.uasset" 73
"../../../Engine/Content/EditorMaterials/CompositeARGBLayer.uasset" 74
"../../../Engine/Content/EditorMaterials/LevelGridMaterial.uasset" 75
"../../../Engine/Content/EditorResources/LevelGrid1DStripes.uasset" 76
"../../../Engine/Content/EditorMaterials/TextureGridCascaded1D.uasset" 77
"../../../Engine/Content/EditorMaterials/TextureGridCascaded2D.uasset" 78
"../../../Engine/Content/EditorMaterials/MakeCompositeARGBLayer.uasset" 79
"../../../Engine/Content/EditorMaterials/LevelGridMaterial2.uasset" 80
"../../../Engine/Content/EditorMaterials/MAT_Groups_Toggle.uasset" 81
"../../../Engine/Content/EditorMaterials/MAT_Groups_Visibility.uasset" 82
"../../../Engine/Content/EditorMaterials/PhAT_BoneSelectedMaterial.uasset" 83
"../../../Engine/Content/EditorMaterials/PhAT_ElemSelectedMaterial.uasset" 84
"../../../Engine/Content/EditorMaterials/PhAT_NoCollisionMaterial.uasset" 85
"../../../Engine/Content/EditorMaterials/PhAT_UnselectedMaterial.uasset" 86
"../../../Engine/Content/EditorMaterials/PreviewShadowIndicator.uasset" 87
"../../../Engine/Content/EditorMaterials/PreviewShadowIndicatorMaterial.uasset" 88
"../../../Engine/Content/EditorMaterials/Tick.uasset" 89
"../../../Engine/Content/EditorMaterials/Tick_Mat.uasset" 90
"../../../Engine/Content/EditorMaterials/WidgetGridVertexColorMaterial.uasset" 91
"../../../Engine/Content/EditorMaterials/WidgetGridVertexColorMaterial_Ma.uasset" 92
"../../../Engine/Content/EditorMaterials/WidgetMaterial.uasset" 93
"../../../Engine/Content/EditorMaterials/WidgetMaterial_Current.uasset" 94
"../../../Engine/Content/EditorMaterials/WidgetMaterial_X.uasset" 95
"../../../Engine/Content/EditorMaterials/WidgetMaterial_Y.uasset" 96
"../../../Engine/Content/EditorMaterials/WidgetMaterial_Z.uasset" 97
"../../../Engine/Content/EditorMaterials/WidgetVertexColorMaterial.uasset" 98
"../../../Engine/Content/EditorMaterials/AssetViewer/EpicQuadPanorama_CC+EV1.uasset" 99
"../../../Engine/Content/EditorMaterials/MatineeGroups/MAT_ColorTrack.uasset" 100
"../../../Engine/Content/EditorMaterials/MatineeGroups/MAT_Groups_Anim.uasset" 101
"../../../Engine/Content/EditorMaterials/MatineeGroups/MAT_Groups_AudioMaster.uasset" 102
"../../../Engine/Content/EditorMaterials/MatineeGroups/MAT_Groups_Director.uasset" 103
"../../../Engine/Content/EditorMaterials/MatineeGroups/MAT_Groups_Event.uasset" 104
"../../../Engine/Content/EditorMaterials/MatineeGroups/MAT_Groups_Fade.uasset" 105
"../../../Engine/Content/EditorMaterials/MatineeGroups/MAT_Groups_Float.uasset" 106
"../../../Engine/Content/EditorMaterials/MatineeGroups/MAT_Groups_Move.uasset" 107
"../../../Engine/Content/EditorMaterials/MatineeGroups/MAT_Groups_Slomo.uasset" 108
"../../../Engine/Content/EditorMaterials/MatineeGroups/MAT_Groups_Sound.uasset" 109
"../../../Engine/Content/EditorMaterials/MatineeGroups/MAT_Groups_Vector.uasset" 110
"../../../Engine/Content/EditorMaterials/ParticleSystems/PSysThumbnail_NoImage.uasset" 111
"../../../Engine/Content/EditorMaterials/ParticleSystems/PSysThumbnail_OOD.uasset" 112
"../../../Engine/Content/EngineMaterials/Grid.uasset" 113
"../../../Engine/Content/EditorMaterials/Thumbnails/FloorPlaneMaterial.uasset" 114
"../../../Engine/Content/EditorMeshes/EditorCube.uasset" 115
"../../../Engine/Content/EditorMeshes/EditorCylinder.uasset" 116
"../../../Engine/Content/EditorMeshes/EditorPlane.uasset" 117
"../../../Engine/Content/EditorMaterials/Thumbnails/SkySphereMaterial.uasset" 118
"../../../Engine/Content/EditorMeshes/EditorSkySphere.uasset" 119
"../../../Engine/Content/EditorMeshes/EditorSphere.uasset" 120
"../../../Engine/Content/EditorResources/MatineeCam_D.uasset" 121
"../../../Engine/Content/EditorMaterials/MatineeCam_mat.uasset" 122
"../../../Engine/Content/EditorMeshes/MatineeCam_SM.uasset" 123
"../../../Engine/Content/EditorMeshes/PlanarReflectionPlane.uasset" 124
"../../../Engine/Content/EngineDebugMaterials/M_SimpleOpaque.uasset" 125
"../../../Engine/Content/EditorMaterials/Camera/MI_CineMat_CamViewFinder.uasset" 126
"../../../Engine/Content/EditorMaterials/Camera/CineMat.uasset" 127
"../../../Engine/Content/EditorMaterials/Camera/MI_CineMat_CameraBody.uasset" 128
"../../../Engine/Content/EditorMeshes/Camera/SM_CineCam.uasset" 129
"../../../Engine/Content/EditorMaterials/Camera/MI_CineMat_Rig.uasset" 130
"../../../Engine/Content/EditorMeshes/Camera/SM_CraneRig_Arm.uasset" 131
"../../../Engine/Content/EditorMeshes/Camera/SM_CraneRig_Base.uasset" 132
"../../../Engine/Content/EditorMeshes/Camera/SM_CraneRig_Body.uasset" 133
"../../../Engine/Content/EditorMeshes/Camera/SM_CraneRig_Mount.uasset" 134
"../../../Engine/Content/EditorMeshes/Camera/SM_RailRig_Mount.uasset" 135
"../../../Engine/Content/EditorMeshes/Camera/SM_RailRig_Track.uasset" 136
"../../../Engine/Content/EditorMeshes/ColorCalibrator/M_ChromeBall.uasset" 137
"../../../Engine/Content/EditorResources/Bad.uasset" 138
"../../../Engine/Content/EditorResources/BSPVertex.uasset" 139
"../../../Engine/Content/EditorResources/EmptyActor.uasset" 140
"../../../Engine/Content/EditorResources/MatInstActSprite.uasset" 141
"../../../Engine/Content/EditorResources/SceneManager.uasset" 142
"../../../Engine/Content/EditorResources/SmallFont.uasset" 143
"../../../Engine/Content/EditorResources/S_Actor.uasset" 144
"../../../Engine/Content/EditorResources/S_CameraShakeSource.uasset" 145
"../../../Engine/Content/EditorResources/S_DecalActorIcon.uasset" 146
"../../../Engine/Content/EditorResources/S_Emitter.uasset" 147
"../../../Engine/Content/EditorResources/S_ExpoHeightFog.uasset" 148
"../../../Engine/Content/EditorResources/S_FTest.uasset" 149
"../../../Engine/Content/EditorResources/S_KBSJoint.uasset" 150
"../../../Engine/Content/EditorResources/S_KHinge.uasset" 151
"../../../Engine/Content/EditorResources/S_KPrismatic.uasset" 152
"../../../Engine/Content/EditorResources/S_LevelSequence.uasset" 153
"../../../Engine/Content/EditorResources/S_NavP.uasset" 154
"../../../Engine/Content/EditorResources/S_Note.uasset" 155
"../../../Engine/Content/EditorResources/S_Player.uasset" 156
"../../../Engine/Content/EditorResources/S_PortalActorIcon2.uasset" 157
"../../../Engine/Content/EditorResources/S_RadForce.uasset" 158
"../../../Engine/Content/EditorResources/S_ReflActorIcon.uasset" 159
"../../../Engine/Content/EditorResources/S_SkyAtmosphere.uasset" 160
"../../../Engine/Content/EditorResources/S_Solver.uasset" 161
"../../../Engine/Content/EditorResources/S_Terrain.uasset" 162
"../../../Engine/Content/EditorResources/S_TextRenderActorIcon.uasset" 163
"../../../Engine/Content/EditorResources/S_Thruster.uasset" 164
"../../../Engine/Content/EditorResources/S_Trigger.uasset" 165
"../../../Engine/Content/EditorResources/S_VectorFieldVol.uasset" 166
"../../../Engine/Content/EditorResources/S_VolumetricCloud.uasset" 167
"../../../Engine/Content/EditorResources/S_WindDirectional.uasset" 168
"../../../Engine/Content/EditorResources/AI/S_NavLink.uasset" 169
"../../../Engine/Content/EditorResources/AudioIcons/S_AudioComponent.uasset" 170
"../../../Engine/Content/EditorResources/AudioIcons/S_AudioComponent_AutoActivate.uasset" 171
"../../../Engine/Content/EditorResources/LightIcons/SkyLight.uasset" 172
"../../../Engine/Content/EditorResources/LightIcons/S_LightDirectional.uasset" 173
"../../../Engine/Content/EditorResources/LightIcons/S_LightDirectionalMove.uasset" 174
"../../../Engine/Content/EditorResources/LightIcons/S_LightError.uasset" 175
"../../../Engine/Content/EditorResources/LightIcons/S_LightPoint.uasset" 176
"../../../Engine/Content/EditorResources/LightIcons/S_LightPointMove.uasset" 177
"../../../Engine/Content/EditorResources/LightIcons/S_LightSpot.uasset" 178
"../../../Engine/Content/EditorResources/LightIcons/S_LightSpotMove.uasset" 179
"../../../Engine/Content/EditorResources/SequenceRecorder/Countdown.uasset" 180
"../../../Engine/Content/EditorResources/SequenceRecorder/RecordingIndicator.uasset" 181
"../../../Engine/Content/EditorResources/Spline/T_Loft_Spline.uasset" 182
"../../../Engine/Content/EditorSounds/Notifications/CompileFailed.uasset" 183
"../../../Engine/Content/EditorSounds/Notifications/CompileFailed_Cue.uasset" 184
"../../../Engine/Content/EditorSounds/Notifications/CompileSuccess.uasset" 185
"../../../Engine/Content/EditorSounds/Notifications/CompileStart_Cue.uasset" 186
"../../../Engine/Content/EditorSounds/Notifications/CompileSuccess_Cue.uasset" 187
"../../../Engine/Content/EngineDamageTypes/DmgTypeBP_Environmental.uasset" 188
"../../../Engine/Content/EngineDebugMaterials/HeatmapGradient.uasset" 189
"../../../Engine/Content/EngineDebugMaterials/BoneWeightMaterial.uasset" 190
"../../../Engine/Content/EngineDebugMaterials/ClothMaterial.uasset" 191
"../../../Engine/Content/EngineDebugMaterials/ClothMaterial_WF.uasset" 192
"../../../Engine/Content/EngineDebugMaterials/DebugEditorMaterial.uasset" 193
"../../../Engine/Content/EngineDebugMaterials/DebugMeshMaterial.uasset" 194
"../../../Engine/Content/EngineDebugMaterials/GeomMaterial.uasset" 195
"../../../Engine/Content/Functions/Engine_MaterialFunctions01/Shading/ConvertFromDiffSpec.uasset" 196
"../../../Engine/Content/EngineDebugMaterials/LevelColorationLitMaterial.uasset" 197
"../../../Engine/Content/EngineDebugMaterials/LevelColorationUnlitMaterial.uasset" 198
"../../../Engine/Content/EngineMaterials/DefaultWhiteGrid.uasset" 199
"../../../Engine/Content/EngineDebugMaterials/MAT_LevelColorationLitLightmapUV.uasset" 200
"../../../Engine/Content/EngineDebugMaterials/M_SimpleUnlitTranslucent.uasset" 201
"../../../Engine/Content/EngineDebugMaterials/VolumeToRender.uasset" 202
"../../../Engine/Content/Functions/Engine_MaterialFunctions02/Utility/CameraDirectionVector.uasset" 203
"../../../Engine/Content/EngineDebugMaterials/M_VolumeRenderSphereTracePP.uasset" 204
"../../../Engine/Content/EngineMaterials/DefaultWhiteGrid_Low.uasset" 205
"../../../Engine/Content/EngineDebugMaterials/PhysicalMaterialMaskMaterial.uasset" 206
"../../../Engine/Content/EngineDebugMaterials/ShadedLevelColorationLitMaterial.uasset" 207
"../../../Engine/Content/EngineDebugMaterials/ShadedLevelColorationUnlitMateri.uasset" 208
"../../../Engine/Content/EngineDebugMaterials/VertexColorMaterial.uasset" 209
"../../../Engine/Content/EngineDebugMaterials/VertexColorViewMode_AlphaAsColor.uasset" 210
"../../../Engine/Content/EngineDebugMaterials/VertexColorViewMode_BlueOnly.uasset" 211
"../../../Engine/Content/EngineDebugMaterials/VertexColorViewMode_ColorOnly.uasset" 212
"../../../Engine/Content/EngineDebugMaterials/VertexColorViewMode_GreenOnly.uasset" 213
"../../../Engine/Content/EngineDebugMaterials/VertexColorViewMode_RedOnly.uasset" 214
"../../../Engine/Content/EngineDebugMaterials/WireframeMaterial.uasset" 215
"../../../Engine/Content/EngineFonts/Faces/RobotoTiny.uasset" 216
"../../../Engine/Content/EngineFonts/Faces/DroidSansFallback.uasset" 217
"../../../Engine/Content/EngineFonts/RobotoTiny.uasset" 218
"../../../Engine/Content/EngineFonts/SmallFont.uasset" 219
"../../../Engine/Content/EngineFonts/TinyFont.uasset" 220
"../../../Engine/Content/EngineMaterials/BaseFlattenNormalMap.uasset" 221
"../../../Engine/Content/EngineMaterials/BaseFlattenGrayscaleMap.uasset" 222
"../../../Engine/Content/EngineMaterials/BaseFlattenEmissiveMap.uasset" 223
"../../../Engine/Content/EngineMaterials/BaseFlattenDiffuseMap.uasset" 224
"../../../Engine/Content/EngineMaterials/BaseFlattenMaterial.uasset" 225
"../../../Engine/Content/EngineResources/WhiteSquareTexture.uasset" 226
"../../../Engine/Content/EngineMaterials/BlinkingCaret.uasset" 227
"../../../Engine/Content/EngineMaterials/BlueNoise.uasset" 228
"../../../Engine/Content/EngineMaterials/DefaultBloomKernel.uasset" 229
"../../../Engine/Content/EngineMaterials/DefaultBokeh.uasset" 230
"../../../Engine/Content/EngineMaterials/DefaultDeferredDecalMaterial.uasset" 231
"../../../Engine/Content/EngineMaterials/DefaultLightFunctionMaterial.uasset" 232
"../../../Engine/Content/EngineMaterials/DefaultNormal.uasset" 233
"../../../Engine/Content/EngineMaterials/DefaultPostProcessMaterial.uasset" 234
"../../../Engine/Content/EngineFonts/RobotoDistanceField.uasset" 235
"../../../Engine/Content/EngineMaterials/DefaultTextMaterialOpaque.uasset" 236
"../../../Engine/Content/EngineMaterials/EditorBrushMaterial.uasset" 237
"../../../Engine/Content/EngineMaterials/EmissiveMeshMaterial.uasset" 238
"../../../Engine/Content/EngineMaterials/GizmoMaterial.uasset" 239
"../../../Engine/Content/EngineMaterials/Good64x64TilingNoiseHighFreq.uasset" 240
"../../../Engine/Content/EngineMaterials/Grid_N.uasset" 241
"../../../Engine/Content/EngineMaterials/HighResolutionScreenshotMaskFunction.uasset" 242
"../../../Engine/Content/EngineMaterials/HighResScreenshot.uasset" 243
"../../../Engine/Content/EngineMaterials/HighResScreenshotCaptureRegion.uasset" 244
"../../../Engine/Content/EngineMaterials/HighResScreenshotMask.uasset" 245
"../../../Engine/Content/EngineMaterials/LandscapeHolePhysicalMaterial.uasset" 246
"../../../Engine/Content/EngineMaterials/InvalidLightmapSettings.uasset" 247
"../../../Engine/Content/EngineMaterials/M_InvalidLightmapSettings.uasset" 248
"../../../Engine/Content/EngineMaterials/PaperDiffuse.uasset" 249
"../../../Engine/Content/EngineMaterials/PaperNormal.uasset" 250
"../../../Engine/Content/Functions/Engine_MaterialFunctions02/WorldPositionOffset/CameraOffset.uasset" 251
"../../../Engine/Content/EngineMaterials/PhAT_JointLimitMaterial.uasset" 252
"../../../Engine/Content/EngineMaterials/PhysMat_Rubber.uasset" 253
"../../../Engine/Content/EngineMaterials/PreintegratedSkinBRDF.uasset" 254
"../../../Engine/Content/EngineMaterials/RemoveSurfaceMaterial.uasset" 255
"../../../Engine/Content/EngineMaterials/WeightMapPlaceholderTexture.uasset" 256
"../../../Engine/Content/Functions/Engine_MaterialFunctions01/ImageAdjustment/sRGBToLinear.uasset" 257
"../../../Engine/Content/Functions/Engine_MaterialFunctions02/Utility/BreakOutFloat3Components.uasset" 258
"../../../Engine/Content/EngineMaterials/Widget3DCameraPassThrough_Opaque_OneSided.uasset" 259
"../../../Engine/Content/EngineMaterials/Widget3DPassThrough.uasset" 260
"../../../Engine/Content/EngineMaterials/Widget3DPassThrough_Masked.uasset" 261
"../../../Engine/Content/EngineMaterials/Widget3DPassThrough_Opaque.uasset" 262
"../../../Engine/Content/EngineMaterials/Widget3DPassThrough_Masked_OneSided.uasset" 263
"../../../Engine/Content/EngineMaterials/Widget3DPassThrough_Opaque_OneSided.uasset" 264
"../../../Engine/Content/EngineMaterials/Widget3DPassThrough_Translucent.uasset" 265
"../../../Engine/Content/EngineMaterials/Widget3DPassThrough_Translucent_OneSided.uasset" 266
"../../../Engine/Content/EngineMeshes/Cylinder.uasset" 267
"../../../Engine/Content/EngineMeshes/Sphere.uasset" 268
"../../../Engine/Content/EngineResources/Black.uasset" 269
"../../../Engine/Content/EngineResources/DefaultTextureCube.uasset" 270
"../../../Engine/Content/EngineResources/DefaultVolumeTexture2D.uasset" 271
"../../../Engine/Content/EngineResources/DefaultVolumeTexture.uasset" 272
"../../../Engine/Content/EngineResources/GradientTexture0.uasset" 273
"../../../Engine/Content/EngineResources/StreamingPauseIcon.uasset" 274
"../../../Engine/Content/EngineResources/M_StreamingPause.uasset" 275
"../../../Engine/Content/EngineSky/VolumetricClouds/T_NoiseShape64.uasset" 276
"../../../Engine/Content/EngineSky/VolumetricClouds/T_VolumeNoiseShape64.uasset" 277
"../../../Engine/Content/EngineSky/VolumetricClouds/T_NoiseErosion.uasset" 278
"../../../Engine/Content/EngineSky/VolumetricClouds/T_VolumeNoiseErosion32.uasset" 279
"../../../Engine/Content/EngineSky/VolumetricClouds/CloudWeatherTexture.uasset" 280
"../../../Engine/Content/EngineSky/VolumetricClouds/CloudGradientTexture.uasset" 281
"../../../Engine/Content/EngineSky/VolumetricClouds/m_SimpleVolumetricCloud.uasset" 282
"../../../Engine/Content/EngineSky/VolumetricClouds/m_SimpleVolumetricCloud_Inst.uasset" 283
"../../../Engine/Content/EngineSounds/Master.uasset" 284
"../../../Engine/Content/Functions/Engine_MaterialFunctions01/Shading/PowerToRoughness.uasset" 285
"../../../Engine/Content/Maps/Templates/Thumbnails/Default.uasset" 286
"../../../Engine/Content/Maps/Templates/Thumbnails/TimeOfDay.uasset" 287
"../../../Engine/Content/Maps/Templates/Thumbnails/VR-Basic.uasset" 288
"../../../Engine/Content/MapTemplates/Sky/DaylightAmbientCubemap.uasset" 289
"../../../Engine/Content/MobileResources/T_MobileControls_texture.uasset" 290
"../../../Engine/Content/MobileResources/T_MobileMenu2.uasset" 291
"../../../Engine/Content/MobileResources/HUD/AnalogHat.uasset" 292
"../../../Engine/Content/MobileResources/HUD/VirtualJoystick_Thumb.uasset" 293
"../../../Engine/Content/MobileResources/HUD/VirtualJoystick_Background.uasset" 294
"../../../Engine/Content/MobileResources/HUD/DefaultVirtualJoysticks.uasset" 295
"../../../Engine/Content/MobileResources/HUD/MobileHUDButton1_off.uasset" 296
"../../../Engine/Content/MobileResources/HUD/MobileHUDButton1_on.uasset" 297
"../../../Engine/Content/MobileResources/HUD/MobileHUDButton2_off.uasset" 298
"../../../Engine/Content/MobileResources/HUD/MobileHUDButton2_on.uasset" 299
"../../../Engine/Content/MobileResources/HUD/MobileHUDButton3.uasset" 300
"../../../Engine/Content/MobileResources/HUD/MobileHUDButtonFire.uasset" 301
"../../../Engine/Content/MobileResources/HUD/MobileHUDDirectionPad.uasset" 302
"../../../Engine/Content/MobileResources/HUD/MobileHUDDirectionPad2.uasset" 303
"../../../Engine/Content/MobileResources/HUD/MobileHUDDirectionPad3.uasset" 304
"../../../Engine/Content/MobileResources/HUD/MobileHUDDirectionStick.uasset" 305
"../../../Engine/Content/MobileResources/HUD/T_Castle_ThumbstickInner.uasset" 306
"../../../Engine/Content/MobileResources/HUD/T_Castle_ThumbstickOutter.uasset" 307
"../../../Engine/Content/Tutorial/ContentIntroCurve.uasset" 308
"../../../Engine/Content/Tutorial/Basics/LevelEditorAttract.uasset" 309
"../../../Engine/Content/Tutorial/Basics/TutorialAssets/icon_tab_Levels_40x.uasset" 310
"../../../Engine/Content/Tutorial/Basics/LevelEditorOverview.uasset" 311
"../../../Engine/Content/VREditor/BasicMeshes/T_CleanFloorGrunge_01_D.uasset" 312
"../../../Engine/Content/VREditor/BasicMeshes/M_Floor_01.uasset" 313
"../../../Engine/Content/VREditor/BasicMeshes/SM_Room_Mobile.uasset" 314
"../../../Engine/Content/VREditor/TransformGizmo/TranslucentTransformGizmoMaterial.uasset" 315
"../../../Engine/Content/VREditor/LaserPointer/VR_LaserPower_01.uasset" 316
"../../../Engine/Content/VREditor/TransformGizmo/TransformGizmoMaterial.uasset" 317
"../../../Engine/Content/VREditor/TransformGizmo/BoundingBoxCorner.uasset" 318
"../../../Engine/Content/VREditor/TransformGizmo/BoundingBoxEdge.uasset" 319
"../../../Engine/Content/VREditor/TransformGizmo/PlaneTranslationHandle.uasset" 320
"../../../Engine/Content/VREditor/TransformGizmo/Xray.uasset" 321
"../../../Engine/Content/VREditor/TransformGizmo/Main.uasset" 322
"../../../Engine/Content/VREditor/TransformGizmo/SM_Sequencer_Key.uasset" 323
"../../../Engine/Content/VREditor/TransformGizmo/SM_Sequencer_Node.uasset" 324
"../../../../UnrealEngine/Projects/WorldAtWar_Phone/Content/Audio/Ambient/Training/S_TrainAmbient_02.uasset" 325
"../../../../UnrealEngine/Projects/WorldAtWar_Phone/Content/Audio/Ambient/Training/S_TrainAmbient_01.uasset" 326
"../../../../UnrealEngine/Projects/WorldAtWar_Phone/Content/Audio/Settings/SC_Ambient.uasset" 327
"../../../../UnrealEngine/Projects/WorldAtWar_Phone/Content/Audio/Ambient/Training/S_TrainAmbient.uasset" 328
"../../../../UnrealEngine/Projects/WorldAtWar_Phone/Content/BlueprintClasses/Player/BPI_PlayerState.uasset" 329
"../../../../UnrealEngine/Projects/WorldAtWar_Phone/Content/BlueprintClasses/BPI_GameInstance.uasset" 330
"../../../../UnrealEngine/Projects/WorldAtWar_Phone/Content/BlueprintClasses/BP_NaziZombieGameInstanceBase.uasset" 331
"../../../Engine/Content/EditorBlueprintResources/StandardMacros.uasset" 332
"../../../Engine/Content/EditorBlueprintResources/ActorMacros.uasset" 333
"../../../../UnrealEngine/Projects/WorldAtWar_Phone/Content/BlueprintClasses/Player/BP_NaziZombiePlayerState.uasset" 334
"../../../../UnrealEngine/Projects/WorldAtWar_Phone/Content/Weapons/Knife/Default/Textures/Silver/Knife_M_DecorSilver_OcclusionRoughnessMetallic.uasset" 335
"../../../../UnrealEngine/Projects/WorldAtWar_Phone/Content/Weapons/Knife/Default/Textures/Silver/Knife_M_DecorSilver_Normal.uasset" 336
"../../../../UnrealEngine/Projects/WorldAtWar_Phone/Content/Weapons/Knife/Default/Textures/Silver/Knife_M_DecorSilver_BaseColor.uasset" 337
"../../../../UnrealEngine/Projects/WorldAtWar_Phone/Content/Weapons/Knife/Default/Textures/Knife_M_Base_OcclusionRoughnessMetallic.uasset" 338
"../../../../UnrealEngine/Projects/WorldAtWar_Phone/Content/Weapons/Knife/Default/Textures/Knife_M_Base_Normal.uasset" 339
"../../../../UnrealEngine/Projects/WorldAtWar_Phone/Content/Weapons/Knife/Default/Textures/Knife_M_Base_BaseColor.uasset" 340
"../../../../UnrealEngine/Projects/WorldAtWar_Phone/Content/Weapons/Knife/Default/Textures/M_MasterKnife.uasset" 341
"../../../../UnrealEngine/Projects/WorldAtWar_Phone/Content/Weapons/Knife/Default/MI_KnifeDecor_Silver.uasset" 342
"../../../../UnrealEngine/Projects/WorldAtWar_Phone/Content/Weapons/Knife/Default/MI_KnifeBase.uasset" 343
"../../../../UnrealEngine/Projects/WorldAtWar_Phone/Content/Weapons/Knife/Default/Knife.uasset" 344
"../../../../UnrealEngine/Projects/WorldAtWar_Phone/Content/Textures/Game/Ranks/T_Rank_10.uasset" 345
"../../../../UnrealEngine/Projects/WorldAtWar_Phone/Content/Textures/Game/Ranks/T_Rank_09.uasset" 346
"../../../../UnrealEngine/Projects/WorldAtWar_Phone/Content/Textures/Game/Ranks/T_Rank_08.uasset" 347
"../../../../UnrealEngine/Projects/WorldAtWar_Phone/Content/Textures/Game/Ranks/T_Rank_07.uasset" 348
"../../../../UnrealEngine/Projects/WorldAtWar_Phone/Content/Textures/Game/Ranks/T_Rank_06.uasset" 349
"../../../../UnrealEngine/Projects/WorldAtWar_Phone/Content/Textures/Game/Ranks/T_Rank_05.uasset" 350
"../../../../UnrealEngine/Projects/WorldAtWar_Phone/Content/Textures/Game/Ranks/T_Rank_04.uasset" 351
"../../../../UnrealEngine/Projects/WorldAtWar_Phone/Content/Textures/Game/Ranks/T_Rank_03.uasset" 352
"../../../../UnrealEngine/Projects/WorldAtWar_Phone/Content/Textures/Game/Ranks/T_Rank_02.uasset" 353
"../../../../UnrealEngine/Projects/WorldAtWar_Phone/Content/Textures/Game/Ranks/T_Rank_01.uasset" 354
"../../../../UnrealEngine/Projects/WorldAtWar_Phone/Content/UI/Game/GameOver/W_LaderRecord.uasset" 355
"../../../../UnrealEngine/Projects/WorldAtWar_Phone/Content/Audio/Settings/SC_Interface.uasset" 356
"../../../../UnrealEngine/Projects/WorldAtWar_Phone/Content/Audio/Interface/S_Button_Go.uasset" 357
"../../../../UnrealEngine/Projects/WorldAtWar_Phone/Content/UI/Game/GameOver/W_Ladder.uasset" 358
"../../../../UnrealEngine/Projects/WorldAtWar_Phone/Content/UI/Game/GameOver/W_BattleStats.uasset" 359
"../../../../UnrealEngine/Projects/WorldAtWar_Phone/Content/UI/Game/GameOver/W_GameOver.uasset" 360
"../../../../UnrealEngine/Projects/WorldAtWar_Phone/Content/Data/Gameplay/E_NameCodes.uasset" 361
"../../../../UnrealEngine/Projects/WorldAtWar_Phone/Content/Data/Gameplay/E_Actions.uasset" 362
"../../../../UnrealEngine/Projects/WorldAtWar_Phone/Content/BlueprintClasses/Player/BPI_PlayerCharacter.uasset" 363
"../../../Engine/Content/EngineFonts/Faces/RobotoRegular.uasset" 364
"../../../Engine/Content/EngineFonts/Faces/RobotoLight.uasset" 365
"../../../Engine/Content/EngineFonts/Faces/RobotoItalic.uasset" 366
"../../../Engine/Content/EngineFonts/Faces/RobotoBoldItalic.uasset" 367
"../../../Engine/Content/EngineFonts/Faces/RobotoBold.uasset" 368
"../../../Engine/Content/EngineFonts/Roboto.uasset" 369
"../../../../UnrealEngine/Projects/WorldAtWar_Phone/Content/UI/Game/GameOver/W_AddRecordToLadder.uasset" 370
"../../../../UnrealEngine/Projects/WorldAtWar_Phone/Content/Data/MPC_SkinColor.uasset" 371
"../../../../UnrealEngine/Projects/WorldAtWar_Phone/Content/Weapons/M1Carbine/Meshes/M1_Carbine_PhysicsAsset.uasset" 372
"../../../../UnrealEngine/Projects/WorldAtWar_Phone/Content/Weapons/M1Carbine/Textures/M1Carbine_SPEC.uasset" 373
"../../../../UnrealEngine/Projects/WorldAtWar_Phone/Content/Weapons/M1Carbine/Textures/M1Carbine_NRM.uasset" 374
"../../../../UnrealEngine/Projects/WorldAtWar_Phone/Content/Weapons/M1Carbine/Textures/M1Carbine_G.uasset" 375
"../../../../UnrealEngine/Projects/WorldAtWar_Phone/Content/Weapons/M1Carbine/Textures/M1Carbine_C.uasset" 376
"../../../../UnrealEngine/Projects/WorldAtWar_Phone/Content/Weapons/M1Carbine/Textures/M_M1Carbine.uasset" 377
"../../../../UnrealEngine/Projects/WorldAtWar_Phone/Content/Weapons/M1Carbine/Meshes/M1_Carbine_Skeleton.uasset" 378
"../../../../UnrealEngine/Projects/WorldAtWar_Phone/Content/Weapons/M1Carbine/Meshes/M1_Carbine.uasset" 379
"../../../../UnrealEngine/Projects/WorldAtWar_Phone/Content/Audio/Settings/SA_WeaponManipulator.uasset" 380
"../../../../UnrealEngine/Projects/WorldAtWar_Phone/Content/Audio/Settings/SC_Effects.uasset" 381
"../../../../UnrealEngine/Projects/WorldAtWar_Phone/Content/Audio/WeaponSounds/Reload/Rifle/S_mag_out.uasset" 382
"../../../../UnrealEngine/Projects/WorldAtWar_Phone/Content/Audio/WeaponSounds/Reload/Rifle/S_mag_in.uasset" 383
"../../../../UnrealEngine/Projects/WorldAtWar_Phone/Content/Audio/WeaponSounds/Reload/Rifle/S_bolt_rear.uasset" 384
"../../../../UnrealEngine/Projects/WorldAtWar_Phone/Content/Audio/WeaponSounds/Reload/Rifle/S_bolt_home.uasset" 385
"../../../Engine/Content/Animation/DefaultAnimCurveCompressionSettings.uasset" 386
"../../../Engine/Content/Animation/DefaultAnimBoneCompressionSettings.uasset" 387
"../../../../UnrealEngine/Projects/WorldAtWar_Phone/Content/Weapons/M1Carbine/Animations/M1Carbine_Reload.uasset" 388
"../../../../UnrealEngine/Projects/WorldAtWar_Phone/Content/Weapons/WeaponEffects/BulletCases/30Carbine/30Carbine_orm.uasset" 389
"../../../../UnrealEngine/Projects/WorldAtWar_Phone/Content/Weapons/WeaponEffects/BulletCases/30Carbine/30Carbine_base.uasset" 390
"../../../../UnrealEngine/Projects/WorldAtWar_Phone/Content/Weapons/WeaponEffects/BulletCases/30Carbine/30Carbine_nor.uasset" 391
"../../../Engine/Content/EngineResources/DefaultTexture.uasset" 392
"../../../../UnrealEngine/Projects/WorldAtWar_Phone/Content/Weapons/WeaponEffects/BulletCases/M_EmptyCaseMaster.uasset" 393
"../../../../UnrealEngine/Projects/WorldAtWar_Phone/Content/Weapons/WeaponEffects/BulletCases/30Carbine/MI_EmptyCase_30Carbine.uasset" 394
"../../../../UnrealEngine/Projects/WorldAtWar_Phone/Content/Weapons/WeaponEffects/BulletCases/30Carbine/30CarbineEmptyCase_Carbine.uasset" 395
"../../Plugins/FX/Niagara/Content/Functions/System/SystemChangeState.uasset" 396
"../../Plugins/FX/Niagara/Content/Enums/ENiagaraSystemInactiveMode.uasset" 397
"../../Plugins/FX/Niagara/Content/Enums/ENiagara_EmitterStateOptions.uasset" 398
"../../Plugins/FX/Niagara/Content/Modules/System/SystemState.uasset" 399
"../../Plugins/FX/Niagara/Content/Enums/ENiagaraRestitutionMergeType.uasset" 400
"../../Plugins/FX/Niagara/Content/Enums/ENiagaraRandomnessMode.uasset" 401
"../../Plugins/FX/Niagara/Content/Enums/ENiagaraInactiveMode.uasset" 402
"../../Plugins/FX/Niagara/Content/Enums/ENiagaraFrictionMergeType.uasset" 403
"../../Plugins/FX/Niagara/Content/Enums/ENiagaraEmitterScalabilityMode_Limited.uasset" 404
"../../Plugins/FX/Niagara/Content/Enums/ENiagaraEmitterLifeCycleMode.uasset" 405
"../../Plugins/FX/Niagara/Content/Enums/ENiagaraCoordinateSpace.uasset" 406
"../../Plugins/FX/Niagara/Content/Enums/ENiagaraCollisionRadiusOptions.uasset" 407
"../../Plugins/FX/Niagara/Content/Enums/ENiagaraChannelCorrelation.uasset" 408
"../../Plugins/FX/Niagara/Content/Enums/ENiagara_UVFlippingMode.uasset" 409
"../../Plugins/FX/Niagara/Content/Enums/ENiagara_SpriteRotationMode.uasset" 410
"../../Plugins/FX/Niagara/Content/Enums/ENiagara_SizeScaleMode.uasset" 411
"../../Plugins/FX/Niagara/Content/Enums/ENiagara_PositionInitializationMode.uasset" 412
"../../Plugins/FX/Niagara/Content/Enums/ENiagara_MassInitializationMode.uasset" 413
"../../Plugins/FX/Niagara/Content/Enums/ENiagara_LifetimeMode.uasset" 414
"../../Plugins/FX/Niagara/Content/Enums/ENiagara_InfiniteLoopDuration.uasset" 415
"../../Plugins/FX/Niagara/Content/Enums/ENiagara_GPUCollisionType.uasset" 416
"../../Plugins/FX/Niagara/Content/Enums/ENiagara_CPUCollisionType.uasset" 417
"../../Plugins/FX/Niagara/Content/Enums/ENiagara_ColorInitializationMode.uasset" 418
"../../../../UnrealEngine/Projects/WorldAtWar_Phone/Content/Weapons/WeaponEffects/BulletCases/8mm/8mm_orm.uasset" 419
"../../../../UnrealEngine/Projects/WorldAtWar_Phone/Content/Weapons/WeaponEffects/BulletCases/8mm/8mm_nor.uasset" 420
"../../../../UnrealEngine/Projects/WorldAtWar_Phone/Content/Weapons/WeaponEffects/BulletCases/8mm/8mm_base.uasset" 421
"../../../../UnrealEngine/Projects/WorldAtWar_Phone/Content/Weapons/WeaponEffects/BulletCases/8mm/MI_EmptyCase_8mm.uasset" 422
"../../../../UnrealEngine/Projects/WorldAtWar_Phone/Content/Weapons/WeaponEffects/BulletCases/8mm/8mmEmptyCase.uasset" 423
"../../Plugins/FX/Niagara/Content/Modules/Update/Lifetime/ParticleState.uasset" 424
"../../Plugins/FX/Niagara/Content/Functions/Localspace/TransformBase.uasset" 425
"../../Plugins/FX/Niagara/Content/Functions/Localspace/TransformVector.uasset" 426
"../../Plugins/FX/Niagara/Content/Modules/Update/Forces/GravityForce.uasset" 427
"../../Plugins/FX/Niagara/Content/Modules/Spawn/Velocity/AddVelocity.uasset" 428
"../../Plugins/FX/Niagara/Content/Enums/ENiagaraRandomnessEvaluation.uasset" 429
"../../Plugins/FX/Niagara/Content/Functions/V2/CalculateRandomRange.uasset" 430
"../../Plugins/FX/Niagara/Content/Functions/V2/CalculateRandomRangeFloat.uasset" 431
"../../Plugins/FX/Niagara/Content/Functions/V2/CalculateRandomRangeInteger.uasset" 432
"../../Plugins/FX/Niagara/Content/Functions/V2/CalculateRandomBool.uasset" 433
"../../Plugins/FX/Niagara/Content/Functions/Localspace/SimulationPosition.uasset" 434
"../../Plugins/FX/Niagara/Content/Functions/LinearColor/HueShiftLinearColor.uasset" 435
"../../Plugins/FX/Niagara/Content/Modules/Spawn/Initialization/V2/InitializeParticle.uasset" 436
"../../Plugins/FX/Niagara/Content/Functions/DirectionAndLengthSafe.uasset" 437
"../../Plugins/FX/Niagara/Content/Modules/Solvers/SolveForcesAndVelocity.uasset" 438
"../../Plugins/FX/Niagara/Content/Modules/Solvers/ApplyInitialForces.uasset" 439
"../../Plugins/FX/Niagara/Content/Enums/ENiagaraCalculateRadiusOptions.uasset" 440
"../../Plugins/FX/Niagara/Content/Modules/Emitter/SpawnBurst_Instantaneous.uasset" 441
"../../Plugins/FX/Niagara/Content/Enums/ENiagaraExecutionStateManagement.uasset" 442
"../../Plugins/FX/Niagara/Content/Functions/Emitter/EmitterChangeState.uasset" 443
"../../Plugins/FX/Niagara/Content/Modules/Emitter/EmitterState.uasset" 444
"../../Plugins/FX/Niagara/Content/Modules/Collision/SceneDepthTest.uasset" 445
"../../Plugins/FX/Niagara/Content/Modules/Collision/NiagaraDistanceFieldCollisions.uasset" 446
"../../Plugins/FX/Niagara/Content/Functions/Rotation/MultiplyVectorWithQuaternion.uasset" 447
"../../Plugins/FX/Niagara/Content/Functions/Rotation/FindQuatBetween.uasset" 448
"../../Plugins/FX/Niagara/Content/Functions/GetRandomInfo.uasset" 449
"../../Plugins/FX/Niagara/Content/Functions/RandomRangeFloat.uasset" 450
"../../Plugins/FX/Niagara/Content/Functions/Collision/RandomizeCollisionNormals.uasset" 451
"../../Plugins/FX/Niagara/Content/Functions/Collision/PlaneSphereCollisionDetection.uasset" 452
"../../Plugins/FX/Niagara/Content/Functions/ReflectVector.uasset" 453
"../../Plugins/FX/Niagara/Content/Functions/ProjectVectorOnPlane.uasset" 454
"../../Plugins/FX/Niagara/Content/Functions/Math/CentimeterMeterConversion.uasset" 455
"../../Plugins/FX/Niagara/Content/Modules/Collision/CollisionQueryAndResponse.uasset" 456
"../../Plugins/FX/Niagara/Content/Functions/Helpers/DoOnce_fn.uasset" 457
"../../Plugins/FX/Niagara/Content/Functions/Rotation/AxisAngleToQuaternion.uasset" 458
"../../Plugins/FX/Niagara/Content/Functions/Rotation/MultiplyQuaternion.uasset" 459
"../../Plugins/FX/Niagara/Content/Functions/CalculateRadiusFromSpriteSize.uasset" 460
"../../Plugins/FX/Niagara/Content/Functions/CalculateMeshRadius.uasset" 461
"../../Plugins/FX/Niagara/Content/Functions/Localspace/TransformPosition.uasset" 462
"../../Plugins/FX/Niagara/Content/Modules/Collision/Collision.uasset" 463
"../../../../UnrealEngine/Projects/WorldAtWar_Phone/Content/Weapons/WeaponEffects/BulletCases/NE_CaseEject.uasset" 464
"../../../../UnrealEngine/Projects/WorldAtWar_Phone/Content/Weapons/WeaponEffects/BulletCases/30Carbine/NS_CaseEject_30Carbine.uasset" 465
"../../../../UnrealEngine/Projects/WorldAtWar_Phone/Content/Audio/Settings/SA_FireSound.uasset" 466
"../../../../UnrealEngine/Projects/WorldAtWar_Phone/Content/Audio/WeaponSounds/Fire/S_Fire_Rifle.uasset" 467
"../../../../UnrealEngine/Projects/WorldAtWar_Phone/Content/Weapons/M1Carbine/Animations/M1Carbine_Fire.uasset" 468
"../../../../UnrealEngine/Projects/WorldAtWar_Phone/Content/Weapons/T_M1Carbine.uasset" 469
"../../../../UnrealEngine/Projects/WorldAtWar_Phone/Content/Character/TP/TP/Third_Person_Character_Skeleton.uasset" 470
"../../../../UnrealEngine/Projects/WorldAtWar_Phone/Content/Character/TP/Animations/M1Carbine/TP_Arms_M1Carbine_HipFire.uasset" 471
"../../../../UnrealEngine/Projects/WorldAtWar_Phone/Content/Character/TP/Animations/M1Carbine/TP_Arms_M1Carbine_ADSFire.uasset" 472
"../../../../UnrealEngine/Projects/WorldAtWar_Phone/Content/Character/TP/Animations/M1Carbine/AM_TP_M1Carbine.uasset" 473
"../../../../UnrealEngine/Projects/WorldAtWar_Phone/Content/Character/FPS/FPSArms_Skeleton.uasset" 474
"../../../../UnrealEngine/Projects/WorldAtWar_Phone/Content/Character/FPS/Animations/M1Carbine/FPS_Arms_M1Carbine_ReloadEmpty.uasset" 475
"../../../../UnrealEngine/Projects/WorldAtWar_Phone/Content/Character/FPS/Animations/M1Carbine/FPS_Arms_M1Carbine_Reload.uasset" 476
"../../../../UnrealEngine/Projects/WorldAtWar_Phone/Content/Character/FPS/Animations/M1Carbine/FPS_Arms_M1Carbine_HipFire.uasset" 477
"../../../../UnrealEngine/Projects/WorldAtWar_Phone/Content/Character/FPS/Animations/M1Carbine/FPS_Arms_M1Carbine_ADSFire.uasset" 478
"../../../../UnrealEngine/Projects/WorldAtWar_Phone/Content/Character/FPS/Animations/M1Carbine/AM_FPSArms_M1Carbine.uasset" 479
"../../../../UnrealEngine/Projects/WorldAtWar_Phone/Content/Weapons/M1Carbine/BP_M1Carbine.uasset" 480
"../../../../UnrealEngine/Projects/WorldAtWar_Phone/Content/Character/TP/Animations/Knife/TP_Arms_KnifeAttack1.uasset" 481
"../../../../UnrealEngine/Projects/WorldAtWar_Phone/Content/Character/TP/Animations/Knife/AM_TP_Knife.uasset" 482
"../../../../UnrealEngine/Projects/WorldAtWar_Phone/Content/Character/FPS/Animations/Knife/FPS_KnifeAttack_2.uasset" 483
"../../../../UnrealEngine/Projects/WorldAtWar_Phone/Content/Character/FPS/Animations/Knife/FPS_KnifeAttack_1.uasset" 484
"../../../../UnrealEngine/Projects/WorldAtWar_Phone/Content/Audio/Settings/SA_CharacterEffects.uasset" 485
"../../../../UnrealEngine/Projects/WorldAtWar_Phone/Content/Audio/WeaponSounds/Knife/S_Knife_Attack.uasset" 486
"../../../../UnrealEngine/Projects/WorldAtWar_Phone/Content/Character/FPS/Animations/Knife/AM_FPS_KnifeAttack.uasset" 487
"../../../../UnrealEngine/Projects/WorldAtWar_Phone/Content/Weapons/Knife/Default/BP_Knife.uasset" 488
"../../../../UnrealEngine/Projects/WorldAtWar_Phone/Content/Weapons/1911/Meshes/1911_PhysicsAsset.uasset" 489
"../../../../UnrealEngine/Projects/WorldAtWar_Phone/Content/Weapons/1911/Textures/Colt_Roughness.uasset" 490
"../../../../UnrealEngine/Projects/WorldAtWar_Phone/Content/Weapons/1911/Textures/Colt_Normal_DirectX.uasset" 491
"../../../../UnrealEngine/Projects/WorldAtWar_Phone/Content/Weapons/1911/Textures/Colt_Mixed_AO.uasset" 492
"../../../../UnrealEngine/Projects/WorldAtWar_Phone/Content/Weapons/1911/Textures/Colt_Metallic.uasset" 493
"../../../../UnrealEngine/Projects/WorldAtWar_Phone/Content/Weapons/1911/Textures/Colt_Base_Color.uasset" 494
"../../../../UnrealEngine/Projects/WorldAtWar_Phone/Content/Weapons/1911/Textures/M_Colt1911.uasset" 495
"../../../../UnrealEngine/Projects/WorldAtWar_Phone/Content/Weapons/1911/Meshes/1911_Skeleton.uasset" 496
"../../../../UnrealEngine/Projects/WorldAtWar_Phone/Content/Weapons/1911/Meshes/1911.uasset" 497
"../../../../UnrealEngine/Projects/WorldAtWar_Phone/Content/Audio/WeaponSounds/Reload/Pistol/S_pistol_mag_out.uasset" 498
"../../../../UnrealEngine/Projects/WorldAtWar_Phone/Content/Audio/WeaponSounds/Reload/Pistol/S_pistol_mag_in.uasset" 499
"../../../../UnrealEngine/Projects/WorldAtWar_Phone/Content/Weapons/1911/Animations/1911_Reload.uasset" 500
"../../../../UnrealEngine/Projects/WorldAtWar_Phone/Content/Weapons/WeaponEffects/BulletCases/45auto/45auto_nor.uasset" 501
"../../../../UnrealEngine/Projects/WorldAtWar_Phone/Content/Weapons/WeaponEffects/BulletCases/45auto/45auto_base.uasset" 502
"../../../../UnrealEngine/Projects/WorldAtWar_Phone/Content/Weapons/WeaponEffects/BulletCases/45auto/45auto_orm.uasset" 503
"../../../../UnrealEngine/Projects/WorldAtWar_Phone/Content/Weapons/WeaponEffects/BulletCases/45auto/MI_EmptyCase_45auto.uasset" 504
"../../../../UnrealEngine/Projects/WorldAtWar_Phone/Content/Weapons/WeaponEffects/BulletCases/45auto/45EmptyCase_1911.uasset" 505
"../../../../UnrealEngine/Projects/WorldAtWar_Phone/Content/Weapons/WeaponEffects/BulletCases/45auto/NS_CaseEject_45auto.uasset" 506
"../../../../UnrealEngine/Projects/WorldAtWar_Phone/Content/Audio/WeaponSounds/Fire/S_Pistol_Fire03.uasset" 507
"../../../../UnrealEngine/Projects/WorldAtWar_Phone/Content/Audio/WeaponSounds/Fire/S_Pistol_Fire02.uasset" 508
"../../../../UnrealEngine/Projects/WorldAtWar_Phone/Content/Audio/WeaponSounds/Fire/S_Pistol_Fire01.uasset" 509
"../../../../UnrealEngine/Projects/WorldAtWar_Phone/Content/Audio/WeaponSounds/Fire/S-Pistol_Fire_Cue.uasset" 510
"../../../../UnrealEngine/Projects/WorldAtWar_Phone/Content/Weapons/1911/Animations/1911_Fire.uasset" 511
"../../../../UnrealEngine/Projects/WorldAtWar_Phone/Content/Weapons/T_Colt1911.uasset" 512
"../../../../UnrealEngine/Projects/WorldAtWar_Phone/Content/Character/TP/Animations/1911/TP_Arms_1911_HipFire.uasset" 513
"../../../../UnrealEngine/Projects/WorldAtWar_Phone/Content/Character/TP/Animations/1911/TP_Arms_1911_ADSFire.uasset" 514
"../../../../UnrealEngine/Projects/WorldAtWar_Phone/Content/Character/TP/Animations/1911/AM_TP_1911.uasset" 515
"../../../../UnrealEngine/Projects/WorldAtWar_Phone/Content/Character/FPS/Animations/1911/FPS_Arms_1911_ReloadEmpty.uasset" 516
"../../../../UnrealEngine/Projects/WorldAtWar_Phone/Content/Character/FPS/Animations/1911/FPS_Arms_1911_Reload.uasset" 517
"../../../../UnrealEngine/Projects/WorldAtWar_Phone/Content/Character/FPS/Animations/1911/FPS_Arms_1911_HipFire.uasset" 518
"../../../../UnrealEngine/Projects/WorldAtWar_Phone/Content/Character/FPS/Animations/1911/FPS_Arms_1911_ADSFire.uasset" 519
"../../../../UnrealEngine/Projects/WorldAtWar_Phone/Content/Character/FPS/Animations/1911/AM_FPSArms_1911.uasset" 520
"../../../../UnrealEngine/Projects/WorldAtWar_Phone/Content/Weapons/1911/BP_Colt1911.uasset" 521
"../../../../UnrealEngine/Projects/WorldAtWar_Phone/Content/VFX/BP_DamageCameraShake.uasset" 522
"../../../../UnrealEngine/Projects/WorldAtWar_Phone/Content/BlueprintClasses/Zombies/Meshes/Zombie_Soldier/Zombie_Skeleton.uasset" 523
"../../../../UnrealEngine/Projects/WorldAtWar_Phone/Content/BlueprintClasses/Zombies/Animations/Zombie_Soldier/ZombieSoldier_Walking.uasset" 524
"../../../../UnrealEngine/Projects/WorldAtWar_Phone/Content/BlueprintClasses/Zombies/Animations/Zombie_Soldier/ZombieSoldier_Run.uasset" 525
"../../../../UnrealEngine/Projects/WorldAtWar_Phone/Content/BlueprintClasses/Zombies/Animations/Zombie_Soldier/ZombieSoldier_Idle.uasset" 526
"../../../../UnrealEngine/Projects/WorldAtWar_Phone/Content/BlueprintClasses/Zombies/Animations/Zombie_Soldier/BS_ZombieSoldier_IdleWalkRun.uasset" 527
"../../../../UnrealEngine/Projects/WorldAtWar_Phone/Content/BlueprintClasses/Zombies/Animations/Zombie_Soldier/ZombieSoldier_AnimBP.uasset" 528
"../../../../UnrealEngine/Projects/WorldAtWar_Phone/Content/BlueprintClasses/Zombies/Animations/Zombie_Soldier/ZombieSoldier_Attack.uasset" 529
"../../../../UnrealEngine/Projects/WorldAtWar_Phone/Content/Audio/Characters/Zombie/Soldier/S_ZombieSoldier_Attack_03.uasset" 530
"../../../../UnrealEngine/Projects/WorldAtWar_Phone/Content/Audio/Characters/Zombie/Soldier/S_ZombieSoldier_Attack_02.uasset" 531
"../../../../UnrealEngine/Projects/WorldAtWar_Phone/Content/Audio/Characters/Zombie/Soldier/S_ZombieSoldier_Attack_01.uasset" 532
"../../../../UnrealEngine/Projects/WorldAtWar_Phone/Content/Audio/Characters/Zombie/Soldier/S_ZombieSoldier_Attack_Cue.uasset" 533
"../../../../UnrealEngine/Projects/WorldAtWar_Phone/Content/BlueprintClasses/Zombies/Animations/Zombie_Soldier/AM_ZombieSoldier_Attack.uasset" 534
"../../../../UnrealEngine/Projects/WorldAtWar_Phone/Content/BlueprintClasses/Zombies/AI/BPI_AI_Controller.uasset" 535
"../../../../UnrealEngine/Projects/WorldAtWar_Phone/Content/BlueprintClasses/Zombies/BPI_EnemyBase.uasset" 536
"../../../../UnrealEngine/Projects/WorldAtWar_Phone/Content/BlueprintClasses/Zombies/AI/BP_AIController_Zombie.uasset" 537
"../../../../UnrealEngine/Projects/WorldAtWar_Phone/Content/BlueprintClasses/Zombies/Textures/Zombie_Soldier/world_war_zombie_specular.uasset" 538
"../../../../UnrealEngine/Projects/WorldAtWar_Phone/Content/BlueprintClasses/Zombies/Textures/Zombie_Soldier/world_war_zombie_normal.uasset" 539
"../../../../UnrealEngine/Projects/WorldAtWar_Phone/Content/BlueprintClasses/Zombies/Textures/Zombie_Soldier/world_war_zombie_diffuse.uasset" 540
"../../../../UnrealEngine/Projects/WorldAtWar_Phone/Content/BlueprintClasses/Zombies/Textures/Zombie_Soldier/M_Zombie.uasset" 541
"../../../../UnrealEngine/Projects/WorldAtWar_Phone/Content/BlueprintClasses/Zombies/Meshes/Zombie_Soldier/Zombie_PhysicsAsset.uasset" 542
"../../../../UnrealEngine/Projects/WorldAtWar_Phone/Content/BlueprintClasses/Zombies/Meshes/Zombie_Soldier/SK_Zombie.uasset" 543
"../../../../UnrealEngine/Projects/WorldAtWar_Phone/Content/Audio/Characters/Zombie/Soldier/S_ZombieSoldier_Roar_02.uasset" 544
"../../../../UnrealEngine/Projects/WorldAtWar_Phone/Content/Audio/Characters/Zombie/Soldier/S_ZombieSoldier_Roar_01.uasset" 545
"../../../../UnrealEngine/Projects/WorldAtWar_Phone/Content/Audio/Characters/Zombie/Soldier/S_ZombieSoldier_Roar_Cue.uasset" 546
"../../../../UnrealEngine/Projects/WorldAtWar_Phone/Content/Audio/Characters/Zombie/Soldier/S_ZombieSoldier_Hit_02.uasset" 547
"../../../../UnrealEngine/Projects/WorldAtWar_Phone/Content/Audio/Characters/Zombie/Soldier/S_ZombieSoldier_Hit_01.uasset" 548
"../../../../UnrealEngine/Projects/WorldAtWar_Phone/Content/Audio/Characters/Zombie/Soldier/S_ZombieSoldier_Death_02.uasset" 549
"../../../../UnrealEngine/Projects/WorldAtWar_Phone/Content/Audio/Characters/Zombie/Soldier/S_ZombieSoldier_Death_01.uasset" 550
"../../../../UnrealEngine/Projects/WorldAtWar_Phone/Content/BlueprintClasses/Zombies/ZombieClasses/BP_ZombieBase.uasset" 551
"../../../../UnrealEngine/Projects/WorldAtWar_Phone/Content/Character/FPS/FPSArms_PhysicsAsset.uasset" 552
"../../../../UnrealEngine/Projects/WorldAtWar_Phone/Content/Character/FPS/Textures/FPSArms_M_FPS_Arms_OcclusionRoughnessMetallic.uasset" 553
"../../../../UnrealEngine/Projects/WorldAtWar_Phone/Content/Character/FPS/Textures/FPSArms_M_FPS_Arms_Normal.uasset" 554
"../../../../UnrealEngine/Projects/WorldAtWar_Phone/Content/Character/FPS/Textures/FPSArms_M_FPS_Arms_BaseColor.uasset" 555
"../../../../UnrealEngine/Projects/WorldAtWar_Phone/Content/Character/FPS/Textures/M_FPS_Arms.uasset" 556
"../../../../UnrealEngine/Projects/WorldAtWar_Phone/Content/Character/FPS/Textures/FPSArms_M_FPS_Gloves_OcclusionRoughnessMetallic.uasset" 557
"../../../../UnrealEngine/Projects/WorldAtWar_Phone/Content/Character/FPS/Textures/FPSArms_M_FPS_Gloves_Normal.uasset" 558
"../../../../UnrealEngine/Projects/WorldAtWar_Phone/Content/Character/FPS/Textures/FPSArms_M_FPS_Gloves_BaseColor.uasset" 559
"../../../../UnrealEngine/Projects/WorldAtWar_Phone/Content/Character/FPS/Textures/MI_FPS_Gloves.uasset" 560
"../../../../UnrealEngine/Projects/WorldAtWar_Phone/Content/Character/FPS/Textures/FPSArms_M_FPS_Cloths_OcclusionRoughnessMetallic.uasset" 561
"../../../../UnrealEngine/Projects/WorldAtWar_Phone/Content/Character/FPS/Textures/FPSArms_M_FPS_Cloths_Normal.uasset" 562
"../../../../UnrealEngine/Projects/WorldAtWar_Phone/Content/Character/FPS/Textures/FPSArms_M_FPS_Cloths_BaseColor.uasset" 563
"../../../../UnrealEngine/Projects/WorldAtWar_Phone/Content/Character/FPS/Textures/MI_FPS_Cloths.uasset" 564
"../../../../UnrealEngine/Projects/WorldAtWar_Phone/Content/Character/FPS/Textures/MI_FPS_Arms.uasset" 565
"../../../../UnrealEngine/Projects/WorldAtWar_Phone/Content/Character/FPS/FPSArms_Mobile.uasset" 566
"../../../../UnrealEngine/Projects/WorldAtWar_Phone/Content/Character/FPS/Animations/M1Carbine/FPS_Arms_M1Carbine_Walk1.uasset" 567
"../../../../UnrealEngine/Projects/WorldAtWar_Phone/Content/Character/FPS/Animations/M1Carbine/FPS_Arms_M1Carbine_Walk.uasset" 568
"../../../../UnrealEngine/Projects/WorldAtWar_Phone/Content/Character/FPS/Animations/M1Carbine/FPS_Arms_M1Carbine_HipIdle.uasset" 569
"../../../../UnrealEngine/Projects/WorldAtWar_Phone/Content/Character/FPS/Animations/M1Carbine/BS_FPSArms_Hip_M1Carbine.uasset" 570
"../../../../UnrealEngine/Projects/WorldAtWar_Phone/Content/Character/FPS/Animations/M1Carbine/FPS_Arms_M1Carbine_ADSWalk.uasset" 571
"../../../../UnrealEngine/Projects/WorldAtWar_Phone/Content/Character/FPS/Animations/M1Carbine/FPS_Arms_M1Carbine_ADSIdle.uasset" 572
"../../../../UnrealEngine/Projects/WorldAtWar_Phone/Content/Character/FPS/Animations/M1Carbine/BS_FPSArms_ADS_M1Carbine.uasset" 573
"../../../../UnrealEngine/Projects/WorldAtWar_Phone/Content/Character/FPS/Animations/1911/FPS_Arms_1911_HipWalk1.uasset" 574
"../../../../UnrealEngine/Projects/WorldAtWar_Phone/Content/Character/FPS/Animations/1911/FPS_Arms_1911_HipWalk.uasset" 575
"../../../../UnrealEngine/Projects/WorldAtWar_Phone/Content/Character/FPS/Animations/1911/FPS_Arms_1911_HipIdle.uasset" 576
"../../../../UnrealEngine/Projects/WorldAtWar_Phone/Content/Character/FPS/Animations/1911/BS_FPSArms_Hip1911.uasset" 577
"../../../../UnrealEngine/Projects/WorldAtWar_Phone/Content/Character/FPS/Animations/1911/FPS_Arms_1911_ADSWalk.uasset" 578
"../../../../UnrealEngine/Projects/WorldAtWar_Phone/Content/Character/FPS/Animations/1911/FPS_Arms_1911_ADSIdle.uasset" 579
"../../../../UnrealEngine/Projects/WorldAtWar_Phone/Content/Character/FPS/Animations/1911/BS_FPSArms_ADS1911.uasset" 580
"../../../../UnrealEngine/Projects/WorldAtWar_Phone/Content/Character/FPS/AnimBP_FPSArms.uasset" 581
"../../../../UnrealEngine/Projects/WorldAtWar_Phone/Content/BlueprintClasses/Game/BPI_SaveGame.uasset" 582
"../../../../UnrealEngine/Projects/WorldAtWar_Phone/Content/BlueprintClasses/Game/SG_PlayerInfo.uasset" 583
"../../../../UnrealEngine/Projects/WorldAtWar_Phone/Content/Audio/Interface/S_EnterGame.uasset" 584
"../../../../UnrealEngine/Projects/WorldAtWar_Phone/Content/Audio/Game/S_RageStarted.uasset" 585
"../../../../UnrealEngine/Projects/WorldAtWar_Phone/Content/Audio/Characters/Player/S_Pain_12.uasset" 586
"../../../../UnrealEngine/Projects/WorldAtWar_Phone/Content/Audio/Characters/Player/S_Pain_11.uasset" 587
"../../../../UnrealEngine/Projects/WorldAtWar_Phone/Content/Audio/Characters/Player/S_Pain_10.uasset" 588
"../../../../UnrealEngine/Projects/WorldAtWar_Phone/Content/Audio/Characters/Player/S_Pain_09.uasset" 589
"../../../../UnrealEngine/Projects/WorldAtWar_Phone/Content/Audio/Characters/Player/S_Pain_08.uasset" 590
"../../../../UnrealEngine/Projects/WorldAtWar_Phone/Content/Audio/Characters/Player/S_Pain_07.uasset" 591
"../../../../UnrealEngine/Projects/WorldAtWar_Phone/Content/Audio/Characters/Player/S_Pain_06.uasset" 592
"../../../../UnrealEngine/Projects/WorldAtWar_Phone/Content/Audio/Characters/Player/S_Pain_05.uasset" 593
"../../../../UnrealEngine/Projects/WorldAtWar_Phone/Content/Audio/Characters/Player/S_Pain_04.uasset" 594
"../../../../UnrealEngine/Projects/WorldAtWar_Phone/Content/Audio/Characters/Player/S_Pain_03.uasset" 595
"../../../../UnrealEngine/Projects/WorldAtWar_Phone/Content/Audio/Characters/Player/S_Pain_02.uasset" 596
"../../../../UnrealEngine/Projects/WorldAtWar_Phone/Content/Audio/Characters/Player/S_Pain_01.uasset" 597
"../../../../UnrealEngine/Projects/WorldAtWar_Phone/Content/Audio/Characters/Player/S_Character_Death.uasset" 598
"../../../../UnrealEngine/Projects/WorldAtWar_Phone/Content/BlueprintClasses/Player/BP_NaziZombieCharacter.uasset" 599
"../../../../UnrealEngine/Projects/WorldAtWar_Phone/Content/Data/S_SkinColor.uasset" 600
"../../../../UnrealEngine/Projects/WorldAtWar_Phone/Content/Data/DT_SkinColor.uasset" 601
"../../../../UnrealEngine/Projects/WorldAtWar_Phone/Content/Audio/Interface/S_Button_Back.uasset" 602
"../../../../UnrealEngine/Projects/WorldAtWar_Phone/Content/UI/Game/Menu/W_Settings.uasset" 603
"../../../../UnrealEngine/Projects/WorldAtWar_Phone/Content/UI/Game/Menu/W_GameMenu.uasset" 604
"../../../../UnrealEngine/Projects/WorldAtWar_Phone/Content/Textures/HUD/T_GoToMenu.uasset" 605
"../../../../UnrealEngine/Projects/WorldAtWar_Phone/Content/UI/Game/Menu/W_GoToMenuButton.uasset" 606
"../../../../UnrealEngine/Projects/WorldAtWar_Phone/Content/Textures/HUD/MainMenu/T_Border.uasset" 607
"../../../../UnrealEngine/Projects/WorldAtWar_Phone/Content/UI/Game/HUD/W_WeaponInfo.uasset" 608
"../../../../UnrealEngine/Projects/WorldAtWar_Phone/Content/Textures/HUD/T_RageBar_Full.uasset" 609
"../../../../UnrealEngine/Projects/WorldAtWar_Phone/Content/UI/Game/HUD/W_RageBar.uasset" 610
"../../../../UnrealEngine/Projects/WorldAtWar_Phone/Content/Textures/HUD/Points/T_Points3.uasset" 611
"../../../../UnrealEngine/Projects/WorldAtWar_Phone/Content/Textures/HUD/Points/T_Points2.uasset" 612
"../../../../UnrealEngine/Projects/WorldAtWar_Phone/Content/Textures/HUD/Points/T_Points1.uasset" 613
"../../../../UnrealEngine/Projects/WorldAtWar_Phone/Content/Textures/HUD/Points/T_Points0.uasset" 614
"../../../../UnrealEngine/Projects/WorldAtWar_Phone/Content/UI/Game/HUD/W_LivePoints.uasset" 615
"../../../../UnrealEngine/Projects/WorldAtWar_Phone/Content/UI/Game/HUD/W_Health.uasset" 616
"../../../../UnrealEngine/Projects/WorldAtWar_Phone/Content/Textures/HUD/T_BloodVFX.uasset" 617
"../../../../UnrealEngine/Projects/WorldAtWar_Phone/Content/UI/Game/HUD/W_DamageEffects.uasset" 618
"../../../../UnrealEngine/Projects/WorldAtWar_Phone/Content/Data/Gameplay/S_Actions.uasset" 619
"../../../../UnrealEngine/Projects/WorldAtWar_Phone/Content/Textures/HUD/ActionButtons/T_SwitchWeapon.uasset" 620
"../../../../UnrealEngine/Projects/WorldAtWar_Phone/Content/Textures/HUD/ActionButtons/T_Reload.uasset" 621
"../../../../UnrealEngine/Projects/WorldAtWar_Phone/Content/Textures/HUD/ActionButtons/T_Knife.uasset" 622
"../../../../UnrealEngine/Projects/WorldAtWar_Phone/Content/Textures/HUD/ActionButtons/T_Jump.uasset" 623
"../../../../UnrealEngine/Projects/WorldAtWar_Phone/Content/Textures/HUD/ActionButtons/T_Interact.uasset" 624
"../../../../UnrealEngine/Projects/WorldAtWar_Phone/Content/Textures/HUD/ActionButtons/T_Fire.uasset" 625
"../../../../UnrealEngine/Projects/WorldAtWar_Phone/Content/Textures/HUD/ActionButtons/T_Aim.uasset" 626
"../../../../UnrealEngine/Projects/WorldAtWar_Phone/Content/Data/Gameplay/DT_Actions.uasset" 627
"../../../../UnrealEngine/Projects/WorldAtWar_Phone/Content/Textures/HUD/ActionButtons/T_ActionButton_Border.uasset" 628
"../../../../UnrealEngine/Projects/WorldAtWar_Phone/Content/UI/Game/HUD/W_ActionButton.uasset" 629
"../../../../UnrealEngine/Projects/WorldAtWar_Phone/Content/UI/Game/W_GameMessage.uasset" 630
"../../../../UnrealEngine/Projects/WorldAtWar_Phone/Content/Textures/HUD/T_PoisonEffect.uasset" 631
"../../../../UnrealEngine/Projects/WorldAtWar_Phone/Content/Textures/Game/T_FirstPersonCrosshair.uasset" 632
"../../../../UnrealEngine/Projects/WorldAtWar_Phone/Content/UI/Game/HUD/W_HUD.uasset" 633
"../../../../UnrealEngine/Projects/WorldAtWar_Phone/Content/BlueprintClasses/Player/BPI_HUD.uasset" 634
"../../../Engine/Content/MobileResources/HUD/LeftVirtualJoystickOnly.uasset" 635
"../../../../UnrealEngine/Projects/WorldAtWar_Phone/Content/BlueprintClasses/Player/BP_HUD.uasset" 636
"../../../../UnrealEngine/Projects/WorldAtWar_Phone/Content/BlueprintClasses/Game/BP_TrainingGameMode.uasset" 637
"../../../../UnrealEngine/Projects/WorldAtWar_Phone/Content/Textures/Game/Pickups/SpawnPoints/T_Rage_Pickup.uasset" 638
"../../../../UnrealEngine/Projects/WorldAtWar_Phone/Content/Textures/Game/Pickups/SpawnPoints/T_Pickup_WallWeapon_Default.uasset" 639
"../../../../UnrealEngine/Projects/WorldAtWar_Phone/Content/Textures/Game/Pickups/SpawnPoints/T_Pickup_Health.uasset" 640
"../../../../UnrealEngine/Projects/WorldAtWar_Phone/Content/Textures/Game/Pickups/SpawnPoints/T_Pickup_Ammo_Type2.uasset" 641
"../../../../UnrealEngine/Projects/WorldAtWar_Phone/Content/Textures/Game/Pickups/SpawnPoints/T_Pickup_Ammo_Type1.uasset" 642
"../../../../UnrealEngine/Projects/WorldAtWar_Phone/Content/Data/Gameplay/E_Pickup_Type.uasset" 643
"../../../Engine/Content/EditorMaterials/TargetIcon.uasset" 644
"../../../../UnrealEngine/Projects/WorldAtWar_Phone/Content/BlueprintClasses/Pickups/BP_Pickup_SpawnPoint.uasset" 645
"../../../../UnrealEngine/Projects/WorldAtWar_Phone/Content/Weapons/M1Carbine/M1CarbineOutline.uasset" 646
"../../../../UnrealEngine/Projects/WorldAtWar_Phone/Content/Weapons/WallWeapons/M_WeaponOutlineMaster.uasset" 647
"../../../../UnrealEngine/Projects/WorldAtWar_Phone/Content/Weapons/WallWeapons/WallWeaponPlane.uasset" 648
"../../../../UnrealEngine/Projects/WorldAtWar_Phone/Content/Assets/OneWayPortal/ubqndh2ya_2K_Albedo.uasset" 649
"../../../../UnrealEngine/Projects/WorldAtWar_Phone/Content/Assets/OneWayPortal/ubqndh2ya_2K_AO.uasset" 650
"../../../../UnrealEngine/Projects/WorldAtWar_Phone/Content/Assets/OneWayPortal/M_OneWayPortal.uasset" 651
"../../../../UnrealEngine/Projects/WorldAtWar_Phone/Content/Assets/OneWayPortal/MI_OneWayPortal.uasset" 652
"../../../../UnrealEngine/Projects/WorldAtWar_Phone/Content/BlueprintClasses/Useables/BP_OneWayPortal.uasset" 653
"../../../../UnrealEngine/Projects/WorldAtWar_Phone/Content/BlueprintClasses/Useables/BP_WallWeapon.uasset" 654
"../../../../UnrealEngine/Projects/WorldAtWar_Phone/Content/Audio/Game/S_Pickup_Ammo_Type1.uasset" 655
"../../../../UnrealEngine/Projects/WorldAtWar_Phone/Content/Weapons/WeaponEffects/BulletCases/30Carbine/T_Pickup_M1_Roughness.uasset" 656
"../../../../UnrealEngine/Projects/WorldAtWar_Phone/Content/Weapons/WeaponEffects/BulletCases/30Carbine/T_Pickup_M1_Normal.uasset" 657
"../../../../UnrealEngine/Projects/WorldAtWar_Phone/Content/Weapons/WeaponEffects/BulletCases/30Carbine/T_Pickup_M1_BaseColor.uasset" 658
"../../../../UnrealEngine/Projects/WorldAtWar_Phone/Content/Weapons/WeaponEffects/BulletCases/30Carbine/T_Pickup_M1_AO.uasset" 659
"../../../../UnrealEngine/Projects/WorldAtWar_Phone/Content/Assets/Pickups/M_Pickup_Ammo_Type2.uasset" 660
"../../../../UnrealEngine/Projects/WorldAtWar_Phone/Content/Assets/Pickups/SM_Pickup_Ammo_Type2.uasset" 661
"../../../../UnrealEngine/Projects/WorldAtWar_Phone/Content/Assets/Pickups/M_Rays.uasset" 662
"../../../../UnrealEngine/Projects/WorldAtWar_Phone/Content/Assets/Pickups/M_Rays_Inst1.uasset" 663
"../../../../UnrealEngine/Projects/WorldAtWar_Phone/Content/Assets/Pickups/M_Rays_Inst.uasset" 664
"../../../../UnrealEngine/Projects/WorldAtWar_Phone/Content/BlueprintClasses/Pickups/BP_Pickup_Ammo_M1Carbine.uasset" 665
"../../../../UnrealEngine/Projects/WorldAtWar_Phone/Content/Textures/Game/Pickups/Ammo_Type1/T_Pickup_1911_Normal.uasset" 666
"../../../../UnrealEngine/Projects/WorldAtWar_Phone/Content/Textures/Game/Pickups/Ammo_Type1/T_Pickup_1911_BaseColor.uasset" 667
"../../../Engine/Content/Functions/Engine_MaterialFunctions02/Texturing/CustomRotator.uasset" 668
"../../../Engine/Content/Functions/Engine_MaterialFunctions02/WorldPositionOffset/ObjectScale.uasset" 669
"../../../../UnrealEngine/Projects/WorldAtWar_Phone/Content/Assets/Pickups/M_PickupBase_Texture.uasset" 670
"../../../../UnrealEngine/Projects/WorldAtWar_Phone/Content/Assets/Pickups/MI_Pickup_Ammo_Type1_Var2.uasset" 671
"../../../../UnrealEngine/Projects/WorldAtWar_Phone/Content/Assets/Pickups/SM_Pickup_Ammo_Type1.uasset" 672
"../../../../UnrealEngine/Projects/WorldAtWar_Phone/Content/Textures/Game/Pickups/Ammo_Type1/T_Pickup_1911_Roughness.uasset" 673
"../../../../UnrealEngine/Projects/WorldAtWar_Phone/Content/Textures/Game/Pickups/Ammo_Type1/T_Pickup_1911_AO.uasset" 674
"../../../../UnrealEngine/Projects/WorldAtWar_Phone/Content/Assets/Pickups/M_Pickup_Ammo_Type1.uasset" 675
"../../../../UnrealEngine/Projects/WorldAtWar_Phone/Content/BlueprintClasses/Pickups/BP_Pickup_Ammo_Colt1911.uasset" 676
"../../../../UnrealEngine/Projects/WorldAtWar_Phone/Content/Audio/Game/S_Pickup_Rage.uasset" 677
"../../../Engine/Content/Functions/Engine_MaterialFunctions02/WorldPositionOffset/ObjectPivotPoint.uasset" 678
"../../../Engine/Content/Functions/Engine_MaterialFunctions01/Vectors/RotateVector.uasset" 679
"../../../../UnrealEngine/Projects/WorldAtWar_Phone/Content/Assets/Pickups/M_PickupBase.uasset" 680
"../../../../UnrealEngine/Projects/WorldAtWar_Phone/Content/Assets/Pickups/MI_Pickup_Rage.uasset" 681
"../../../../UnrealEngine/Projects/WorldAtWar_Phone/Content/Assets/Pickups/SM_Rage.uasset" 682
"../../../../UnrealEngine/Projects/WorldAtWar_Phone/Content/Assets/Pickups/M_Rays_Dynamic.uasset" 683
"../../../../UnrealEngine/Projects/WorldAtWar_Phone/Content/BlueprintClasses/Pickups/BP_PickupRage.uasset" 684
"../../../../UnrealEngine/Projects/WorldAtWar_Phone/Content/Audio/Game/S_Pickup_Health.uasset" 685
"../../../../UnrealEngine/Projects/WorldAtWar_Phone/Content/Assets/Pickups/MI_Pickup_Health.uasset" 686
"../../../../UnrealEngine/Projects/WorldAtWar_Phone/Content/Assets/Pickups/SM_Health.uasset" 687
"../../../../UnrealEngine/Projects/WorldAtWar_Phone/Content/BlueprintClasses/Pickups/BP_PickupHealth.uasset" 688
"../../../../UnrealEngine/Projects/WorldAtWar_Phone/Content/Audio/Characters/Zombie/Infected/S_Zombie_Infected_Roar_01.uasset" 689
"../../../../UnrealEngine/Projects/WorldAtWar_Phone/Content/BlueprintClasses/Zombies/ZombieClasses/BP_Zombie_Soldier.uasset" 690
"../../Plugins/2D/Paper2D/Content/PlaceholderTextures/DummySpriteTexture.uasset" 691
"../../Plugins/2D/Paper2D/Content/DummySprite.uasset" 692
"../../Plugins/2D/Paper2D/Content/DefaultPaperTerrainMaterial.uasset" 693
"../../Plugins/2D/Paper2D/Content/DefaultSpriteMaterial.uasset" 694
"../../Plugins/2D/Paper2D/Content/MaskedUnlitSpriteMaterial.uasset" 695
"../../Plugins/2D/Paper2D/Content/OpaqueUnlitSpriteMaterial.uasset" 696
"../../Plugins/Editor/SpeedTreeImporter/Content/SpeedTree9/UnpackInteger3.uasset" 697
"../../Plugins/Editor/SpeedTreeImporter/Content/SpeedTree9/UnpackDirection.uasset" 698
"../../Plugins/Editor/SpeedTreeImporter/Content/SpeedTree9/game_wind_noise.uasset" 699
"../../../Engine/Content/Functions/Engine_MaterialFunctions02/SafeNormalize.uasset" 700
"../../Plugins/Editor/SpeedTreeImporter/Content/SpeedTree9/SpeedTreeWindMotion.uasset" 701
"../../Plugins/Editor/SpeedTreeImporter/Content/SpeedTree9/SpeedTreeBranchMotion.uasset" 702
"../../../Engine/Content/Functions/Engine_MaterialFunctions02/ObjectLocalBounds.uasset" 703
"../../../Engine/Content/Functions/Engine_MaterialFunctions02/UVs/BoundingBoxBased_0-1_UVW.uasset" 704
"../../Plugins/Editor/SpeedTreeImporter/Content/SpeedTree9/SpeedTreeWind.uasset" 705
"../../Plugins/Editor/SpeedTreeImporter/Content/SpeedTree9/SpeedTreeBillboard.uasset" 706
"../../Plugins/Editor/SpeedTreeImporter/Content/SpeedTree9/SpeedTreeBillboardMaster.uasset" 707
"../../Plugins/Editor/SpeedTreeImporter/Content/SpeedTree9/SpeedTreeCameraFacing.uasset" 708
"../../Plugins/Editor/SpeedTreeImporter/Content/SpeedTree9/SpeedTreeMaster.uasset" 709
"../../Plugins/FX/Niagara/Content/Enums/ENiagaraOrientationAxis.uasset" 710
"../../Plugins/FX/Niagara/Content/Icons/S_ParticleSystem.uasset" 711
"../../../Engine/Content/BasicShapes/Cylinder.uasset" 712
"../../../Engine/Content/ArtTools/RenderToTexture/Materials/Debug/M_Emissive_Color.uasset" 713
"../../Plugins/Lumin/MagicLeapPassableWorld/Content/MagicLeapARPinInfoActor.uasset" 714
"../../Plugins/Runtime/HairStrands/Content/Materials/HairCardsDefaultMaterial.uasset" 715
"../../../Engine/Content/EngineMaterials/HairDebugColor.uasset" 716
"../../../Engine/Content/EngineMaterials/HairColorMap.uasset" 717
"../../Plugins/Runtime/HairStrands/Content/Materials/HairDebugMaterial.uasset" 718
"../../Plugins/Runtime/HairStrands/Content/Materials/HairDefaultMaterial.uasset" 719
"../../Plugins/Runtime/HairStrands/Content/Materials/HairMeshesDefaultMaterial.uasset" 720
"../../../Engine/Content/Maps/Entry_BuiltData.uasset" 721
"../../../Engine/Content/Maps/Entry.umap" 722
"../../../../UnrealEngine/Projects/WorldAtWar_Phone/Content/Textures/HUD/MainMenu/Weapons/T_Colt1911_Image.uasset" 723
"../../../../UnrealEngine/Projects/WorldAtWar_Phone/Content/Data/S_WeaponInfo.uasset" 724
"../../../../UnrealEngine/Projects/WorldAtWar_Phone/Content/Textures/HUD/MainMenu/Weapons/T_M1Carbine_Image.uasset" 725
"../../../../UnrealEngine/Projects/WorldAtWar_Phone/Content/Textures/HUD/MainMenu/Weapons/T_DefaultKnife_Image.uasset" 726
"../../../../UnrealEngine/Projects/WorldAtWar_Phone/Content/Data/DT_WeaponInfo.uasset" 727
"../../../../UnrealEngine/Projects/WorldAtWar_Phone/Content/Textures/HUD/T_Border_Item.uasset" 728
"../../../../UnrealEngine/Projects/WorldAtWar_Phone/Content/UI/MainMenu/W_WeaponInfo_Widget.uasset" 729
"../../../../UnrealEngine/Projects/WorldAtWar_Phone/Content/UI/MainMenu/Online/W_ServerBrowserItem.uasset" 730
"../../../../UnrealEngine/Projects/WorldAtWar_Phone/Content/UI/MainMenu/Online/W_PlayerLobbySlot.uasset" 731
"../../../../UnrealEngine/Projects/WorldAtWar_Phone/Content/UI/MainMenu/Online/W_ChatMessage.uasset" 732
"../../../../UnrealEngine/Projects/WorldAtWar_Phone/Content/UI/MainMenu/Online/W_LobbyChat.uasset" 733
"../../../../UnrealEngine/Projects/WorldAtWar_Phone/Content/UI/MainMenu/W_WeaponInfo_Button.uasset" 734
"../../../../UnrealEngine/Projects/WorldAtWar_Phone/Content/UI/MainMenu/W_SoloMapButton.uasset" 735
"../../../../UnrealEngine/Projects/WorldAtWar_Phone/Content/UI/MainMenu/Online/W_HostMapButton.uasset" 736
"../../../../UnrealEngine/Projects/WorldAtWar_Phone/Content/Data/S_EnemyInfo.uasset" 737
"../../../../UnrealEngine/Projects/WorldAtWar_Phone/Content/Textures/HUD/MainMenu/Enemies/T_ZombieSoldier_Image.uasset" 738
"../../../../UnrealEngine/Projects/WorldAtWar_Phone/Content/Textures/HUD/MainMenu/Enemies/T_Zombie_Turned_Image.uasset" 739
"../../../../UnrealEngine/Projects/WorldAtWar_Phone/Content/Textures/HUD/MainMenu/Enemies/T_Zombie_Resurrected_Image.uasset" 740
"../../../../UnrealEngine/Projects/WorldAtWar_Phone/Content/Textures/HUD/MainMenu/Enemies/T_Zombie_Infected_Image.uasset" 741
"../../../../UnrealEngine/Projects/WorldAtWar_Phone/Content/Data/DT_EnemyInfo.uasset" 742
"../../../Engine/Content/Engine_MI_Shaders/T_Cubemap_01_tex.uasset" 743
"../../../../UnrealEngine/Projects/WorldAtWar_Phone/Content/UI/MainMenu/W_EnemyInfo_Widget.uasset" 744
"../../../../UnrealEngine/Projects/WorldAtWar_Phone/Content/Textures/HUD/MainMenu/T_Manual.uasset" 745
"../../../../UnrealEngine/Projects/WorldAtWar_Phone/Content/UI/MainMenu/W_EnemyInfo_Effects.uasset" 746
"../../../../UnrealEngine/Projects/WorldAtWar_Phone/Content/UI/MainMenu/W_EnemyInfo_Button.uasset" 747
"../../../../UnrealEngine/Projects/WorldAtWar_Phone/Content/UI/MainMenu/W_Control.uasset" 748
"../../../../UnrealEngine/Projects/WorldAtWar_Phone/Content/Textures/HUD/MainMenu/MainMenuThemes/T_MainMenu_03.uasset" 749
"../../../../UnrealEngine/Projects/WorldAtWar_Phone/Content/Textures/HUD/MainMenu/MainMenuThemes/T_MainMenu_02.uasset" 750
"../../../../UnrealEngine/Projects/WorldAtWar_Phone/Content/Textures/HUD/MainMenu/MainMenuThemes/T_MainMenu_01.uasset" 751
"../../../../UnrealEngine/Projects/WorldAtWar_Phone/Content/Textures/HUD/MainMenu/T_Training.uasset" 752
"../../../../UnrealEngine/Projects/WorldAtWar_Phone/Content/Textures/HUD/MainMenu/T_TempMapImage.uasset" 753
"../../../../UnrealEngine/Projects/WorldAtWar_Phone/Content/Textures/HUD/MainMenu/T_Manual_Weapons.uasset" 754
"../../../../UnrealEngine/Projects/WorldAtWar_Phone/Content/Textures/HUD/MainMenu/T_Manual_Enemies.uasset" 755
"../../../../UnrealEngine/Projects/WorldAtWar_Phone/Content/Textures/Game/T_Burst_M.uasset" 756
"../../../../UnrealEngine/Projects/WorldAtWar_Phone/Content/UI/MainMenu/W_MainMenu.uasset" 757
"../../../../UnrealEngine/Projects/WorldAtWar_Phone/Content/Audio/Ambient/MainMenu/S_Ambient_MainMenu.uasset" 758
"../../../../UnrealEngine/Projects/WorldAtWar_Phone/Content/Maps/MainMenu/MainMenuLevel.umap" 759
