"../../../Engine/Content/EngineMaterials/T_Default_Material_Grid_N.uasset" 0
"../../../Engine/Content/EngineMaterials/T_Default_Material_Grid_M.uasset" 1
"../../../Engine/Content/Functions/Engine_MaterialFunctions01/Opacity/CameraDepthFade.uasset" 2
"../../../Engine/Content/EngineMaterials/WorldGridMaterial.uasset" 3
"../../../Engine/Content/ArtTools/RenderToTexture/Meshes/S_1_Unit_Plane.uasset" 4
"../../../Engine/Content/EngineMaterials/DefaultMaterial.uasset" 5
"../../../Engine/Content/BasicShapes/Cone.uasset" 6
"../../../Engine/Content/BasicShapes/Plane.uasset" 7
"../../../Engine/Content/EditorLandscapeResources/DataLayer.uasset" 8
"../../../Engine/Content/EditorLandscapeResources/DefaultAlphaTexture.uasset" 9
"../../../Engine/Content/EditorMaterials/MAT_Groups_Toggle.uasset" 10
"../../../Engine/Content/EditorMaterials/MAT_Groups_Visibility.uasset" 11
"../../../Engine/Content/EditorMaterials/PreviewShadowIndicator.uasset" 12
"../../../Engine/Content/EditorMaterials/PreviewShadowIndicatorMaterial.uasset" 13
"../../../Engine/Content/EditorMaterials/MatineeGroups/MAT_ColorTrack.uasset" 14
"../../../Engine/Content/EditorMaterials/MatineeGroups/MAT_Groups_Anim.uasset" 15
"../../../Engine/Content/EditorMaterials/MatineeGroups/MAT_Groups_AudioMaster.uasset" 16
"../../../Engine/Content/EditorMaterials/MatineeGroups/MAT_Groups_Director.uasset" 17
"../../../Engine/Content/EditorMaterials/MatineeGroups/MAT_Groups_Event.uasset" 18
"../../../Engine/Content/EditorMaterials/MatineeGroups/MAT_Groups_Fade.uasset" 19
"../../../Engine/Content/EditorMaterials/MatineeGroups/MAT_Groups_Float.uasset" 20
"../../../Engine/Content/EditorMaterials/MatineeGroups/MAT_Groups_Move.uasset" 21
"../../../Engine/Content/EditorMaterials/MatineeGroups/MAT_Groups_Slomo.uasset" 22
"../../../Engine/Content/EditorMaterials/MatineeGroups/MAT_Groups_Sound.uasset" 23
"../../../Engine/Content/EditorMaterials/MatineeGroups/MAT_Groups_Vector.uasset" 24
"../../../Engine/Content/EditorMaterials/ParticleSystems/PSysThumbnail_NoImage.uasset" 25
"../../../Engine/Content/EditorMaterials/ParticleSystems/PSysThumbnail_OOD.uasset" 26
"../../../Engine/Content/EditorMaterials/Camera/CineMat.uasset" 27
"../../../Engine/Content/EditorMaterials/Camera/MI_CineMat_Rig.uasset" 28
"../../../Engine/Content/EditorMeshes/Camera/SM_CraneRig_Arm.uasset" 29
"../../../Engine/Content/EditorMeshes/Camera/SM_CraneRig_Base.uasset" 30
"../../../Engine/Content/EditorMeshes/Camera/SM_CraneRig_Body.uasset" 31
"../../../Engine/Content/EditorMeshes/Camera/SM_CraneRig_Mount.uasset" 32
"../../../Engine/Content/EditorMeshes/Camera/SM_RailRig_Mount.uasset" 33
"../../../Engine/Content/EditorMeshes/Camera/SM_RailRig_Track.uasset" 34
"../../../Engine/Content/EditorResources/BSPVertex.uasset" 35
"../../../Engine/Content/EditorResources/EmptyActor.uasset" 36
"../../../Engine/Content/EditorResources/S_Actor.uasset" 37
"../../../Engine/Content/EditorResources/S_Note.uasset" 38
"../../../Engine/Content/EditorResources/S_Solver.uasset" 39
"../../../Engine/Content/EditorResources/S_Terrain.uasset" 40
"../../../Engine/Content/EditorResources/S_Trigger.uasset" 41
"../../../Engine/Content/EditorResources/AudioIcons/S_AudioComponent.uasset" 42
"../../../Engine/Content/EditorResources/AudioIcons/S_AudioComponent_AutoActivate.uasset" 43
"../../../Engine/Content/EditorResources/SequenceRecorder/Countdown.uasset" 44
"../../../Engine/Content/EditorResources/SequenceRecorder/RecordingIndicator.uasset" 45
"../../../Engine/Content/EngineDamageTypes/DmgTypeBP_Environmental.uasset" 46
"../../../Engine/Content/EngineDebugMaterials/DebugEditorMaterial.uasset" 47
"../../../Engine/Content/EngineDebugMaterials/DebugMeshMaterial.uasset" 48
"../../../Engine/Content/EngineDebugMaterials/M_SimpleUnlitTranslucent.uasset" 49
"../../../Engine/Content/EngineDebugMaterials/VolumeToRender.uasset" 50
"../../../Engine/Content/Functions/Engine_MaterialFunctions02/Utility/CameraDirectionVector.uasset" 51
"../../../Engine/Content/EngineDebugMaterials/M_VolumeRenderSphereTracePP.uasset" 52
"../../../Engine/Content/Functions/Engine_MaterialFunctions01/Shading/ConvertFromDiffSpec.uasset" 53
"../../../Engine/Content/EngineDebugMaterials/VertexColorMaterial.uasset" 54
"../../../Engine/Content/EngineDebugMaterials/WireframeMaterial.uasset" 55
"../../../Engine/Content/EngineMaterials/BaseFlattenNormalMap.uasset" 56
"../../../Engine/Content/EngineMaterials/BaseFlattenGrayscaleMap.uasset" 57
"../../../Engine/Content/EngineMaterials/BaseFlattenEmissiveMap.uasset" 58
"../../../Engine/Content/EngineMaterials/BaseFlattenDiffuseMap.uasset" 59
"../../../Engine/Content/EngineMaterials/BaseFlattenMaterial.uasset" 60
"../../../Engine/Content/EngineMaterials/BlueNoise.uasset" 61
"../../../Engine/Content/EngineMaterials/DefaultBloomKernel.uasset" 62
"../../../Engine/Content/EngineMaterials/DefaultBokeh.uasset" 63
"../../../Engine/Content/EngineMaterials/DefaultDiffuse.uasset" 64
"../../../Engine/Content/EngineMaterials/DefaultDeferredDecalMaterial.uasset" 65
"../../../Engine/Content/EngineMaterials/DefaultLightFunctionMaterial.uasset" 66
"../../../Engine/Content/Functions/Engine_MaterialFunctions02/Utility/BreakOutFloat2Components.uasset" 67
"../../../Engine/Content/EngineMaterials/DefaultPostProcessMaterial.uasset" 68
"../../../Engine/Content/EngineFonts/RobotoDistanceField.uasset" 69
"../../../Engine/Content/EngineMaterials/DefaultTextMaterialOpaque.uasset" 70
"../../../Engine/Content/EngineMaterials/DefaultWhiteGrid.uasset" 71
"../../../Engine/Content/EngineMaterials/DefaultWhiteGrid_Low.uasset" 72
"../../../Engine/Content/EngineMaterials/EmissiveMeshMaterial.uasset" 73
"../../../Engine/Content/EngineMaterials/GizmoMaterial.uasset" 74
"../../../Engine/Content/EngineMaterials/MiniFont.uasset" 75
"../../../Engine/Content/EngineMaterials/InvalidLightmapSettings.uasset" 76
"../../../Engine/Content/EngineMaterials/M_InvalidLightmapSettings.uasset" 77
"../../../Engine/Content/Functions/Engine_MaterialFunctions02/WorldPositionOffset/CameraOffset.uasset" 78
"../../../Engine/Content/EngineMaterials/PhAT_JointLimitMaterial.uasset" 79
"../../../Engine/Content/EngineMaterials/PreintegratedSkinBRDF.uasset" 80
"../../../Engine/Content/EngineMaterials/RemoveSurfaceMaterial.uasset" 81
"../../../Engine/Content/EngineMaterials/WeightMapPlaceholderTexture.uasset" 82
"../../../Engine/Content/EngineResources/WhiteSquareTexture.uasset" 83
"../../../Engine/Content/EngineMaterials/Widget3DPassThrough.uasset" 84
"../../../Engine/Content/EngineMaterials/Widget3DPassThrough_Masked.uasset" 85
"../../../Engine/Content/EngineMaterials/Widget3DPassThrough_Opaque.uasset" 86
"../../../Engine/Content/EngineMaterials/Widget3DPassThrough_Masked_OneSided.uasset" 87
"../../../Engine/Content/EngineMaterials/Widget3DPassThrough_Opaque_OneSided.uasset" 88
"../../../Engine/Content/EngineMaterials/Widget3DPassThrough_Translucent.uasset" 89
"../../../Engine/Content/EngineMaterials/Widget3DPassThrough_Translucent_OneSided.uasset" 90
"../../../Engine/Content/EngineMeshes/Cylinder.uasset" 91
"../../../Engine/Content/EngineMeshes/Sphere.uasset" 92
"../../../Engine/Content/EngineResources/DefaultTextureCube.uasset" 93
"../../../Engine/Content/EngineResources/DefaultVolumeTexture2D.uasset" 94
"../../../Engine/Content/EngineResources/DefaultVolumeTexture.uasset" 95
"../../../Engine/Content/EngineResources/GradientTexture0.uasset" 96
"../../../Engine/Content/EngineSky/VolumetricClouds/T_NoiseShape64.uasset" 97
"../../../Engine/Content/EngineSky/VolumetricClouds/T_VolumeNoiseShape64.uasset" 98
"../../../Engine/Content/EngineSky/VolumetricClouds/T_NoiseErosion.uasset" 99
"../../../Engine/Content/EngineSky/VolumetricClouds/T_VolumeNoiseErosion32.uasset" 100
"../../../Engine/Content/EngineSky/VolumetricClouds/CloudWeatherTexture.uasset" 101
"../../../Engine/Content/EngineSky/VolumetricClouds/CloudGradientTexture.uasset" 102
"../../../Engine/Content/Functions/Engine_MaterialFunctions02/Utility/MakeFloat2.uasset" 103
"../../../Engine/Content/EngineSky/VolumetricClouds/m_SimpleVolumetricCloud.uasset" 104
"../../../Engine/Content/EngineSky/VolumetricClouds/m_SimpleVolumetricCloud_Inst.uasset" 105
"../../../Engine/Content/EngineSounds/Master.uasset" 106
"../../../Engine/Content/Functions/Engine_MaterialFunctions01/Shading/PowerToRoughness.uasset" 107
"../../../Engine/Content/Maps/Templates/Thumbnails/Default.uasset" 108
"../../../Engine/Content/Maps/Templates/Thumbnails/TimeOfDay.uasset" 109
"../../../Engine/Content/Maps/Templates/Thumbnails/VR-Basic.uasset" 110
"../../../Engine/Content/MobileResources/T_MobileControls_texture.uasset" 111
"../../../Engine/Content/MobileResources/T_MobileMenu2.uasset" 112
"../../../Engine/Content/MobileResources/HUD/AnalogHat.uasset" 113
"../../../Engine/Content/MobileResources/HUD/VirtualJoystick_Thumb.uasset" 114
"../../../Engine/Content/MobileResources/HUD/VirtualJoystick_Background.uasset" 115
"../../../Engine/Content/MobileResources/HUD/DefaultVirtualJoysticks.uasset" 116
"../../../Engine/Content/MobileResources/HUD/MobileHUDButton1_off.uasset" 117
"../../../Engine/Content/MobileResources/HUD/MobileHUDButton1_on.uasset" 118
"../../../Engine/Content/MobileResources/HUD/MobileHUDButton2_off.uasset" 119
"../../../Engine/Content/MobileResources/HUD/MobileHUDButton2_on.uasset" 120
"../../../Engine/Content/MobileResources/HUD/MobileHUDButton3.uasset" 121
"../../../Engine/Content/MobileResources/HUD/MobileHUDButtonFire.uasset" 122
"../../../Engine/Content/MobileResources/HUD/MobileHUDDirectionPad.uasset" 123
"../../../Engine/Content/MobileResources/HUD/MobileHUDDirectionPad2.uasset" 124
"../../../Engine/Content/MobileResources/HUD/MobileHUDDirectionPad3.uasset" 125
"../../../Engine/Content/MobileResources/HUD/MobileHUDDirectionStick.uasset" 126
"../../../Engine/Content/MobileResources/HUD/T_Castle_ThumbstickInner.uasset" 127
"../../../Engine/Content/MobileResources/HUD/T_Castle_ThumbstickOutter.uasset" 128
"../../../Engine/Content/Tutorial/ContentIntroCurve.uasset" 129
"../../../Engine/Content/Tutorial/Basics/LevelEditorAttract.uasset" 130
"../../../Engine/Content/VREditor/TransformGizmo/TranslucentTransformGizmoMaterial.uasset" 131
"../../../Engine/Content/VREditor/LaserPointer/VR_LaserPower_01.uasset" 132
"../../../Engine/Content/VREditor/TransformGizmo/TransformGizmoMaterial.uasset" 133
"../../../Engine/Content/VREditor/TransformGizmo/BoundingBoxCorner.uasset" 134
"../../../Engine/Content/VREditor/TransformGizmo/BoundingBoxEdge.uasset" 135
"../../../Engine/Content/VREditor/TransformGizmo/PlaneTranslationHandle.uasset" 136
"../../../Engine/Content/VREditor/TransformGizmo/Xray.uasset" 137
"../../../Engine/Content/VREditor/TransformGizmo/Main.uasset" 138
"../../../Engine/Content/VREditor/TransformGizmo/SM_Sequencer_Key.uasset" 139
"../../../Engine/Content/VREditor/TransformGizmo/SM_Sequencer_Node.uasset" 140
"../../Plugins/2D/Paper2D/Content/PlaceholderTextures/DummySpriteTexture.uasset" 141
"../../Plugins/2D/Paper2D/Content/DummySprite.uasset" 142
"../../Plugins/2D/Paper2D/Content/DefaultPaperTerrainMaterial.uasset" 143
"../../Plugins/2D/Paper2D/Content/DefaultSpriteMaterial.uasset" 144
"../../Plugins/2D/Paper2D/Content/MaskedUnlitSpriteMaterial.uasset" 145
"../../Plugins/2D/Paper2D/Content/OpaqueUnlitSpriteMaterial.uasset" 146
"../../../Engine/Content/Functions/Engine_MaterialFunctions02/Utility/BreakOutFloat3Components.uasset" 147
"../../Plugins/Editor/SpeedTreeImporter/Content/SpeedTree9/UnpackInteger3.uasset" 148
"../../Plugins/Editor/SpeedTreeImporter/Content/SpeedTree9/UnpackDirection.uasset" 149
"../../Plugins/Editor/SpeedTreeImporter/Content/SpeedTree9/game_wind_noise.uasset" 150
"../../../Engine/Content/Functions/Engine_MaterialFunctions02/SafeNormalize.uasset" 151
"../../Plugins/Editor/SpeedTreeImporter/Content/SpeedTree9/SpeedTreeWindMotion.uasset" 152
"../../Plugins/Editor/SpeedTreeImporter/Content/SpeedTree9/SpeedTreeBranchMotion.uasset" 153
"../../../Engine/Content/Functions/Engine_MaterialFunctions02/ObjectLocalBounds.uasset" 154
"../../../Engine/Content/Functions/Engine_MaterialFunctions02/UVs/BoundingBoxBased_0-1_UVW.uasset" 155
"../../Plugins/Editor/SpeedTreeImporter/Content/SpeedTree9/SpeedTreeWind.uasset" 156
"../../Plugins/Editor/SpeedTreeImporter/Content/SpeedTree9/SpeedTreeBillboard.uasset" 157
"../../../Engine/Content/EngineResources/DefaultTexture.uasset" 158
"../../Plugins/Editor/SpeedTreeImporter/Content/SpeedTree9/SpeedTreeBillboardMaster.uasset" 159
"../../Plugins/Editor/SpeedTreeImporter/Content/SpeedTree9/SpeedTreeCameraFacing.uasset" 160
"../../Plugins/Editor/SpeedTreeImporter/Content/SpeedTree9/SpeedTreeMaster.uasset" 161
"../../../Engine/Content/BasicShapes/Cylinder.uasset" 162
"../../../Engine/Content/ArtTools/RenderToTexture/Materials/Debug/M_Emissive_Color.uasset" 163
"../../Plugins/Lumin/MagicLeapPassableWorld/Content/MagicLeapARPinInfoActor.uasset" 164
"../../../../UnrealEngine/Projects/WorldAtWar_Phone/Content/Audio/Settings/SC_Ambient.uasset" 165
"../../../../UnrealEngine/Projects/WorldAtWar_Phone/Content/Audio/Ambient/MainMenu/S_Ambient_MainMenu.uasset" 166
"../../../../UnrealEngine/Projects/WorldAtWar_Phone/Content/Textures/HUD/T_Border_Item.uasset" 167
"../../../../UnrealEngine/Projects/WorldAtWar_Phone/Content/Textures/HUD/MainMenu/Weapons/T_Colt1911_Image.uasset" 168
"../../../../UnrealEngine/Projects/WorldAtWar_Phone/Content/Data/S_WeaponInfo.uasset" 169
"../../../../UnrealEngine/Projects/WorldAtWar_Phone/Content/Data/S_MapInfo.uasset" 170
"../../../../UnrealEngine/Projects/WorldAtWar_Phone/Content/Textures/HUD/MainMenu/Maps/T_Map_NachtDerUntoten.uasset" 171
"../../../../UnrealEngine/Projects/WorldAtWar_Phone/Content/Textures/HUD/MainMenu/Maps/T_Map_FatalPit.uasset" 172
"../../../../UnrealEngine/Projects/WorldAtWar_Phone/Content/Data/DT_MapInfo.uasset" 173
"../../../../UnrealEngine/Projects/WorldAtWar_Phone/Content/UI/MainMenu/W_MapInfoWidget.uasset" 174
"../../../../UnrealEngine/Projects/WorldAtWar_Phone/Content/UI/MainMenu/Online/W_ServerBrowserItem.uasset" 175
"../../../../UnrealEngine/Projects/WorldAtWar_Phone/Content/UI/MainMenu/Online/W_PlayerLobbySlot.uasset" 176
"../../../../UnrealEngine/Projects/WorldAtWar_Phone/Content/UI/MainMenu/Online/W_ChatMessage.uasset" 177
"../../../Engine/Content/EngineFonts/Faces/RobotoRegular.uasset" 178
"../../../Engine/Content/EngineFonts/Faces/RobotoLight.uasset" 179
"../../../Engine/Content/EngineFonts/Faces/RobotoItalic.uasset" 180
"../../../Engine/Content/EngineFonts/Faces/RobotoBoldItalic.uasset" 181
"../../../Engine/Content/EngineFonts/Faces/RobotoBold.uasset" 182
"../../../Engine/Content/EngineFonts/Faces/DroidSansFallback.uasset" 183
"../../../Engine/Content/EngineFonts/Roboto.uasset" 184
"../../../../UnrealEngine/Projects/WorldAtWar_Phone/Content/UI/MainMenu/Online/W_LobbyChat.uasset" 185
"../../../../UnrealEngine/Projects/WorldAtWar_Phone/Content/UI/MainMenu/Online/W_HostMapButton.uasset" 186
"../../../../UnrealEngine/Projects/WorldAtWar_Phone/Content/Textures/HUD/MainMenu/Weapons/T_STG44_Silver.uasset" 187
"../../../../UnrealEngine/Projects/WorldAtWar_Phone/Content/Textures/HUD/MainMenu/Weapons/T_STG44_Rare.uasset" 188
"../../../../UnrealEngine/Projects/WorldAtWar_Phone/Content/Textures/HUD/MainMenu/Weapons/T_STG44.uasset" 189
"../../../../UnrealEngine/Projects/WorldAtWar_Phone/Content/Textures/HUD/MainMenu/Weapons/T_SilverBlade.uasset" 190
"../../../../UnrealEngine/Projects/WorldAtWar_Phone/Content/Textures/HUD/MainMenu/Weapons/T_M1Carbine_Elite.uasset" 191
"../../../../UnrealEngine/Projects/WorldAtWar_Phone/Content/Textures/HUD/MainMenu/Weapons/T_M1Carbine_Ancient.uasset" 192
"../../../../UnrealEngine/Projects/WorldAtWar_Phone/Content/Textures/HUD/MainMenu/Weapons/T_M1Carbine.uasset" 193
"../../../../UnrealEngine/Projects/WorldAtWar_Phone/Content/Textures/HUD/MainMenu/Weapons/T_HuntingBlade.uasset" 194
"../../../../UnrealEngine/Projects/WorldAtWar_Phone/Content/Textures/HUD/MainMenu/Weapons/T_DefaultKnife_Image.uasset" 195
"../../../../UnrealEngine/Projects/WorldAtWar_Phone/Content/Textures/HUD/MainMenu/Weapons/T_1911_Silver.uasset" 196
"../../../../UnrealEngine/Projects/WorldAtWar_Phone/Content/Textures/HUD/MainMenu/Weapons/T_1911_Rare.uasset" 197
"../../../../UnrealEngine/Projects/WorldAtWar_Phone/Content/Data/DT_WeaponInfo.uasset" 198
"../../../../UnrealEngine/Projects/WorldAtWar_Phone/Content/UI/MainMenu/W_WeaponInfo_Widget.uasset" 199
"../../../../UnrealEngine/Projects/WorldAtWar_Phone/Content/Textures/HUD/MainMenu/T_Manual.uasset" 200
"../../../../UnrealEngine/Projects/WorldAtWar_Phone/Content/Audio/Settings/SC_Interface.uasset" 201
"../../../../UnrealEngine/Projects/WorldAtWar_Phone/Content/Audio/Interface/S_Button_Back.uasset" 202
"../../../../UnrealEngine/Projects/WorldAtWar_Phone/Content/UI/MainMenu/W_WeaponInfo_Effects.uasset" 203
"../../../../UnrealEngine/Projects/WorldAtWar_Phone/Content/Textures/HUD/MainMenu/T_Border.uasset" 204
"../../../../UnrealEngine/Projects/WorldAtWar_Phone/Content/Audio/Interface/S_Button_Go.uasset" 205
"../../../../UnrealEngine/Projects/WorldAtWar_Phone/Content/UI/MainMenu/W_WeaponInfo_Button.uasset" 206
"../../../../UnrealEngine/Projects/WorldAtWar_Phone/Content/UI/MainMenu/W_SoloMapButton.uasset" 207
"../../../Engine/Content/Engine_MI_Shaders/T_Cubemap_01_tex.uasset" 208
"../../../../UnrealEngine/Projects/WorldAtWar_Phone/Content/Data/S_EnemyInfo.uasset" 209
"../../../../UnrealEngine/Projects/WorldAtWar_Phone/Content/Textures/HUD/MainMenu/Enemies/T_ZombieSoldier_Image.uasset" 210
"../../../../UnrealEngine/Projects/WorldAtWar_Phone/Content/Textures/HUD/MainMenu/Enemies/T_Zombie_Turned_Image.uasset" 211
"../../../../UnrealEngine/Projects/WorldAtWar_Phone/Content/Textures/HUD/MainMenu/Enemies/T_Zombie_Resurrected_Image.uasset" 212
"../../../../UnrealEngine/Projects/WorldAtWar_Phone/Content/Textures/HUD/MainMenu/Enemies/T_Zombie_Infected_Image.uasset" 213
"../../../../UnrealEngine/Projects/WorldAtWar_Phone/Content/Data/DT_EnemyInfo.uasset" 214
"../../../Engine/Content/EditorBlueprintResources/StandardMacros.uasset" 215
"../../../../UnrealEngine/Projects/WorldAtWar_Phone/Content/UI/MainMenu/W_EnemyInfo_Widget.uasset" 216
"../../../../UnrealEngine/Projects/WorldAtWar_Phone/Content/UI/MainMenu/W_EnemyInfo_Effects.uasset" 217
"../../../../UnrealEngine/Projects/WorldAtWar_Phone/Content/UI/MainMenu/W_EnemyInfo_Button.uasset" 218
"../../../../UnrealEngine/Projects/WorldAtWar_Phone/Content/Textures/HUD/ActionButtons/T_SwitchWeapon.uasset" 219
"../../../../UnrealEngine/Projects/WorldAtWar_Phone/Content/Textures/HUD/ActionButtons/T_Reload.uasset" 220
"../../../../UnrealEngine/Projects/WorldAtWar_Phone/Content/Textures/HUD/ActionButtons/T_Knife.uasset" 221
"../../../../UnrealEngine/Projects/WorldAtWar_Phone/Content/Textures/HUD/ActionButtons/T_Jump.uasset" 222
"../../../../UnrealEngine/Projects/WorldAtWar_Phone/Content/Textures/HUD/ActionButtons/T_Fire.uasset" 223
"../../../../UnrealEngine/Projects/WorldAtWar_Phone/Content/Textures/HUD/ActionButtons/T_Aim.uasset" 224
"../../../../UnrealEngine/Projects/WorldAtWar_Phone/Content/UI/MainMenu/W_Control.uasset" 225
"../../../../UnrealEngine/Projects/WorldAtWar_Phone/Content/Textures/HUD/MainMenu/MainMenuThemes/T_MainMenu_03.uasset" 226
"../../../../UnrealEngine/Projects/WorldAtWar_Phone/Content/Textures/HUD/MainMenu/MainMenuThemes/T_MainMenu_02.uasset" 227
"../../../../UnrealEngine/Projects/WorldAtWar_Phone/Content/Textures/HUD/MainMenu/MainMenuThemes/T_MainMenu_01.uasset" 228
"../../../../UnrealEngine/Projects/WorldAtWar_Phone/Content/Textures/HUD/MainMenu/T_Training.uasset" 229
"../../../../UnrealEngine/Projects/WorldAtWar_Phone/Content/Textures/HUD/MainMenu/T_Manual_Weapons.uasset" 230
"../../../../UnrealEngine/Projects/WorldAtWar_Phone/Content/Textures/HUD/MainMenu/T_Manual_Enemies.uasset" 231
"../../../../UnrealEngine/Projects/WorldAtWar_Phone/Content/Textures/Game/Ranks/T_Rank_10.uasset" 232
"../../../../UnrealEngine/Projects/WorldAtWar_Phone/Content/Textures/Game/Ranks/T_Rank_09.uasset" 233
"../../../../UnrealEngine/Projects/WorldAtWar_Phone/Content/Textures/Game/Ranks/T_Rank_08.uasset" 234
"../../../../UnrealEngine/Projects/WorldAtWar_Phone/Content/Textures/Game/Ranks/T_Rank_07.uasset" 235
"../../../../UnrealEngine/Projects/WorldAtWar_Phone/Content/Textures/Game/Ranks/T_Rank_06.uasset" 236
"../../../../UnrealEngine/Projects/WorldAtWar_Phone/Content/Textures/Game/Ranks/T_Rank_05.uasset" 237
"../../../../UnrealEngine/Projects/WorldAtWar_Phone/Content/Textures/Game/Ranks/T_Rank_04.uasset" 238
"../../../../UnrealEngine/Projects/WorldAtWar_Phone/Content/Textures/Game/Ranks/T_Rank_03.uasset" 239
"../../../../UnrealEngine/Projects/WorldAtWar_Phone/Content/Textures/Game/Ranks/T_Rank_02.uasset" 240
"../../../../UnrealEngine/Projects/WorldAtWar_Phone/Content/Textures/Game/Ranks/T_Rank_01.uasset" 241
"../../../../UnrealEngine/Projects/WorldAtWar_Phone/Content/UI/Game/GameOver/W_LadderRecord.uasset" 242
"../../../../UnrealEngine/Projects/WorldAtWar_Phone/Content/Data/S_LadderInfo.uasset" 243
"../../../../UnrealEngine/Projects/WorldAtWar_Phone/Content/UI/Game/GameOver/W_Ladder.uasset" 244
"../../../../UnrealEngine/Projects/WorldAtWar_Phone/Content/BlueprintClasses/Game/BPI_SaveGame.uasset" 245
"../../../../UnrealEngine/Projects/WorldAtWar_Phone/Content/BlueprintClasses/Game/SG_PlayerInfo.uasset" 246
"../../../../UnrealEngine/Projects/WorldAtWar_Phone/Content/BlueprintClasses/BPI_GameInstance.uasset" 247
"../../../../UnrealEngine/Projects/WorldAtWar_Phone/Content/BlueprintClasses/BP_NaziZombieGameInstanceBase.uasset" 248
"../../../../UnrealEngine/Projects/WorldAtWar_Phone/Content/Audio/Interface/S_EnterGame.uasset" 249
"../../../../UnrealEngine/Projects/WorldAtWar_Phone/Content/Data/S_SkinColor.uasset" 250
"../../../../UnrealEngine/Projects/WorldAtWar_Phone/Content/Data/DT_SkinColor.uasset" 251
"../../../../UnrealEngine/Projects/WorldAtWar_Phone/Content/Audio/Settings/SC_Effects.uasset" 252
"../../../../UnrealEngine/Projects/WorldAtWar_Phone/Content/UI/Game/Menu/W_Settings.uasset" 253
"../../../../UnrealEngine/Projects/WorldAtWar_Phone/Content/UI/MainMenu/W_MainMenu.uasset" 254
"../../../../UnrealEngine/Projects/WorldAtWar_Phone/Content/Maps/MainMenu/MainMenuLevel.umap" 255
"../../../../UnrealEngine/Projects/WorldAtWar_Phone/Content/Data/Gameplay/E_Actions.uasset" 256
"../../../../UnrealEngine/Projects/WorldAtWar_Phone/Content/BlueprintClasses/Player/BPI_HUD.uasset" 257
"../../../../UnrealEngine/Projects/WorldAtWar_Phone/Content/Weapons/Knife/Default/Textures/Silver/Knife_M_DecorSilver_OcclusionRoughnessMetallic.uasset" 258
"../../../../UnrealEngine/Projects/WorldAtWar_Phone/Content/Weapons/Knife/Default/Textures/Silver/Knife_M_DecorSilver_Normal.uasset" 259
"../../../../UnrealEngine/Projects/WorldAtWar_Phone/Content/Weapons/Knife/Default/Textures/Silver/Knife_M_DecorSilver_BaseColor.uasset" 260
"../../../../UnrealEngine/Projects/WorldAtWar_Phone/Content/Weapons/Knife/Default/Textures/Knife_M_Base_OcclusionRoughnessMetallic.uasset" 261
"../../../../UnrealEngine/Projects/WorldAtWar_Phone/Content/Weapons/Knife/Default/Textures/Knife_M_Base_Normal.uasset" 262
"../../../../UnrealEngine/Projects/WorldAtWar_Phone/Content/Weapons/Knife/Default/Textures/Knife_M_Base_BaseColor.uasset" 263
"../../../../UnrealEngine/Projects/WorldAtWar_Phone/Content/Weapons/Knife/Default/Textures/M_MasterKnife.uasset" 264
"../../../../UnrealEngine/Projects/WorldAtWar_Phone/Content/Weapons/Knife/Default/MI_KnifeDecor_Silver.uasset" 265
"../../../../UnrealEngine/Projects/WorldAtWar_Phone/Content/Weapons/Knife/Default/MI_KnifeBase.uasset" 266
"../../../../UnrealEngine/Projects/WorldAtWar_Phone/Content/Weapons/Knife/Default/SM_DefaultKnife.uasset" 267
"../../../../UnrealEngine/Projects/WorldAtWar_Phone/Content/BlueprintClasses/Player/BPI_PlayerState.uasset" 268
"../../../../UnrealEngine/Projects/WorldAtWar_Phone/Content/UI/Game/GameOver/W_BattleStats.uasset" 269
"../../../../UnrealEngine/Projects/WorldAtWar_Phone/Content/Data/Gameplay/E_NameCodes.uasset" 270
"../../../../UnrealEngine/Projects/WorldAtWar_Phone/Content/BlueprintClasses/Player/BPI_PlayerCharacter.uasset" 271
"../../../../UnrealEngine/Projects/WorldAtWar_Phone/Content/UI/Game/GameOver/W_AddRecordToLadder.uasset" 272
"../../../../UnrealEngine/Projects/WorldAtWar_Phone/Content/Data/MPC_SkinColor.uasset" 273
"../../../../UnrealEngine/Projects/WorldAtWar_Phone/Content/Character/TP/TP/Third_Person_Character_Skeleton.uasset" 274
"../../../Engine/Content/Animation/DefaultAnimCurveCompressionSettings.uasset" 275
"../../../Engine/Content/Animation/DefaultAnimBoneCompressionSettings.uasset" 276
"../../../../UnrealEngine/Projects/WorldAtWar_Phone/Content/Character/TP/Animations/Knife/TP_Arms_KnifeAttack1.uasset" 277
"../../../../UnrealEngine/Projects/WorldAtWar_Phone/Content/Character/TP/Animations/Knife/AM_TP_Knife.uasset" 278
"../../../../UnrealEngine/Projects/WorldAtWar_Phone/Content/Character/FPS/FPSArms_Skeleton.uasset" 279
"../../../../UnrealEngine/Projects/WorldAtWar_Phone/Content/Character/FPS/Animations/Knife/FPS_KnifeAttack_2.uasset" 280
"../../../../UnrealEngine/Projects/WorldAtWar_Phone/Content/Character/FPS/Animations/Knife/FPS_KnifeAttack_1.uasset" 281
"../../../../UnrealEngine/Projects/WorldAtWar_Phone/Content/Audio/Settings/SA_CharacterEffects.uasset" 282
"../../../../UnrealEngine/Projects/WorldAtWar_Phone/Content/Audio/WeaponSounds/Knife/S_Knife_Attack.uasset" 283
"../../../../UnrealEngine/Projects/WorldAtWar_Phone/Content/Character/FPS/Animations/Knife/AM_FPS_KnifeAttack.uasset" 284
"../../../../UnrealEngine/Projects/WorldAtWar_Phone/Content/Weapons/Knife/SilverKnife/Textures/T_SilverKnife_Roughness.uasset" 285
"../../../../UnrealEngine/Projects/WorldAtWar_Phone/Content/Weapons/Knife/SilverKnife/Textures/T_SilverKnife_Normal.uasset" 286
"../../../../UnrealEngine/Projects/WorldAtWar_Phone/Content/Weapons/Knife/SilverKnife/Textures/T_SilverKnife_Metallic.uasset" 287
"../../../../UnrealEngine/Projects/WorldAtWar_Phone/Content/Weapons/Knife/SilverKnife/Textures/T_SilverKnife_BaseColor.uasset" 288
"../../../../UnrealEngine/Projects/WorldAtWar_Phone/Content/Weapons/Knife/SilverKnife/Textures/T_SilverKnife_AO.uasset" 289
"../../../../UnrealEngine/Projects/WorldAtWar_Phone/Content/Weapons/Knife/SilverKnife/Textures/M_SilverKnife.uasset" 290
"../../../../UnrealEngine/Projects/WorldAtWar_Phone/Content/Weapons/Knife/SilverKnife/SM_SilverBlade.uasset" 291
"../../../../UnrealEngine/Projects/WorldAtWar_Phone/Content/Weapons/Knife/SilverKnife/BP_SilverBlade.uasset" 292
"../../../../UnrealEngine/Projects/WorldAtWar_Phone/Content/Weapons/1911/Meshes/1911_PhysicsAsset.uasset" 293
"../../../../UnrealEngine/Projects/WorldAtWar_Phone/Content/Weapons/1911/Meshes/1911_Skeleton.uasset" 294
"../../../../UnrealEngine/Projects/WorldAtWar_Phone/Content/Weapons/1911/Textures/Colt_Roughness.uasset" 295
"../../../../UnrealEngine/Projects/WorldAtWar_Phone/Content/Weapons/1911/Textures/Colt_Normal_DirectX.uasset" 296
"../../../../UnrealEngine/Projects/WorldAtWar_Phone/Content/Weapons/1911/Textures/Colt_Mixed_AO.uasset" 297
"../../../../UnrealEngine/Projects/WorldAtWar_Phone/Content/Weapons/1911/Textures/Colt_Metallic.uasset" 298
"../../../../UnrealEngine/Projects/WorldAtWar_Phone/Content/Weapons/1911/Textures/Colt_Base_Color.uasset" 299
"../../../../UnrealEngine/Projects/WorldAtWar_Phone/Content/Weapons/1911/Textures/M_Colt1911.uasset" 300
"../../../../UnrealEngine/Projects/WorldAtWar_Phone/Content/Weapons/1911/Meshes/1911.uasset" 301
"../../../../UnrealEngine/Projects/WorldAtWar_Phone/Content/Audio/Settings/SA_WeaponManipulator.uasset" 302
"../../../../UnrealEngine/Projects/WorldAtWar_Phone/Content/Audio/WeaponSounds/Reload/Pistol/S_pistol_mag_out.uasset" 303
"../../../../UnrealEngine/Projects/WorldAtWar_Phone/Content/Audio/WeaponSounds/Reload/Pistol/S_pistol_mag_in.uasset" 304
"../../../../UnrealEngine/Projects/WorldAtWar_Phone/Content/Weapons/1911/Animations/1911_Reload.uasset" 305
"../../../../UnrealEngine/Projects/WorldAtWar_Phone/Content/Weapons/WeaponEffects/BulletCases/45auto/45auto_nor.uasset" 306
"../../../../UnrealEngine/Projects/WorldAtWar_Phone/Content/Weapons/WeaponEffects/BulletCases/45auto/45auto_base.uasset" 307
"../../../../UnrealEngine/Projects/WorldAtWar_Phone/Content/Weapons/WeaponEffects/BulletCases/30Carbine/30Carbine_nor.uasset" 308
"../../../../UnrealEngine/Projects/WorldAtWar_Phone/Content/Weapons/WeaponEffects/BulletCases/M_EmptyCaseMaster.uasset" 309
"../../../../UnrealEngine/Projects/WorldAtWar_Phone/Content/Weapons/WeaponEffects/BulletCases/45auto/45auto_orm.uasset" 310
"../../../../UnrealEngine/Projects/WorldAtWar_Phone/Content/Weapons/WeaponEffects/BulletCases/45auto/MI_EmptyCase_45auto.uasset" 311
"../../../../UnrealEngine/Projects/WorldAtWar_Phone/Content/Weapons/WeaponEffects/BulletCases/45auto/45EmptyCase_1911.uasset" 312
"../../Plugins/FX/Niagara/Content/Functions/System/SystemChangeState.uasset" 313
"../../Plugins/FX/Niagara/Content/Enums/ENiagaraSystemInactiveMode.uasset" 314
"../../Plugins/FX/Niagara/Content/Enums/ENiagara_EmitterStateOptions.uasset" 315
"../../Plugins/FX/Niagara/Content/Modules/System/SystemState.uasset" 316
"../../Plugins/FX/Niagara/Content/Enums/ENiagaraRestitutionMergeType.uasset" 317
"../../Plugins/FX/Niagara/Content/Enums/ENiagaraRandomnessMode.uasset" 318
"../../Plugins/FX/Niagara/Content/Enums/ENiagaraInactiveMode.uasset" 319
"../../Plugins/FX/Niagara/Content/Enums/ENiagaraFrictionMergeType.uasset" 320
"../../Plugins/FX/Niagara/Content/Enums/ENiagaraEmitterScalabilityMode_Limited.uasset" 321
"../../Plugins/FX/Niagara/Content/Enums/ENiagaraEmitterLifeCycleMode.uasset" 322
"../../Plugins/FX/Niagara/Content/Enums/ENiagaraCoordinateSpace.uasset" 323
"../../Plugins/FX/Niagara/Content/Enums/ENiagaraCollisionRadiusOptions.uasset" 324
"../../Plugins/FX/Niagara/Content/Enums/ENiagaraChannelCorrelation.uasset" 325
"../../Plugins/FX/Niagara/Content/Enums/ENiagaraCalculateRadiusOptions.uasset" 326
"../../Plugins/FX/Niagara/Content/Enums/ENiagara_UVFlippingMode.uasset" 327
"../../Plugins/FX/Niagara/Content/Enums/ENiagara_SpriteRotationMode.uasset" 328
"../../Plugins/FX/Niagara/Content/Enums/ENiagara_SizeScaleMode.uasset" 329
"../../Plugins/FX/Niagara/Content/Enums/ENiagara_PositionInitializationMode.uasset" 330
"../../Plugins/FX/Niagara/Content/Enums/ENiagara_MassInitializationMode.uasset" 331
"../../Plugins/FX/Niagara/Content/Enums/ENiagara_LifetimeMode.uasset" 332
"../../Plugins/FX/Niagara/Content/Enums/ENiagara_InfiniteLoopDuration.uasset" 333
"../../Plugins/FX/Niagara/Content/Enums/ENiagara_GPUCollisionType.uasset" 334
"../../Plugins/FX/Niagara/Content/Enums/ENiagara_CPUCollisionType.uasset" 335
"../../Plugins/FX/Niagara/Content/Enums/ENiagara_ColorInitializationMode.uasset" 336
"../../../../UnrealEngine/Projects/WorldAtWar_Phone/Content/Weapons/WeaponEffects/BulletCases/8mm/8mm_orm.uasset" 337
"../../../../UnrealEngine/Projects/WorldAtWar_Phone/Content/Weapons/WeaponEffects/BulletCases/8mm/8mm_nor.uasset" 338
"../../../../UnrealEngine/Projects/WorldAtWar_Phone/Content/Weapons/WeaponEffects/BulletCases/8mm/8mm_base.uasset" 339
"../../../../UnrealEngine/Projects/WorldAtWar_Phone/Content/Weapons/WeaponEffects/BulletCases/8mm/MI_EmptyCase_8mm.uasset" 340
"../../../../UnrealEngine/Projects/WorldAtWar_Phone/Content/Weapons/WeaponEffects/BulletCases/8mm/8mmEmptyCase.uasset" 341
"../../Plugins/FX/Niagara/Content/Modules/Update/Lifetime/ParticleState.uasset" 342
"../../Plugins/FX/Niagara/Content/Functions/Localspace/TransformBase.uasset" 343
"../../Plugins/FX/Niagara/Content/Functions/Localspace/TransformVector.uasset" 344
"../../Plugins/FX/Niagara/Content/Modules/Update/Forces/GravityForce.uasset" 345
"../../Plugins/FX/Niagara/Content/Modules/Spawn/Velocity/AddVelocity.uasset" 346
"../../Plugins/FX/Niagara/Content/Enums/ENiagaraRandomnessEvaluation.uasset" 347
"../../Plugins/FX/Niagara/Content/Functions/V2/CalculateRandomRangeFloat.uasset" 348
"../../Plugins/FX/Niagara/Content/Functions/V2/CalculateRandomRange.uasset" 349
"../../Plugins/FX/Niagara/Content/Functions/V2/CalculateRandomRangeInteger.uasset" 350
"../../Plugins/FX/Niagara/Content/Functions/V2/CalculateRandomBool.uasset" 351
"../../Plugins/FX/Niagara/Content/Functions/LinearColor/HueShiftLinearColor.uasset" 352
"../../Plugins/FX/Niagara/Content/Functions/Localspace/SimulationPosition.uasset" 353
"../../Plugins/FX/Niagara/Content/Modules/Spawn/Initialization/V2/InitializeParticle.uasset" 354
"../../Plugins/FX/Niagara/Content/Functions/DirectionAndLengthSafe.uasset" 355
"../../Plugins/FX/Niagara/Content/Modules/Solvers/SolveForcesAndVelocity.uasset" 356
"../../Plugins/FX/Niagara/Content/Modules/Solvers/ApplyInitialForces.uasset" 357
"../../Plugins/FX/Niagara/Content/Modules/Emitter/SpawnBurst_Instantaneous.uasset" 358
"../../Plugins/FX/Niagara/Content/Functions/Emitter/EmitterChangeState.uasset" 359
"../../Plugins/FX/Niagara/Content/Enums/ENiagaraExecutionStateManagement.uasset" 360
"../../Plugins/FX/Niagara/Content/Modules/Emitter/EmitterState.uasset" 361
"../../Plugins/FX/Niagara/Content/Modules/Collision/SceneDepthTest.uasset" 362
"../../Plugins/FX/Niagara/Content/Modules/Collision/NiagaraDistanceFieldCollisions.uasset" 363
"../../Plugins/FX/Niagara/Content/Functions/GetRandomInfo.uasset" 364
"../../Plugins/FX/Niagara/Content/Functions/RandomRangeFloat.uasset" 365
"../../Plugins/FX/Niagara/Content/Functions/Rotation/MultiplyVectorWithQuaternion.uasset" 366
"../../Plugins/FX/Niagara/Content/Functions/Rotation/FindQuatBetween.uasset" 367
"../../Plugins/FX/Niagara/Content/Functions/Collision/RandomizeCollisionNormals.uasset" 368
"../../Plugins/FX/Niagara/Content/Functions/Collision/PlaneSphereCollisionDetection.uasset" 369
"../../Plugins/FX/Niagara/Content/Functions/ReflectVector.uasset" 370
"../../Plugins/FX/Niagara/Content/Functions/ProjectVectorOnPlane.uasset" 371
"../../Plugins/FX/Niagara/Content/Functions/Math/CentimeterMeterConversion.uasset" 372
"../../Plugins/FX/Niagara/Content/Modules/Collision/CollisionQueryAndResponse.uasset" 373
"../../Plugins/FX/Niagara/Content/Functions/Helpers/DoOnce_fn.uasset" 374
"../../Plugins/FX/Niagara/Content/Functions/Rotation/AxisAngleToQuaternion.uasset" 375
"../../Plugins/FX/Niagara/Content/Functions/Rotation/MultiplyQuaternion.uasset" 376
"../../Plugins/FX/Niagara/Content/Functions/CalculateRadiusFromSpriteSize.uasset" 377
"../../Plugins/FX/Niagara/Content/Functions/CalculateMeshRadius.uasset" 378
"../../Plugins/FX/Niagara/Content/Functions/Localspace/TransformPosition.uasset" 379
"../../Plugins/FX/Niagara/Content/Modules/Collision/Collision.uasset" 380
"../../../../UnrealEngine/Projects/WorldAtWar_Phone/Content/Weapons/WeaponEffects/BulletCases/NE_CaseEject.uasset" 381
"../../../../UnrealEngine/Projects/WorldAtWar_Phone/Content/Weapons/WeaponEffects/BulletCases/45auto/NS_CaseEject_45auto.uasset" 382
"../../../../UnrealEngine/Projects/WorldAtWar_Phone/Content/Audio/WeaponSounds/Fire/S_Pistol_Fire03.uasset" 383
"../../../../UnrealEngine/Projects/WorldAtWar_Phone/Content/Audio/WeaponSounds/Fire/S_Pistol_Fire02.uasset" 384
"../../../../UnrealEngine/Projects/WorldAtWar_Phone/Content/Audio/WeaponSounds/Fire/S_Pistol_Fire01.uasset" 385
"../../../../UnrealEngine/Projects/WorldAtWar_Phone/Content/Audio/Settings/SA_FireSound.uasset" 386
"../../../../UnrealEngine/Projects/WorldAtWar_Phone/Content/Audio/WeaponSounds/Fire/S-Pistol_Fire_Cue.uasset" 387
"../../../../UnrealEngine/Projects/WorldAtWar_Phone/Content/Weapons/1911/Animations/1911_Fire.uasset" 388
"../../../../UnrealEngine/Projects/WorldAtWar_Phone/Content/Weapons/T_Colt1911_UI.uasset" 389
"../../../../UnrealEngine/Projects/WorldAtWar_Phone/Content/Character/TP/Animations/1911/TP_Arms_1911_HipFire.uasset" 390
"../../../../UnrealEngine/Projects/WorldAtWar_Phone/Content/Character/TP/Animations/1911/TP_Arms_1911_ADSFire.uasset" 391
"../../../../UnrealEngine/Projects/WorldAtWar_Phone/Content/Character/TP/Animations/1911/AM_TP_1911.uasset" 392
"../../../../UnrealEngine/Projects/WorldAtWar_Phone/Content/Character/FPS/Animations/1911/FPS_Arms_1911_ReloadEmpty.uasset" 393
"../../../../UnrealEngine/Projects/WorldAtWar_Phone/Content/Character/FPS/Animations/1911/FPS_Arms_1911_Reload.uasset" 394
"../../../../UnrealEngine/Projects/WorldAtWar_Phone/Content/Character/FPS/Animations/1911/FPS_Arms_1911_HipFire.uasset" 395
"../../../../UnrealEngine/Projects/WorldAtWar_Phone/Content/Character/FPS/Animations/1911/FPS_Arms_1911_ADSFire.uasset" 396
"../../../../UnrealEngine/Projects/WorldAtWar_Phone/Content/Character/FPS/Animations/1911/AM_FPSArms_1911.uasset" 397
"../../../../UnrealEngine/Projects/WorldAtWar_Phone/Content/Weapons/1911/BP_Colt1911.uasset" 398
"../../../../UnrealEngine/Projects/WorldAtWar_Phone/Content/VFX/BP_DamageCameraShake.uasset" 399
"../../../../UnrealEngine/Projects/WorldAtWar_Phone/Content/BlueprintClasses/Zombies/BPI_EnemyBase.uasset" 400
"../../../../UnrealEngine/Projects/WorldAtWar_Phone/Content/Character/FPS/FPSArms_PhysicsAsset.uasset" 401
"../../../../UnrealEngine/Projects/WorldAtWar_Phone/Content/Character/FPS/Textures/FPSArms_M_FPS_Arms_OcclusionRoughnessMetallic.uasset" 402
"../../../../UnrealEngine/Projects/WorldAtWar_Phone/Content/Character/FPS/Textures/FPSArms_M_FPS_Arms_Normal.uasset" 403
"../../../../UnrealEngine/Projects/WorldAtWar_Phone/Content/Character/FPS/Textures/FPSArms_M_FPS_Arms_BaseColor.uasset" 404
"../../../../UnrealEngine/Projects/WorldAtWar_Phone/Content/Character/FPS/Textures/M_FPS_Arms.uasset" 405
"../../../../UnrealEngine/Projects/WorldAtWar_Phone/Content/Character/FPS/Textures/FPSArms_M_FPS_Gloves_OcclusionRoughnessMetallic.uasset" 406
"../../../../UnrealEngine/Projects/WorldAtWar_Phone/Content/Character/FPS/Textures/FPSArms_M_FPS_Gloves_Normal.uasset" 407
"../../../../UnrealEngine/Projects/WorldAtWar_Phone/Content/Character/FPS/Textures/FPSArms_M_FPS_Gloves_BaseColor.uasset" 408
"../../../../UnrealEngine/Projects/WorldAtWar_Phone/Content/Character/FPS/Textures/MI_FPS_Gloves.uasset" 409
"../../../../UnrealEngine/Projects/WorldAtWar_Phone/Content/Character/FPS/Textures/FPSArms_M_FPS_Cloths_OcclusionRoughnessMetallic.uasset" 410
"../../../../UnrealEngine/Projects/WorldAtWar_Phone/Content/Character/FPS/Textures/FPSArms_M_FPS_Cloths_Normal.uasset" 411
"../../../../UnrealEngine/Projects/WorldAtWar_Phone/Content/Character/FPS/Textures/FPSArms_M_FPS_Cloths_BaseColor.uasset" 412
"../../../../UnrealEngine/Projects/WorldAtWar_Phone/Content/Character/FPS/Textures/MI_FPS_Cloths.uasset" 413
"../../../../UnrealEngine/Projects/WorldAtWar_Phone/Content/Character/FPS/Textures/MI_FPS_Arms.uasset" 414
"../../../../UnrealEngine/Projects/WorldAtWar_Phone/Content/Character/FPS/FPSArms_Mobile.uasset" 415
"../../../../UnrealEngine/Projects/WorldAtWar_Phone/Content/Character/FPS/Animations/Stg44/FPS_Arms_STG44_HipWalk1.uasset" 416
"../../../../UnrealEngine/Projects/WorldAtWar_Phone/Content/Character/FPS/Animations/Stg44/FPS_Arms_STG44_HipWalk.uasset" 417
"../../../../UnrealEngine/Projects/WorldAtWar_Phone/Content/Character/FPS/Animations/Stg44/FPS_Arms_STG44_HipIdle.uasset" 418
"../../../../UnrealEngine/Projects/WorldAtWar_Phone/Content/Character/FPS/Animations/Stg44/BS_FPSArms_Hip_STG44.uasset" 419
"../../../../UnrealEngine/Projects/WorldAtWar_Phone/Content/Character/FPS/Animations/Stg44/FPS_Arms_STG44_ADSWalk.uasset" 420
"../../../../UnrealEngine/Projects/WorldAtWar_Phone/Content/Character/FPS/Animations/Stg44/FPS_Arms_STG44_ADSIdle.uasset" 421
"../../../../UnrealEngine/Projects/WorldAtWar_Phone/Content/Character/FPS/Animations/Stg44/BS_FPSArms_ADS_STG44.uasset" 422
"../../../../UnrealEngine/Projects/WorldAtWar_Phone/Content/Character/FPS/Animations/M1Carbine/FPS_Arms_M1Carbine_Walk1.uasset" 423
"../../../../UnrealEngine/Projects/WorldAtWar_Phone/Content/Character/FPS/Animations/M1Carbine/FPS_Arms_M1Carbine_Walk.uasset" 424
"../../../../UnrealEngine/Projects/WorldAtWar_Phone/Content/Character/FPS/Animations/M1Carbine/FPS_Arms_M1Carbine_HipIdle.uasset" 425
"../../../../UnrealEngine/Projects/WorldAtWar_Phone/Content/Character/FPS/Animations/M1Carbine/BS_FPSArms_Hip_M1Carbine.uasset" 426
"../../../../UnrealEngine/Projects/WorldAtWar_Phone/Content/Character/FPS/Animations/M1Carbine/FPS_Arms_M1Carbine_ADSWalk.uasset" 427
"../../../../UnrealEngine/Projects/WorldAtWar_Phone/Content/Character/FPS/Animations/M1Carbine/FPS_Arms_M1Carbine_ADSIdle.uasset" 428
"../../../../UnrealEngine/Projects/WorldAtWar_Phone/Content/Character/FPS/Animations/M1Carbine/BS_FPSArms_ADS_M1Carbine.uasset" 429
"../../../../UnrealEngine/Projects/WorldAtWar_Phone/Content/Character/FPS/Animations/1911/FPS_Arms_1911_HipWalk1.uasset" 430
"../../../../UnrealEngine/Projects/WorldAtWar_Phone/Content/Character/FPS/Animations/1911/FPS_Arms_1911_HipWalk.uasset" 431
"../../../../UnrealEngine/Projects/WorldAtWar_Phone/Content/Character/FPS/Animations/1911/FPS_Arms_1911_HipIdle.uasset" 432
"../../../../UnrealEngine/Projects/WorldAtWar_Phone/Content/Character/FPS/Animations/1911/BS_FPSArms_Hip1911.uasset" 433
"../../../../UnrealEngine/Projects/WorldAtWar_Phone/Content/Character/FPS/Animations/1911/FPS_Arms_1911_ADSWalk.uasset" 434
"../../../../UnrealEngine/Projects/WorldAtWar_Phone/Content/Character/FPS/Animations/1911/FPS_Arms_1911_ADSIdle.uasset" 435
"../../../../UnrealEngine/Projects/WorldAtWar_Phone/Content/Character/FPS/Animations/1911/BS_FPSArms_ADS1911.uasset" 436
"../../../../UnrealEngine/Projects/WorldAtWar_Phone/Content/Character/FPS/AnimBP_FPSArms.uasset" 437
"../../../../UnrealEngine/Projects/WorldAtWar_Phone/Content/Weapons/M1Carbine/Meshes/M1_Carbine_PhysicsAsset.uasset" 438
"../../../../UnrealEngine/Projects/WorldAtWar_Phone/Content/Weapons/M1Carbine/Textures/TM1Carbine_Normal.uasset" 439
"../../../../UnrealEngine/Projects/WorldAtWar_Phone/Content/Weapons/M1Carbine/Textures/T_M1Carbine_Specular.uasset" 440
"../../../../UnrealEngine/Projects/WorldAtWar_Phone/Content/Weapons/M1Carbine/Textures/T_M1Carbine_Rougnhess.uasset" 441
"../../../../UnrealEngine/Projects/WorldAtWar_Phone/Content/Weapons/M1Carbine/Textures/T_M1Carbine_BaseColor.uasset" 442
"../../../../UnrealEngine/Projects/WorldAtWar_Phone/Content/Weapons/M1Carbine/Textures/M_M1Carbine.uasset" 443
"../../../../UnrealEngine/Projects/WorldAtWar_Phone/Content/Weapons/M1Carbine/Meshes/M1_Carbine_Skeleton.uasset" 444
"../../../../UnrealEngine/Projects/WorldAtWar_Phone/Content/Weapons/M1Carbine/Meshes/M1_Carbine.uasset" 445
"../../../../UnrealEngine/Projects/WorldAtWar_Phone/Content/Audio/WeaponSounds/Reload/Rifle/S_mag_out.uasset" 446
"../../../../UnrealEngine/Projects/WorldAtWar_Phone/Content/Audio/WeaponSounds/Reload/Rifle/S_mag_in.uasset" 447
"../../../../UnrealEngine/Projects/WorldAtWar_Phone/Content/Audio/WeaponSounds/Reload/Rifle/S_bolt_rear.uasset" 448
"../../../../UnrealEngine/Projects/WorldAtWar_Phone/Content/Audio/WeaponSounds/Reload/Rifle/S_bolt_home.uasset" 449
"../../../../UnrealEngine/Projects/WorldAtWar_Phone/Content/Weapons/M1Carbine/Animations/M1Carbine_Reload.uasset" 450
"../../../../UnrealEngine/Projects/WorldAtWar_Phone/Content/Weapons/WeaponEffects/BulletCases/30Carbine/30Carbine_orm.uasset" 451
"../../../../UnrealEngine/Projects/WorldAtWar_Phone/Content/Weapons/WeaponEffects/BulletCases/30Carbine/30Carbine_base.uasset" 452
"../../../../UnrealEngine/Projects/WorldAtWar_Phone/Content/Weapons/WeaponEffects/BulletCases/30Carbine/MI_EmptyCase_30Carbine.uasset" 453
"../../../../UnrealEngine/Projects/WorldAtWar_Phone/Content/Weapons/WeaponEffects/BulletCases/30Carbine/30CarbineEmptyCase_Carbine.uasset" 454
"../../../../UnrealEngine/Projects/WorldAtWar_Phone/Content/Weapons/WeaponEffects/BulletCases/30Carbine/NS_CaseEject_30Carbine.uasset" 455
"../../../../UnrealEngine/Projects/WorldAtWar_Phone/Content/Audio/WeaponSounds/Fire/S_Fire_Rifle.uasset" 456
"../../../../UnrealEngine/Projects/WorldAtWar_Phone/Content/Weapons/M1Carbine/Animations/M1Carbine_Fire.uasset" 457
"../../../../UnrealEngine/Projects/WorldAtWar_Phone/Content/Character/TP/Animations/M1Carbine/TP_Arms_M1Carbine_HipFire.uasset" 458
"../../../../UnrealEngine/Projects/WorldAtWar_Phone/Content/Character/TP/Animations/M1Carbine/TP_Arms_M1Carbine_ADSFire.uasset" 459
"../../../../UnrealEngine/Projects/WorldAtWar_Phone/Content/Character/TP/Animations/M1Carbine/AM_TP_M1Carbine.uasset" 460
"../../../../UnrealEngine/Projects/WorldAtWar_Phone/Content/Character/FPS/Animations/M1Carbine/FPS_Arms_M1Carbine_ReloadEmpty.uasset" 461
"../../../../UnrealEngine/Projects/WorldAtWar_Phone/Content/Character/FPS/Animations/M1Carbine/FPS_Arms_M1Carbine_Reload.uasset" 462
"../../../../UnrealEngine/Projects/WorldAtWar_Phone/Content/Character/FPS/Animations/M1Carbine/FPS_Arms_M1Carbine_HipFire.uasset" 463
"../../../../UnrealEngine/Projects/WorldAtWar_Phone/Content/Character/FPS/Animations/M1Carbine/FPS_Arms_M1Carbine_ADSFire.uasset" 464
"../../../../UnrealEngine/Projects/WorldAtWar_Phone/Content/Character/FPS/Animations/M1Carbine/AM_FPSArms_M1Carbine.uasset" 465
"../../../../UnrealEngine/Projects/WorldAtWar_Phone/Content/Weapons/T_M1Carbine_UI.uasset" 466
"../../../../UnrealEngine/Projects/WorldAtWar_Phone/Content/Weapons/M1Carbine/BP_M1Carbine.uasset" 467
"../../../../UnrealEngine/Projects/WorldAtWar_Phone/Content/Audio/Game/S_RageStarted.uasset" 468
"../../../../UnrealEngine/Projects/WorldAtWar_Phone/Content/Audio/Characters/Player/S_Pain_12.uasset" 469
"../../../../UnrealEngine/Projects/WorldAtWar_Phone/Content/Audio/Characters/Player/S_Pain_11.uasset" 470
"../../../../UnrealEngine/Projects/WorldAtWar_Phone/Content/Audio/Characters/Player/S_Pain_10.uasset" 471
"../../../../UnrealEngine/Projects/WorldAtWar_Phone/Content/Audio/Characters/Player/S_Pain_09.uasset" 472
"../../../../UnrealEngine/Projects/WorldAtWar_Phone/Content/Audio/Characters/Player/S_Pain_08.uasset" 473
"../../../../UnrealEngine/Projects/WorldAtWar_Phone/Content/Audio/Characters/Player/S_Pain_07.uasset" 474
"../../../../UnrealEngine/Projects/WorldAtWar_Phone/Content/Audio/Characters/Player/S_Pain_06.uasset" 475
"../../../../UnrealEngine/Projects/WorldAtWar_Phone/Content/Audio/Characters/Player/S_Pain_05.uasset" 476
"../../../../UnrealEngine/Projects/WorldAtWar_Phone/Content/Audio/Characters/Player/S_Pain_04.uasset" 477
"../../../../UnrealEngine/Projects/WorldAtWar_Phone/Content/Audio/Characters/Player/S_Pain_03.uasset" 478
"../../../../UnrealEngine/Projects/WorldAtWar_Phone/Content/Audio/Characters/Player/S_Pain_02.uasset" 479
"../../../../UnrealEngine/Projects/WorldAtWar_Phone/Content/Audio/Characters/Player/S_Pain_01.uasset" 480
"../../../../UnrealEngine/Projects/WorldAtWar_Phone/Content/Audio/Characters/Player/S_Character_Death.uasset" 481
"../../../../UnrealEngine/Projects/WorldAtWar_Phone/Content/Assets/WallWeapon/T_M1Carbine_Outline.uasset" 482
"../../../../UnrealEngine/Projects/WorldAtWar_Phone/Content/Assets/WallWeapon/M_WeaponOutlineMaster.uasset" 483
"../../../../UnrealEngine/Projects/WorldAtWar_Phone/Content/Assets/WallWeapon/SM_WallWeapon_Plane.uasset" 484
"../../../../UnrealEngine/Projects/WorldAtWar_Phone/Content/Weapons/M1Carbine/Textures/T_M1Carbine_Ancient.uasset" 485
"../../../../UnrealEngine/Projects/WorldAtWar_Phone/Content/Weapons/M1Carbine/Textures/MI_M1Carbine_Ancient.uasset" 486
"../../../../UnrealEngine/Projects/WorldAtWar_Phone/Content/Weapons/M1Carbine/BP_M1Carbine_AncientWeapon.uasset" 487
"../../../../UnrealEngine/Projects/WorldAtWar_Phone/Content/Weapons/WeaponEffects/Cascade/Textures/Colt1911/T_Sparrow_Poster_Tendrils_v1_Seamless.uasset" 488
"../../../Engine/Content/EngineMaterials/Good64x64TilingNoiseHighFreq.uasset" 489
"../../../Engine/Content/Functions/Engine_MaterialFunctions02/Texturing/ScreenAlignedPixelToPixelUVs.uasset" 490
"../../../Engine/Content/Functions/Engine_MaterialFunctions01/ImageAdjustment/DeriveHDRfromLDR.uasset" 491
"../../../Engine/Content/Functions/Engine_MaterialFunctions02/Utility/DitherTemporalAA.uasset" 492
"../../../../UnrealEngine/Projects/WorldAtWar_Phone/Content/Weapons/WeaponEffects/Cascade/MF_DitheredRefraction.uasset" 493
"../../../../UnrealEngine/Projects/WorldAtWar_Phone/Content/Weapons/WeaponEffects/Cascade/Materials/Colt1911/M_LensEffectGoldEnergy.uasset" 494
"../../../../UnrealEngine/Projects/WorldAtWar_Phone/Content/Weapons/WeaponEffects/Cascade/Meshes/Sm_TotemMuzzleFlash.uasset" 495
"../../../../UnrealEngine/Projects/WorldAtWar_Phone/Content/Weapons/WeaponEffects/Cascade/Particles/P_Colt1911_RageBuff.uasset" 496
"../../../../UnrealEngine/Projects/WorldAtWar_Phone/Content/Weapons/1911/Textures/Colt_Base_Color_2.uasset" 497
"../../../../UnrealEngine/Projects/WorldAtWar_Phone/Content/Weapons/1911/Textures/MI_Colt1911_Rare.uasset" 498
"../../../../UnrealEngine/Projects/WorldAtWar_Phone/Content/Weapons/1911/BP_Colt1911_Rare.uasset" 499
"../../../../UnrealEngine/Projects/WorldAtWar_Phone/Content/Data/Gameplay/E_Weapon_Firearms.uasset" 500
"../../../../UnrealEngine/Projects/WorldAtWar_Phone/Content/Assets/WallWeapon/T_STG44_Outline.uasset" 501
"../../../../UnrealEngine/Projects/WorldAtWar_Phone/Content/Assets/WallWeapon/MI_WeaponOutlineMaster_Firearm_STG44.uasset" 502
"../../../../UnrealEngine/Projects/WorldAtWar_Phone/Content/Assets/WallWeapon/T_1911_Outline.uasset" 503
"../../../../UnrealEngine/Projects/WorldAtWar_Phone/Content/Assets/WallWeapon/MI_WeaponOutlineMaster_Firearm_1911.uasset" 504
"../../../../UnrealEngine/Projects/WorldAtWar_Phone/Content/Weapons/T_STG44_UI.uasset" 505
"../../../../UnrealEngine/Projects/WorldAtWar_Phone/Content/Weapons/STG44/Textures/T_STG44Silver_BaseColor.uasset" 506
"../../../../UnrealEngine/Projects/WorldAtWar_Phone/Content/Weapons/STG44/Textures/T_STG44_Normal.uasset" 507
"../../../../UnrealEngine/Projects/WorldAtWar_Phone/Content/Weapons/STG44/Textures/T_STG44_BaseColor.uasset" 508
"../../../../UnrealEngine/Projects/WorldAtWar_Phone/Content/Weapons/STG44/Textures/M_Weapon_STG44_Master.uasset" 509
"../../../../UnrealEngine/Projects/WorldAtWar_Phone/Content/Weapons/STG44/Textures/MI_STG44_Silver.uasset" 510
"../../../../UnrealEngine/Projects/WorldAtWar_Phone/Content/Weapons/STG44/Meshes/Stg44_PhysicsAsset.uasset" 511
"../../../../UnrealEngine/Projects/WorldAtWar_Phone/Content/Weapons/STG44/Meshes/Stg44_Skeleton.uasset" 512
"../../../../UnrealEngine/Projects/WorldAtWar_Phone/Content/Weapons/STG44/Meshes/SK_Stg44.uasset" 513
"../../../../UnrealEngine/Projects/WorldAtWar_Phone/Content/Weapons/STG44/Animations/Stg44_Reload.uasset" 514
"../../Plugins/FX/Niagara/Content/Enums/ENiagaraScaleColorMode.uasset" 515
"../../Plugins/FX/Niagara/Content/Modules/Update/Size/ScaleSpriteSizeBySpeed.uasset" 516
"../../Plugins/FX/Niagara/Content/Modules/Update/Forces/Drag.uasset" 517
"../../Plugins/FX/Niagara/Content/Modules/Update/Color/ScaleColor.uasset" 518
"../../Plugins/FX/Niagara/Content/DynamicInputs/ValueFromCurve/FloatFromCurve.uasset" 519
"../../Plugins/FX/Niagara/Content/DynamicInputs/UniformRange/V2/RandomRangeFloat.uasset" 520
"../../Plugins/FX/Niagara/Content/DefaultAssets/DefaultSpriteMaterial.uasset" 521
"../../Plugins/FX/Niagara/Content/Functions/Math/RemapValueRange.uasset" 522
"../../Plugins/FX/Niagara/Content/Functions/PolarToCartesianCoordinates.uasset" 523
"../../Plugins/FX/Niagara/Content/Functions/RandomVectorInCone.uasset" 524
"../../Plugins/FX/Niagara/Content/Modules/Spawn/Velocity/AddVelocityInCone.uasset" 525
"../../../../UnrealEngine/Projects/WorldAtWar_Phone/Content/Weapons/WeaponEffects/MuzzleEffect/NE_MuzzleSmoke.uasset" 526
"../../../../UnrealEngine/Projects/WorldAtWar_Phone/Content/Weapons/WeaponEffects/MuzzleEffect/M_MuzzleFlash.uasset" 527
"../../../../UnrealEngine/Projects/WorldAtWar_Phone/Content/Weapons/WeaponEffects/MuzzleEffect/NE_MuzzleFlash.uasset" 528
"../../../../UnrealEngine/Projects/WorldAtWar_Phone/Content/Weapons/WeaponEffects/MuzzleEffect/NE_Muzzle_Effect.uasset" 529
"../../../../UnrealEngine/Projects/WorldAtWar_Phone/Content/Weapons/WeaponEffects/BulletCases/8mm/NS_CaseEject_8mm.uasset" 530
"../../../../UnrealEngine/Projects/WorldAtWar_Phone/Content/Audio/WeaponSounds/Fire/S_STG44_Fire_2.uasset" 531
"../../../../UnrealEngine/Projects/WorldAtWar_Phone/Content/Weapons/STG44/Animations/Stg44_Fire.uasset" 532
"../../../../UnrealEngine/Projects/WorldAtWar_Phone/Content/Character/FPS/Animations/Stg44/FPS_Arms_STG44_ReloadEmpty.uasset" 533
"../../../../UnrealEngine/Projects/WorldAtWar_Phone/Content/Character/FPS/Animations/Stg44/FPS_Arms_STG44_Reload.uasset" 534
"../../../../UnrealEngine/Projects/WorldAtWar_Phone/Content/Character/FPS/Animations/Stg44/FPS_Arms_STG44_HipFire.uasset" 535
"../../../../UnrealEngine/Projects/WorldAtWar_Phone/Content/Character/FPS/Animations/Stg44/FPS_Arms_STG44_ADSFire.uasset" 536
"../../../../UnrealEngine/Projects/WorldAtWar_Phone/Content/Character/FPS/Animations/Stg44/AM_FPSArms_STG44.uasset" 537
"../../../../UnrealEngine/Projects/WorldAtWar_Phone/Content/Weapons/STG44/BP_STG44_Silver.uasset" 538
"../../../../UnrealEngine/Projects/WorldAtWar_Phone/Content/Weapons/STG44/Textures/T_STG44Rare_BaseColor.uasset" 539
"../../../../UnrealEngine/Projects/WorldAtWar_Phone/Content/Weapons/STG44/Textures/MI_STG44_Rare.uasset" 540
"../../../Engine/Content/EditorBlueprintResources/ActorMacros.uasset" 541
"../../../../UnrealEngine/Projects/WorldAtWar_Phone/Content/Weapons/STG44/BP_STG44_Rare.uasset" 542
"../../../../UnrealEngine/Projects/WorldAtWar_Phone/Content/Weapons/STG44/BP_STG44.uasset" 543
"../../../../UnrealEngine/Projects/WorldAtWar_Phone/Content/Weapons/WeaponEffects/Cascade/Meshes/SM_Spiral_Swirl_01.uasset" 544
"../../../../UnrealEngine/Projects/WorldAtWar_Phone/Content/Weapons/WeaponEffects/Cascade/Textures/M1Carbine/T_SwipeTrail.uasset" 545
"../../../Engine/Content/EngineResources/Black.uasset" 546
"../../../../UnrealEngine/Projects/WorldAtWar_Phone/Content/Weapons/WeaponEffects/Cascade/Materials/M1Carbine/M_Add_Sprite_2Sided_Master.uasset" 547
"../../../../UnrealEngine/Projects/WorldAtWar_Phone/Content/Weapons/WeaponEffects/Cascade/Materials/M1Carbine/M_Swipe_Mesh_Add_2Sided_01_INST.uasset" 548
"../../../../UnrealEngine/Projects/WorldAtWar_Phone/Content/Weapons/WeaponEffects/Cascade/Textures/M1Carbine/T_StarEffect.uasset" 549
"../../../../UnrealEngine/Projects/WorldAtWar_Phone/Content/Weapons/WeaponEffects/Cascade/Materials/M1Carbine/M_Add_Sprite_Master_DepthFade.uasset" 550
"../../../../UnrealEngine/Projects/WorldAtWar_Phone/Content/Weapons/WeaponEffects/Cascade/Materials/M1Carbine/M_Flare_02_INST.uasset" 551
"../../../../UnrealEngine/Projects/WorldAtWar_Phone/Content/Weapons/WeaponEffects/Cascade/Particles/P_M1Carbine_HeadshotBuff.uasset" 552
"../../../../UnrealEngine/Projects/WorldAtWar_Phone/Content/Weapons/M1Carbine/Textures/T_M1Carbine_BaseColor_RedWood.uasset" 553
"../../../../UnrealEngine/Projects/WorldAtWar_Phone/Content/Weapons/M1Carbine/Textures/M_M1Carbine_RedWood.uasset" 554
"../../../../UnrealEngine/Projects/WorldAtWar_Phone/Content/Audio/WeaponSounds/Fire/S_Rifle_HeadshotBuff.uasset" 555
"../../../../UnrealEngine/Projects/WorldAtWar_Phone/Content/BlueprintClasses/Player/BP_NaziZombiePlayerState.uasset" 556
"../../../../UnrealEngine/Projects/WorldAtWar_Phone/Content/Weapons/M1Carbine/BP_M1Carbine_RedWood.uasset" 557
"../../../../UnrealEngine/Projects/WorldAtWar_Phone/Content/Assets/WallWeapon/MI_WeaponOutlineMaster_Firearm_M1Carbine.uasset" 558
"../../../../UnrealEngine/Projects/WorldAtWar_Phone/Content/Weapons/1911/Textures/Colt_Base_Color_3.uasset" 559
"../../../../UnrealEngine/Projects/WorldAtWar_Phone/Content/Weapons/1911/Textures/MI_Colt1911_Silver.uasset" 560
"../../../../UnrealEngine/Projects/WorldAtWar_Phone/Content/Weapons/1911/BP_Colt1911_Silver.uasset" 561
"../../../../UnrealEngine/Projects/WorldAtWar_Phone/Content/BlueprintClasses/Useables/BP_WallWeapon_Firearms.uasset" 562
"../../../../UnrealEngine/Projects/WorldAtWar_Phone/Content/BlueprintClasses/Zombies/Meshes/Zombie_Soldier/ZombieSoldier_Skeleton.uasset" 563
"../../../../UnrealEngine/Projects/WorldAtWar_Phone/Content/BlueprintClasses/Zombies/Animations/Zombie_Soldier/ZombieSoldier_Attack.uasset" 564
"../../../../UnrealEngine/Projects/WorldAtWar_Phone/Content/Audio/Characters/Zombie/Soldier/S_ZombieSoldier_Attack_03.uasset" 565
"../../../../UnrealEngine/Projects/WorldAtWar_Phone/Content/Audio/Characters/Zombie/Soldier/S_ZombieSoldier_Attack_02.uasset" 566
"../../../../UnrealEngine/Projects/WorldAtWar_Phone/Content/Audio/Characters/Zombie/Soldier/S_ZombieSoldier_Attack_01.uasset" 567
"../../../../UnrealEngine/Projects/WorldAtWar_Phone/Content/Audio/Characters/Zombie/Soldier/S_ZombieSoldier_Attack_Cue.uasset" 568
"../../../../UnrealEngine/Projects/WorldAtWar_Phone/Content/BlueprintClasses/Zombies/Animations/Zombie_Soldier/AM_ZombieSoldier_Attack.uasset" 569
"../../../../UnrealEngine/Projects/WorldAtWar_Phone/Content/BlueprintClasses/Zombies/AI/BPI_AI_Controller.uasset" 570
"../../../../UnrealEngine/Projects/WorldAtWar_Phone/Content/BlueprintClasses/Zombies/AI/BP_AIController_Zombie.uasset" 571
"../../../../UnrealEngine/Projects/WorldAtWar_Phone/Content/Audio/Characters/Zombie/Soldier/S_ZombieSoldier_Roar_02.uasset" 572
"../../../../UnrealEngine/Projects/WorldAtWar_Phone/Content/Audio/Characters/Zombie/Soldier/S_ZombieSoldier_Roar_01.uasset" 573
"../../../../UnrealEngine/Projects/WorldAtWar_Phone/Content/Audio/Characters/Zombie/Soldier/S_ZombieSoldier_Roar_Cue.uasset" 574
"../../../../UnrealEngine/Projects/WorldAtWar_Phone/Content/Audio/Characters/Zombie/Soldier/S_ZombieSoldier_Hit_02.uasset" 575
"../../../../UnrealEngine/Projects/WorldAtWar_Phone/Content/Audio/Characters/Zombie/Soldier/S_ZombieSoldier_Hit_01.uasset" 576
"../../../../UnrealEngine/Projects/WorldAtWar_Phone/Content/Audio/Characters/Zombie/Soldier/S_ZombieSoldier_Death_01.uasset" 577
"../../../../UnrealEngine/Projects/WorldAtWar_Phone/Content/Audio/Characters/Zombie/Soldier/S_ZombieSoldier_Death_02.uasset" 578
"../../../../UnrealEngine/Projects/WorldAtWar_Phone/Content/BlueprintClasses/Zombies/ZombieClasses/BP_ZombieBase.uasset" 579
"../../../../UnrealEngine/Projects/WorldAtWar_Phone/Content/UI/Game/GameOver/W_GameOver.uasset" 580
"../../../../UnrealEngine/Projects/WorldAtWar_Phone/Content/BlueprintClasses/Player/BP_NaziZombieCharacter.uasset" 581
"../../../../UnrealEngine/Projects/WorldAtWar_Phone/Content/Audio/Game/S_Pickup_Health.uasset" 582
"../../../Engine/Content/Functions/Engine_MaterialFunctions02/WorldPositionOffset/ObjectPivotPoint.uasset" 583
"../../../Engine/Content/Functions/Engine_MaterialFunctions01/Vectors/RotateVector.uasset" 584
"../../../../UnrealEngine/Projects/WorldAtWar_Phone/Content/Assets/Pickups/M_PickupBase.uasset" 585
"../../../../UnrealEngine/Projects/WorldAtWar_Phone/Content/Assets/Pickups/MI_Pickup_Health.uasset" 586
"../../../../UnrealEngine/Projects/WorldAtWar_Phone/Content/Assets/Pickups/SM_Health.uasset" 587
"../../../../UnrealEngine/Projects/WorldAtWar_Phone/Content/BlueprintClasses/Pickups/BP_PickupHealth.uasset" 588
"../../../../UnrealEngine/Projects/WorldAtWar_Phone/Content/Textures/HUD/T_BloodVFX.uasset" 589
"../../../../UnrealEngine/Projects/WorldAtWar_Phone/Content/UI/Game/HUD/W_DamageEffects.uasset" 590
"../../../../UnrealEngine/Projects/WorldAtWar_Phone/Content/Textures/HUD/ActionButtons/T_ActionButton_Border.uasset" 591
"../../../../UnrealEngine/Projects/WorldAtWar_Phone/Content/Data/Gameplay/S_Actions.uasset" 592
"../../../../UnrealEngine/Projects/WorldAtWar_Phone/Content/Textures/HUD/ActionButtons/T_Interact.uasset" 593
"../../../../UnrealEngine/Projects/WorldAtWar_Phone/Content/Data/Gameplay/DT_Actions.uasset" 594
"../../../../UnrealEngine/Projects/WorldAtWar_Phone/Content/UI/Game/HUD/W_ActionButton.uasset" 595
"../../../../UnrealEngine/Projects/WorldAtWar_Phone/Content/UI/Game/W_GameMessage.uasset" 596
"../../../../UnrealEngine/Projects/WorldAtWar_Phone/Content/Textures/HUD/T_PoisonEffect.uasset" 597
"../../../../UnrealEngine/Projects/WorldAtWar_Phone/Content/Textures/Game/T_FirstPersonCrosshair.uasset" 598
"../../../../UnrealEngine/Projects/WorldAtWar_Phone/Content/UI/Game/HUD/W_Health.uasset" 599
"../../../../UnrealEngine/Projects/WorldAtWar_Phone/Content/Textures/HUD/Points/T_Points3.uasset" 600
"../../../../UnrealEngine/Projects/WorldAtWar_Phone/Content/Textures/HUD/Points/T_Points2.uasset" 601
"../../../../UnrealEngine/Projects/WorldAtWar_Phone/Content/Textures/HUD/Points/T_Points1.uasset" 602
"../../../../UnrealEngine/Projects/WorldAtWar_Phone/Content/Textures/HUD/Points/T_Points0.uasset" 603
"../../../../UnrealEngine/Projects/WorldAtWar_Phone/Content/UI/Game/HUD/W_LivePoints.uasset" 604
"../../../../UnrealEngine/Projects/WorldAtWar_Phone/Content/Textures/HUD/T_RageBar_Full.uasset" 605
"../../../../UnrealEngine/Projects/WorldAtWar_Phone/Content/UI/Game/HUD/W_RageBar.uasset" 606
"../../../../UnrealEngine/Projects/WorldAtWar_Phone/Content/UI/Game/HUD/W_WeaponInfo.uasset" 607
"../../../../UnrealEngine/Projects/WorldAtWar_Phone/Content/Textures/HUD/T_GoToMenu.uasset" 608
"../../../../UnrealEngine/Projects/WorldAtWar_Phone/Content/UI/Game/Menu/W_GameMenu.uasset" 609
"../../../../UnrealEngine/Projects/WorldAtWar_Phone/Content/UI/Game/Menu/W_GoToMenuButton.uasset" 610
"../../../../UnrealEngine/Projects/WorldAtWar_Phone/Content/UI/Game/HUD/W_HUD.uasset" 611
"../../../Engine/Content/MobileResources/HUD/LeftVirtualJoystickOnly.uasset" 612
"../../../../UnrealEngine/Projects/WorldAtWar_Phone/Content/BlueprintClasses/Player/BP_HUD.uasset" 613
"../../../../UnrealEngine/Projects/WorldAtWar_Phone/Content/BlueprintClasses/Game/BP_TrainingGameMode.uasset" 614
"../../../Engine/Content/EditorMaterials/TargetIcon.uasset" 615
"../../../../UnrealEngine/Projects/WorldAtWar_Phone/Content/Textures/Game/Pickups/SpawnPoints/T_Pickup_Ammo_Type3.uasset" 616
"../../../../UnrealEngine/Projects/WorldAtWar_Phone/Content/Textures/Game/Pickups/SpawnPoints/T_Pickup_Health.uasset" 617
"../../../../UnrealEngine/Projects/WorldAtWar_Phone/Content/Textures/Game/Pickups/SpawnPoints/T_Rage_Pickup.uasset" 618
"../../../../UnrealEngine/Projects/WorldAtWar_Phone/Content/Data/Gameplay/E_Pickup_Type.uasset" 619
"../../../../UnrealEngine/Projects/WorldAtWar_Phone/Content/Textures/Game/Pickups/SpawnPoints/T_Pickup_Ammo_Type1.uasset" 620
"../../../../UnrealEngine/Projects/WorldAtWar_Phone/Content/Textures/Game/Pickups/SpawnPoints/T_Pickup_Ammo_Type2.uasset" 621
"../../../../UnrealEngine/Projects/WorldAtWar_Phone/Content/BlueprintClasses/Pickups/BP_Pickup_SpawnPoint.uasset" 622
"../../../../UnrealEngine/Projects/WorldAtWar_Phone/Content/Audio/Game/S_Pickup_Ammo_Type1.uasset" 623
"../../../../UnrealEngine/Projects/WorldAtWar_Phone/Content/Textures/Game/Pickups/Ammo_Type1/T_Pickup_1911_BaseColor.uasset" 624
"../../../../UnrealEngine/Projects/WorldAtWar_Phone/Content/Textures/Game/Pickups/Ammo_Type1/T_Pickup_1911_Normal.uasset" 625
"../../../../UnrealEngine/Projects/WorldAtWar_Phone/Content/Textures/Game/Pickups/Ammo_Type1/T_Pickup_1911_AO.uasset" 626
"../../../../UnrealEngine/Projects/WorldAtWar_Phone/Content/Textures/Game/Pickups/Ammo_Type1/T_Pickup_1911_Roughness.uasset" 627
"../../../../UnrealEngine/Projects/WorldAtWar_Phone/Content/Assets/Pickups/M_Pickup_Ammo_Type1.uasset" 628
"../../../../UnrealEngine/Projects/WorldAtWar_Phone/Content/Assets/Pickups/SM_Pickup_Ammo_Type1.uasset" 629
"../../../../UnrealEngine/Projects/WorldAtWar_Phone/Content/BlueprintClasses/Pickups/BP_Pickup_Ammo_WeaponType1.uasset" 630
"../../../../UnrealEngine/Projects/WorldAtWar_Phone/Content/Assets/Pickups/SM_Pickup_Ammo_Type2.uasset" 631
"../../../../UnrealEngine/Projects/WorldAtWar_Phone/Content/BlueprintClasses/Pickups/BP_Pickup_Ammo_WeaponType2.uasset" 632
"../../../../UnrealEngine/Projects/WorldAtWar_Phone/Content/Weapons/WeaponEffects/BulletCases/30Carbine/T_Pickup_M1_BaseColor.uasset" 633
"../../../../UnrealEngine/Projects/WorldAtWar_Phone/Content/Textures/Game/Pickups/Ammo_Type3/T_STG44_Bullet_ORM.uasset" 634
"../../../../UnrealEngine/Projects/WorldAtWar_Phone/Content/Textures/Game/Pickups/Ammo_Type3/T_STG44_Bullet_N.uasset" 635
"../../../../UnrealEngine/Projects/WorldAtWar_Phone/Content/Weapons/WeaponEffects/BulletCases/30Carbine/T_Pickup_M1_Roughness.uasset" 636
"../../../../UnrealEngine/Projects/WorldAtWar_Phone/Content/Assets/Pickups/M_Pickup_Ammo_Type3.uasset" 637
"../../../../UnrealEngine/Projects/WorldAtWar_Phone/Content/Assets/Pickups/SM_Pickup_Ammo_Type3.uasset" 638
"../../../../UnrealEngine/Projects/WorldAtWar_Phone/Content/BlueprintClasses/Pickups/BP_Pickup_Ammo_WeaponType3.uasset" 639
"../../../../UnrealEngine/Projects/WorldAtWar_Phone/Content/Audio/Game/S_Pickup_Rage.uasset" 640
"../../../../UnrealEngine/Projects/WorldAtWar_Phone/Content/Assets/Pickups/MI_Pickup_Rage.uasset" 641
"../../../../UnrealEngine/Projects/WorldAtWar_Phone/Content/Assets/Pickups/M_Rays_Dynamic.uasset" 642
"../../../../UnrealEngine/Projects/WorldAtWar_Phone/Content/Assets/Pickups/SM_Rage.uasset" 643
"../../../../UnrealEngine/Projects/WorldAtWar_Phone/Content/BlueprintClasses/Pickups/BP_PickupRage.uasset" 644
"../../../../UnrealEngine/Projects/WorldAtWar_Phone/Content/BlueprintClasses/Zombies/Meshes/Zombie_Infected/Zombie_Infected__PhysicsAsset.uasset" 645
"../../../../UnrealEngine/Projects/WorldAtWar_Phone/Content/BlueprintClasses/Zombies/Textures/Zombie_Infected/T_Zombie_Infected_Normal.uasset" 646
"../../../../UnrealEngine/Projects/WorldAtWar_Phone/Content/BlueprintClasses/Zombies/Textures/Zombie_Infected/T_Zombie_Infected_Metallic.uasset" 647
"../../../../UnrealEngine/Projects/WorldAtWar_Phone/Content/BlueprintClasses/Zombies/Textures/Zombie_Infected/T_Zombie_Infected_BaseColor.uasset" 648
"../../../../UnrealEngine/Projects/WorldAtWar_Phone/Content/BlueprintClasses/Zombies/Textures/Zombie_Infected/T_Zombie_Infected_AO.uasset" 649
"../../../../UnrealEngine/Projects/WorldAtWar_Phone/Content/BlueprintClasses/Zombies/Textures/Zombie_Infected/M_Zombie_Infected.uasset" 650
"../../../../UnrealEngine/Projects/WorldAtWar_Phone/Content/BlueprintClasses/Zombies/Meshes/Zombie_Infected/ZombieInfected_Skeleton.uasset" 651
"../../../../UnrealEngine/Projects/WorldAtWar_Phone/Content/BlueprintClasses/Zombies/Meshes/Zombie_Infected/SK_Zombie_Infected.uasset" 652
"../../../../UnrealEngine/Projects/WorldAtWar_Phone/Content/BlueprintClasses/Zombies/Animations/Zombie_Infected/Zombie_Infected_Walking.uasset" 653
"../../../../UnrealEngine/Projects/WorldAtWar_Phone/Content/BlueprintClasses/Zombies/Animations/Zombie_Infected/Zombie_Infected_Idle.uasset" 654
"../../../../UnrealEngine/Projects/WorldAtWar_Phone/Content/BlueprintClasses/Zombies/Animations/Zombie_Infected/BS_Zombie_Infected_IdleWalk.uasset" 655
"../../../../UnrealEngine/Projects/WorldAtWar_Phone/Content/BlueprintClasses/Zombies/Animations/Zombie_Infected/Zombie_Infected_Zombie_Infected_AnimBP.uasset" 656
"../../../../UnrealEngine/Projects/WorldAtWar_Phone/Content/BlueprintClasses/Zombies/Animations/Zombie_Infected/Zombie_Infected_Attack.uasset" 657
"../../../../UnrealEngine/Projects/WorldAtWar_Phone/Content/Audio/Characters/Zombie/Infected/S_Zombie_Infected_Attack_02.uasset" 658
"../../../../UnrealEngine/Projects/WorldAtWar_Phone/Content/Audio/Characters/Zombie/Infected/S_Zombie_Infected_Attack_01.uasset" 659
"../../../../UnrealEngine/Projects/WorldAtWar_Phone/Content/Audio/Characters/Zombie/Infected/S_ZombieInfected_Attack_Cue.uasset" 660
"../../../../UnrealEngine/Projects/WorldAtWar_Phone/Content/BlueprintClasses/Zombies/Animations/Zombie_Infected/AM_Zombie_Infected_Attack.uasset" 661
"../../../../UnrealEngine/Projects/WorldAtWar_Phone/Content/Audio/Characters/Zombie/Infected/S_Zombie_Infected_Roar_02.uasset" 662
"../../../../UnrealEngine/Projects/WorldAtWar_Phone/Content/Audio/Characters/Zombie/Infected/S_Zombie_Infected_Roar_01.uasset" 663
"../../../../UnrealEngine/Projects/WorldAtWar_Phone/Content/Audio/Characters/Zombie/Infected/S_Zombie_Infected_Roar_Cue.uasset" 664
"../../../../UnrealEngine/Projects/WorldAtWar_Phone/Content/Audio/Characters/Zombie/Infected/S_Zombie_Infected_Hit_01.uasset" 665
"../../../../UnrealEngine/Projects/WorldAtWar_Phone/Content/Audio/Characters/Zombie/Infected/S_Zombie_Infected_Death_01.uasset" 666
"../../../../UnrealEngine/Projects/WorldAtWar_Phone/Content/BlueprintClasses/Zombies/ZombieClasses/BP_Zombie_Infected.uasset" 667
"../../../../UnrealEngine/Projects/WorldAtWar_Phone/Content/BlueprintClasses/Zombies/Meshes/Zombie_Soldier/ZombieSoldier_PhysicsAsset.uasset" 668
"../../../../UnrealEngine/Projects/WorldAtWar_Phone/Content/BlueprintClasses/Zombies/Textures/Zombie_Soldier/T_ZombieSoldier_Specular.uasset" 669
"../../../../UnrealEngine/Projects/WorldAtWar_Phone/Content/BlueprintClasses/Zombies/Textures/Zombie_Soldier/T_ZombieSoldier_Normal.uasset" 670
"../../../../UnrealEngine/Projects/WorldAtWar_Phone/Content/BlueprintClasses/Zombies/Textures/Zombie_Soldier/T_ZombieSoldier_BaseColor.uasset" 671
"../../../../UnrealEngine/Projects/WorldAtWar_Phone/Content/BlueprintClasses/Zombies/Textures/Zombie_Soldier/M_ZombieSoldier.uasset" 672
"../../../../UnrealEngine/Projects/WorldAtWar_Phone/Content/BlueprintClasses/Zombies/Meshes/Zombie_Soldier/SK_ZombieSoldier.uasset" 673
"../../../../UnrealEngine/Projects/WorldAtWar_Phone/Content/BlueprintClasses/Zombies/Animations/Zombie_Soldier/ZombieSoldier_Walking.uasset" 674
"../../../../UnrealEngine/Projects/WorldAtWar_Phone/Content/BlueprintClasses/Zombies/Animations/Zombie_Soldier/ZombieSoldier_Run.uasset" 675
"../../../../UnrealEngine/Projects/WorldAtWar_Phone/Content/BlueprintClasses/Zombies/Animations/Zombie_Soldier/ZombieSoldier_Idle.uasset" 676
"../../../../UnrealEngine/Projects/WorldAtWar_Phone/Content/BlueprintClasses/Zombies/Animations/Zombie_Soldier/BS_ZombieSoldier_IdleWalkRun.uasset" 677
"../../../../UnrealEngine/Projects/WorldAtWar_Phone/Content/BlueprintClasses/Zombies/Animations/Zombie_Soldier/ZombieSoldier_AnimBP.uasset" 678
"../../../../UnrealEngine/Projects/WorldAtWar_Phone/Content/BlueprintClasses/Zombies/ZombieClasses/BP_Zombie_Soldier.uasset" 679
"../../../../UnrealEngine/Projects/WorldAtWar_Phone/Content/BlueprintClasses/Zombies/Meshes/Zombie_Turned/Zombie_Turned_PhysicsAsset.uasset" 680
"../../../../UnrealEngine/Projects/WorldAtWar_Phone/Content/BlueprintClasses/Zombies/Textures/Zombie_Turned/T_Zombie_Turned_02_Specular.uasset" 681
"../../../../UnrealEngine/Projects/WorldAtWar_Phone/Content/BlueprintClasses/Zombies/Textures/Zombie_Turned/T_Zombie_Turned_02_Normak.uasset" 682
"../../../../UnrealEngine/Projects/WorldAtWar_Phone/Content/BlueprintClasses/Zombies/Textures/Zombie_Turned/T_Zombie_Turned_02_Metallic.uasset" 683
"../../../../UnrealEngine/Projects/WorldAtWar_Phone/Content/BlueprintClasses/Zombies/Textures/Zombie_Turned/T_Zombie_Turned_02_BaseColor.uasset" 684
"../../../../UnrealEngine/Projects/WorldAtWar_Phone/Content/BlueprintClasses/Zombies/Textures/Zombie_Turned/M_Zombie_Turned_02.uasset" 685
"../../../../UnrealEngine/Projects/WorldAtWar_Phone/Content/BlueprintClasses/Zombies/Textures/Zombie_Turned/T_Zombie_Turned_01_Specular.uasset" 686
"../../../../UnrealEngine/Projects/WorldAtWar_Phone/Content/BlueprintClasses/Zombies/Textures/Zombie_Turned/T_Zombie_Turned_01_Normal.uasset" 687
"../../../../UnrealEngine/Projects/WorldAtWar_Phone/Content/BlueprintClasses/Zombies/Textures/Zombie_Turned/T_Zombie_Turned_01_Metallic.uasset" 688
"../../../../UnrealEngine/Projects/WorldAtWar_Phone/Content/BlueprintClasses/Zombies/Textures/Zombie_Turned/T_Zombie_Turned_01_BaseColor.uasset" 689
"../../../../UnrealEngine/Projects/WorldAtWar_Phone/Content/BlueprintClasses/Zombies/Textures/Zombie_Turned/M_Zombie_Turned_01.uasset" 690
"../../../../UnrealEngine/Projects/WorldAtWar_Phone/Content/BlueprintClasses/Zombies/Meshes/Zombie_Turned/Zombie_Turned_Skeleton.uasset" 691
"../../../../UnrealEngine/Projects/WorldAtWar_Phone/Content/BlueprintClasses/Zombies/Meshes/Zombie_Turned/SK_Zombie_Turned.uasset" 692
"../../../../UnrealEngine/Projects/WorldAtWar_Phone/Content/BlueprintClasses/Zombies/Animations/Zombie_Turned/Zombie_Turned_Walk.uasset" 693
"../../../../UnrealEngine/Projects/WorldAtWar_Phone/Content/BlueprintClasses/Zombies/Animations/Zombie_Turned/Zombie_Turned_Idle.uasset" 694
"../../../../UnrealEngine/Projects/WorldAtWar_Phone/Content/BlueprintClasses/Zombies/Animations/Zombie_Turned/BS_ZombieTurned_IdleWalk.uasset" 695
"../../../../UnrealEngine/Projects/WorldAtWar_Phone/Content/BlueprintClasses/Zombies/Animations/Zombie_Turned/ZombieTurned_AnimBP.uasset" 696
"../../../../UnrealEngine/Projects/WorldAtWar_Phone/Content/BlueprintClasses/Zombies/Animations/Zombie_Turned/Zombie_Turned_Attack.uasset" 697
"../../../../UnrealEngine/Projects/WorldAtWar_Phone/Content/Audio/Characters/Zombie/Turned/S_Zombie_Turned_Attack_02.uasset" 698
"../../../../UnrealEngine/Projects/WorldAtWar_Phone/Content/Audio/Characters/Zombie/Turned/S_Zombie_Turned_Attack_01.uasset" 699
"../../../../UnrealEngine/Projects/WorldAtWar_Phone/Content/Audio/Characters/Zombie/Turned/S_Zombie_Turned_Attack_Cue.uasset" 700
"../../../../UnrealEngine/Projects/WorldAtWar_Phone/Content/BlueprintClasses/Zombies/Animations/Zombie_Turned/AM_Zombie_Turned_Attack.uasset" 701
"../../../../UnrealEngine/Projects/WorldAtWar_Phone/Content/Audio/Characters/Zombie/Turned/S_Zombie_Turned_Roar_02.uasset" 702
"../../../../UnrealEngine/Projects/WorldAtWar_Phone/Content/Audio/Characters/Zombie/Turned/S_Zombie_Turned_Roar_01.uasset" 703
"../../../../UnrealEngine/Projects/WorldAtWar_Phone/Content/Audio/Characters/Zombie/Turned/S_Zombie_Turned_Roar_Cue.uasset" 704
"../../../../UnrealEngine/Projects/WorldAtWar_Phone/Content/Audio/Characters/Zombie/Turned/S_Zombie_Turned_Hit_02.uasset" 705
"../../../../UnrealEngine/Projects/WorldAtWar_Phone/Content/Audio/Characters/Zombie/Turned/S_Zombie_Turned_Hit_01.uasset" 706
"../../../../UnrealEngine/Projects/WorldAtWar_Phone/Content/Audio/Characters/Zombie/Turned/S_Zombie_Turned_Death_02.uasset" 707
"../../../../UnrealEngine/Projects/WorldAtWar_Phone/Content/Audio/Characters/Zombie/Turned/S_Zombie_Turned_Death_01.uasset" 708
"../../../../UnrealEngine/Projects/WorldAtWar_Phone/Content/BlueprintClasses/Zombies/ZombieClasses/BP_Zombie_Turned.uasset" 709
"../../../../UnrealEngine/Projects/WorldAtWar_Phone/Content/BlueprintClasses/Zombies/Meshes/Zombie_Undying/ZombieUndying_PhysicsAsset.uasset" 710
"../../../../UnrealEngine/Projects/WorldAtWar_Phone/Content/BlueprintClasses/Zombies/Textures/Zombie_Undying/body_Base_Color.uasset" 711
"../../../../UnrealEngine/Projects/WorldAtWar_Phone/Content/BlueprintClasses/Zombies/Textures/Zombie_Undying/body_Roughness.uasset" 712
"../../../../UnrealEngine/Projects/WorldAtWar_Phone/Content/BlueprintClasses/Zombies/Textures/Zombie_Undying/body_Normal_OpenGL.uasset" 713
"../../../../UnrealEngine/Projects/WorldAtWar_Phone/Content/BlueprintClasses/Zombies/Textures/Zombie_Undying/body_Normal.uasset" 714
"../../../../UnrealEngine/Projects/WorldAtWar_Phone/Content/BlueprintClasses/Zombies/Textures/Zombie_Undying/body_Mixed_AO.uasset" 715
"../../../../UnrealEngine/Projects/WorldAtWar_Phone/Content/BlueprintClasses/Zombies/Textures/Zombie_Undying/body_Metallic.uasset" 716
"../../../../UnrealEngine/Projects/WorldAtWar_Phone/Content/BlueprintClasses/Zombies/Textures/Zombie_Undying/M_ZombieUndying.uasset" 717
"../../../../UnrealEngine/Projects/WorldAtWar_Phone/Content/BlueprintClasses/Zombies/Meshes/Zombie_Undying/Zombie_Undying_Skeleton.uasset" 718
"../../../../UnrealEngine/Projects/WorldAtWar_Phone/Content/BlueprintClasses/Zombies/Meshes/Zombie_Undying/SK_Zombie_Undying.uasset" 719
"../../../../UnrealEngine/Projects/WorldAtWar_Phone/Content/BlueprintClasses/Zombies/Animations/Zombie_Undying/Zombie_Undying_Run.uasset" 720
"../../../../UnrealEngine/Projects/WorldAtWar_Phone/Content/BlueprintClasses/Zombies/Animations/Zombie_Undying/Zombie_Undying_Idle.uasset" 721
"../../../../UnrealEngine/Projects/WorldAtWar_Phone/Content/BlueprintClasses/Zombies/Animations/Zombie_Undying/BS_ZombieUndying_IdleRun.uasset" 722
"../../../../UnrealEngine/Projects/WorldAtWar_Phone/Content/BlueprintClasses/Zombies/Animations/Zombie_Undying/Zombie_Undying_Crawl_Die.uasset" 723
"../../../../UnrealEngine/Projects/WorldAtWar_Phone/Content/BlueprintClasses/Zombies/Animations/Zombie_Undying/Zombie_Undying_Crawl.uasset" 724
"../../../../UnrealEngine/Projects/WorldAtWar_Phone/Content/BlueprintClasses/Zombies/Animations/Zombie_Undying/Zombie_Undying_Crawl_Idle2.uasset" 725
"../../../../UnrealEngine/Projects/WorldAtWar_Phone/Content/BlueprintClasses/Zombies/Animations/Zombie_Undying/Zombie_Undying_Crawl_Idle1.uasset" 726
"../../../../UnrealEngine/Projects/WorldAtWar_Phone/Content/BlueprintClasses/Zombies/Animations/Zombie_Undying/AC_Zombie_Undying_Crawl_Idle.uasset" 727
"../../../../UnrealEngine/Projects/WorldAtWar_Phone/Content/BlueprintClasses/Zombies/Animations/Zombie_Undying/AnimBP_ZombieUndying.uasset" 728
"../../../../UnrealEngine/Projects/WorldAtWar_Phone/Content/BlueprintClasses/Zombies/Animations/Zombie_Undying/Zombie_Undying_Death.uasset" 729
"../../../../UnrealEngine/Projects/WorldAtWar_Phone/Content/Audio/Characters/Zombie/Resurrected/S_Zombie_Resurrected_Death.uasset" 730
"../../../../UnrealEngine/Projects/WorldAtWar_Phone/Content/BlueprintClasses/Zombies/Animations/Zombie_Undying/AM_Zombie_Undying_Death.uasset" 731
"../../../../UnrealEngine/Projects/WorldAtWar_Phone/Content/BlueprintClasses/Zombies/Animations/Zombie_Undying/Zombie_Undying_Crawl_Attack.uasset" 732
"../../../../UnrealEngine/Projects/WorldAtWar_Phone/Content/Audio/Characters/Zombie/Resurrected/S_Zombie_Resurrected_Res_Attack_02.uasset" 733
"../../../../UnrealEngine/Projects/WorldAtWar_Phone/Content/Audio/Characters/Zombie/Resurrected/S_Zombie_Resurrected_Res_Attack_01.uasset" 734
"../../../../UnrealEngine/Projects/WorldAtWar_Phone/Content/Audio/Characters/Zombie/Resurrected/S_Zombie_Resurrected_Res_Attack_Cue.uasset" 735
"../../../../UnrealEngine/Projects/WorldAtWar_Phone/Content/BlueprintClasses/Zombies/Animations/Zombie_Undying/AM_Zombie_Undying_Crawl_Attack.uasset" 736
"../../../../UnrealEngine/Projects/WorldAtWar_Phone/Content/BlueprintClasses/Zombies/Animations/Zombie_Undying/Zombie_Undying_Attack.uasset" 737
"../../../../UnrealEngine/Projects/WorldAtWar_Phone/Content/Audio/Characters/Zombie/Resurrected/S_Zombie_Resurrected_Attack_03.uasset" 738
"../../../../UnrealEngine/Projects/WorldAtWar_Phone/Content/Audio/Characters/Zombie/Resurrected/S_Zombie_Resurrected_Attack_02.uasset" 739
"../../../../UnrealEngine/Projects/WorldAtWar_Phone/Content/Audio/Characters/Zombie/Resurrected/S_Zombie_Resurrected_Attack_01.uasset" 740
"../../../../UnrealEngine/Projects/WorldAtWar_Phone/Content/Audio/Characters/Zombie/Resurrected/S_Zombie_Resurrected_Attack_Cue.uasset" 741
"../../../../UnrealEngine/Projects/WorldAtWar_Phone/Content/BlueprintClasses/Zombies/Animations/Zombie_Undying/AM_Zombie_Undying_Attack.uasset" 742
"../../../../UnrealEngine/Projects/WorldAtWar_Phone/Content/Audio/Characters/Zombie/Resurrected/S_Zombie_Resurrected_Res_Death.uasset" 743
"../../../../UnrealEngine/Projects/WorldAtWar_Phone/Content/Audio/Characters/Zombie/Resurrected/S_Zombie_Resurrected_Resurrect.uasset" 744
"../../../../UnrealEngine/Projects/WorldAtWar_Phone/Content/Audio/Characters/Zombie/Resurrected/S_Zombie_Resurrected_Hit_02.uasset" 745
"../../../../UnrealEngine/Projects/WorldAtWar_Phone/Content/Audio/Characters/Zombie/Resurrected/S_Zombie_Resurrected_Hit_01.uasset" 746
"../../../../UnrealEngine/Projects/WorldAtWar_Phone/Content/Audio/Characters/Zombie/Resurrected/S_Zombie_Resurrected_Ambient_01.uasset" 747
"../../../../UnrealEngine/Projects/WorldAtWar_Phone/Content/BlueprintClasses/Zombies/ZombieClasses/BP_Zombie_Undying.uasset" 748
"../../../../UnrealEngine/Projects/WorldAtWar_Phone/Content/Assets/OneWayPortal/ubqndh2ya_2K_Albedo.uasset" 749
"../../../../UnrealEngine/Projects/WorldAtWar_Phone/Content/Assets/OneWayPortal/ubqndh2ya_2K_AO.uasset" 750
"../../../../UnrealEngine/Projects/WorldAtWar_Phone/Content/Assets/OneWayPortal/M_OneWayPortal.uasset" 751
"../../../../UnrealEngine/Projects/WorldAtWar_Phone/Content/Assets/OneWayPortal/MI_OneWayPortal.uasset" 752
"../../../../UnrealEngine/Projects/WorldAtWar_Phone/Content/BlueprintClasses/Useables/BP_OneWayPortal.uasset" 753
"../../../../UnrealEngine/Projects/WorldAtWar_Phone/Content/Maps/MainMenu/TrainingMap_BuiltData.uasset" 754
"../../../Engine/Content/VREditor/BasicMeshes/T_CleanFloorGrunge_01_D.uasset" 755
"../../../Engine/Content/VREditor/BasicMeshes/M_Floor_01.uasset" 756
"../../../Engine/Content/VREditor/BasicMeshes/SM_Room_Mobile.uasset" 757
"../../../../UnrealEngine/Projects/WorldAtWar_Phone/Content/Audio/Ambient/Training/S_TrainAmbient_02.uasset" 758
"../../../../UnrealEngine/Projects/WorldAtWar_Phone/Content/Audio/Ambient/Training/S_TrainAmbient_01.uasset" 759
"../../../../UnrealEngine/Projects/WorldAtWar_Phone/Content/Audio/Ambient/Training/S_TrainAmbient.uasset" 760
"../../../../UnrealEngine/Projects/WorldAtWar_Phone/Content/Maps/MainMenu/TrainingMap.umap" 761
"../../../../UnrealEngine/Projects/WorldAtWar_Phone/Content/Data/Gameplay/E_Weapon_Melee.uasset" 762
"../../../../UnrealEngine/Projects/WorldAtWar_Phone/Content/Audio/Ambient/Game/S_Ambient_Level_05.uasset" 763
"../../../../UnrealEngine/Projects/WorldAtWar_Phone/Content/Audio/Ambient/Game/S_Ambient_Level_04.uasset" 764
"../../../../UnrealEngine/Projects/WorldAtWar_Phone/Content/Audio/Ambient/Game/S_Ambient_Level_03.uasset" 765
"../../../../UnrealEngine/Projects/WorldAtWar_Phone/Content/Audio/Ambient/Game/S_Ambient_Level_02.uasset" 766
"../../../../UnrealEngine/Projects/WorldAtWar_Phone/Content/Audio/Ambient/Game/S_Ambient_Level_01.uasset" 767
"../../../../UnrealEngine/Projects/WorldAtWar_Phone/Content/Audio/Ambient/Game/S_GameAmbient_Cue.uasset" 768
"../../../../UnrealEngine/Projects/WorldAtWar_Phone/Content/Assets/Landscapes/Test/T_shnnehua_N_2K_.uasset" 769
"../../../../UnrealEngine/Projects/WorldAtWar_Phone/Content/Assets/Landscapes/Test/T_shnnehua_BC_2K_.uasset" 770
"../../../../UnrealEngine/Projects/WorldAtWar_Phone/Content/Assets/Landscapes/Test/T_shnnehua_AORM_2K_.uasset" 771
"../../../Engine/Content/EngineResources/AICON-Red.uasset" 772
"../../../Engine/Content/EngineMaterials/DefaultPhysicalMaterial.uasset" 773
"../../../../UnrealEngine/Projects/WorldAtWar_Phone/Content/BlueprintClasses/Game/BP_FatalPit_GameMode.uasset" 774
"../../../Engine/Content/BasicShapes/Sphere.uasset" 775
"../../../../UnrealEngine/Projects/WorldAtWar_Phone/Content/Weapons/Knife/Default/BP_Knife.uasset" 776
"../../../../UnrealEngine/Projects/WorldAtWar_Phone/Content/Assets/WallWeapon/T_Knife_Outline.uasset" 777
"../../../../UnrealEngine/Projects/WorldAtWar_Phone/Content/Assets/WallWeapon/MI_WeaponOutlineMaster_Melee.uasset" 778
"../../../Engine/Content/EngineResources/Black_Low.uasset" 779
"../../../../UnrealEngine/Projects/WorldAtWar_Phone/Content/Weapons/WeaponEffects/Cascade/Materials/Knife/M_Add_Sprite_Master_DepthFade.uasset" 780
"../../../../UnrealEngine/Projects/WorldAtWar_Phone/Content/Weapons/WeaponEffects/Cascade/Textures/Knife/T_starFlare_01.uasset" 781
"../../../../UnrealEngine/Projects/WorldAtWar_Phone/Content/Weapons/WeaponEffects/Cascade/Materials/Knife/M_Flare_01_INST.uasset" 782
"../../../../UnrealEngine/Projects/WorldAtWar_Phone/Content/Weapons/WeaponEffects/Cascade/Textures/Knife/T_SoftFallOff.uasset" 783
"../../../../UnrealEngine/Projects/WorldAtWar_Phone/Content/Weapons/WeaponEffects/Cascade/Materials/Knife/M_Flare_03_INST.uasset" 784
"../../../../UnrealEngine/Projects/WorldAtWar_Phone/Content/Weapons/WeaponEffects/Cascade/Particles/P_HuntingKnife_Absorption.uasset" 785
"../../../../UnrealEngine/Projects/WorldAtWar_Phone/Content/Weapons/Knife/HuntingKnife/Textures/T_HuntingKnife_AORM.uasset" 786
"../../../../UnrealEngine/Projects/WorldAtWar_Phone/Content/Weapons/Knife/HuntingKnife/Textures/T_HuntingKnife_Normal.uasset" 787
"../../../../UnrealEngine/Projects/WorldAtWar_Phone/Content/Weapons/Knife/HuntingKnife/Textures/T_HuntingKnife_BaseColor.uasset" 788
"../../../../UnrealEngine/Projects/WorldAtWar_Phone/Content/Weapons/Knife/HuntingKnife/Textures/M_HuntingKnife.uasset" 789
"../../../../UnrealEngine/Projects/WorldAtWar_Phone/Content/Weapons/Knife/HuntingKnife/SM_HuntingKnife.uasset" 790
"../../../../UnrealEngine/Projects/WorldAtWar_Phone/Content/Audio/WeaponSounds/Knife/S_HuntingKnife_Absorption.uasset" 791
"../../../../UnrealEngine/Projects/WorldAtWar_Phone/Content/Weapons/Knife/HuntingKnife/BP_HuntingKnife.uasset" 792
"../../../../UnrealEngine/Projects/WorldAtWar_Phone/Content/BlueprintClasses/Useables/BP_WallWeapon_Knife.uasset" 793
"../../../../UnrealEngine/Projects/WorldAtWar_Phone/Content/Assets/Textures/T_Smoke_Tiled_D.uasset" 794
"../../../Engine/Content/EngineSky/T_Sky_Stars.uasset" 795
"../../../../UnrealEngine/Projects/WorldAtWar_Phone/Content/Assets/M_Stars1.uasset" 796
"../../../../UnrealEngine/Projects/WorldAtWar_Phone/Content/Maps/NaziZombies/FatalPit_BuiltData.uasset" 797
"../../../Engine/Content/EditorResources/Ai_Spawnpoint.uasset" 798
"../../../../UnrealEngine/Projects/WorldAtWar_Phone/Content/Assets/StarterContent/MobileStarterContent/Textures/T_Brick_Cut_Stone_D.uasset" 799
"../../../../UnrealEngine/Projects/WorldAtWar_Phone/Content/Assets/StarterContent/MobileStarterContent/Textures/T_Brick_Cut_Stone_N.uasset" 800
"../../../../UnrealEngine/Projects/WorldAtWar_Phone/Content/Assets/StarterContent/MobileStarterContent/Materials/M_Brick_Cut_Stone.uasset" 801
"../../../../UnrealEngine/Projects/WorldAtWar_Phone/Content/Assets/Landscapes/Test/M_Landscape_test.uasset" 802
"../../../Engine/Content/BasicShapes/Cube.uasset" 803
"../../../../UnrealEngine/Projects/WorldAtWar_Phone/Content/Assets/StarterContent/MobileStarterContent/Materials/M_Brick_Cut_Stone_Shine.uasset" 804
"../../../../UnrealEngine/Projects/WorldAtWar_Phone/Content/Maps/NaziZombies/FatalPit.umap" 805
"../../../Engine/Content/Maps/Entry_BuiltData.uasset" 806
"../../../Engine/Content/Maps/Entry.umap" 807
